\BOOKMARK [1][-]{section.1}{\376\377\000I\000n\000t\000r\000o\000d\000u\000c\000t\000i\000o\000n}{}% 1
\BOOKMARK [2][-]{subsection.1.1}{\376\377\000T\000h\000e\000\040\000F\000o\000r\000w\000a\000r\000d\000-\000S\000i\000m\000u\000l\000a\000t\000i\000o\000n\000\040\000P\000a\000r\000a\000d\000i\000g\000m}{section.1}% 2
\BOOKMARK [2][-]{subsection.1.2}{\376\377\000L\000i\000m\000i\000t\000a\000t\000i\000o\000n\000s\000\040\000o\000f\000\040\000F\000o\000r\000w\000a\000r\000d\000\040\000S\000i\000m\000u\000l\000a\000t\000i\000o\000n}{section.1}% 3
\BOOKMARK [2][-]{subsection.1.3}{\376\377\000T\000h\000e\000\040\000P\000a\000r\000t\000i\000t\000i\000o\000n\000\040\000S\000y\000n\000t\000h\000e\000s\000i\000s\000\040\000A\000l\000t\000e\000r\000n\000a\000t\000i\000v\000e}{section.1}% 4
\BOOKMARK [2][-]{subsection.1.4}{\376\377\000T\000h\000r\000e\000e\000-\000D\000i\000m\000e\000n\000s\000i\000o\000n\000a\000l\000\040\000S\000-\000E\000n\000t\000r\000o\000p\000y\000\040\000S\000p\000a\000c\000e}{section.1}% 5
\BOOKMARK [2][-]{subsection.1.5}{\376\377\000T\000e\000r\000n\000a\000r\000y\000\040\000R\000e\000p\000r\000e\000s\000e\000n\000t\000a\000t\000i\000o\000n}{section.1}% 6
\BOOKMARK [2][-]{subsection.1.6}{\376\377\000C\000o\000n\000t\000r\000i\000b\000u\000t\000i\000o\000n\000s\000\040\000a\000n\000d\000\040\000O\000u\000t\000l\000i\000n\000e}{section.1}% 7
\BOOKMARK [1][-]{section.2}{\376\377\000M\000a\000t\000h\000e\000m\000a\000t\000i\000c\000a\000l\000\040\000F\000o\000u\000n\000d\000a\000t\000i\000o\000n\000s}{}% 8
\BOOKMARK [2][-]{subsection.2.1}{\376\377\000S\000-\000E\000n\000t\000r\000o\000p\000y\000\040\000C\000o\000o\000r\000d\000i\000n\000a\000t\000e\000\040\000S\000p\000a\000c\000e}{section.2}% 9
\BOOKMARK [2][-]{subsection.2.2}{\376\377\000T\000e\000r\000n\000a\000r\000y\000\040\000A\000d\000d\000r\000e\000s\000s\000e\000s}{section.2}% 10
\BOOKMARK [2][-]{subsection.2.3}{\376\377\000C\000e\000l\000l\000\040\000P\000a\000r\000t\000i\000t\000i\000o\000n\000\040\000H\000i\000e\000r\000a\000r\000c\000h\000y}{section.2}% 11
\BOOKMARK [2][-]{subsection.2.4}{\376\377\000A\000d\000d\000r\000e\000s\000s\000-\000C\000o\000o\000r\000d\000i\000n\000a\000t\000e\000\040\000M\000a\000p\000p\000i\000n\000g}{section.2}% 12
\BOOKMARK [2][-]{subsection.2.5}{\376\377\000C\000o\000n\000t\000i\000n\000u\000o\000u\000s\000\040\000E\000m\000e\000r\000g\000e\000n\000c\000e\000\040\000a\000n\000d\000\040\000t\000h\000e\000\040\000D\000i\000s\000c\000r\000e\000t\000e\000-\000C\000o\000n\000t\000i\000n\000u\000o\000u\000s\000\040\000B\000r\000i\000d\000g\000e}{section.2}% 13
\BOOKMARK [1][-]{section.3}{\376\377\000P\000a\000r\000t\000i\000t\000i\000o\000n\000\040\000D\000e\000t\000e\000r\000m\000i\000n\000i\000s\000m}{}% 14
\BOOKMARK [2][-]{subsection.3.1}{\376\377\000T\000h\000e\000\040\000D\000e\000t\000e\000r\000m\000i\000n\000i\000s\000m\000\040\000A\000x\000i\000o\000m}{section.3}% 15
\BOOKMARK [2][-]{subsection.3.2}{\376\377\000O\000b\000s\000e\000r\000v\000a\000b\000l\000e\000\040\000E\000x\000t\000r\000a\000c\000t\000i\000o\000n\000\040\000F\000u\000n\000c\000t\000i\000o\000n\000s}{section.3}% 16
\BOOKMARK [3][-]{subsubsection.3.2.1}{\376\377\000M\000a\000s\000s\000\040\000F\000u\000n\000c\000t\000i\000o\000n}{subsection.3.2}% 17
\BOOKMARK [3][-]{subsubsection.3.2.2}{\376\377\000R\000e\000t\000e\000n\000t\000i\000o\000n\000\040\000F\000u\000n\000c\000t\000i\000o\000n}{subsection.3.2}% 18
\BOOKMARK [3][-]{subsubsection.3.2.3}{\376\377\000F\000r\000a\000g\000m\000e\000n\000t\000a\000t\000i\000o\000n\000\040\000F\000u\000n\000c\000t\000i\000o\000n}{subsection.3.2}% 19
\BOOKMARK [3][-]{subsubsection.3.2.4}{\376\377\000I\000s\000o\000t\000o\000p\000e\000\040\000F\000u\000n\000c\000t\000i\000o\000n}{subsection.3.2}% 20
\BOOKMARK [2][-]{subsection.3.3}{\376\377\000T\000h\000e\000\040\000P\000a\000r\000t\000i\000t\000i\000o\000n\000\040\000D\000e\000t\000e\000r\000m\000i\000n\000i\000s\000m\000\040\000T\000h\000e\000o\000r\000e\000m}{section.3}% 21
\BOOKMARK [2][-]{subsection.3.4}{\376\377\000C\000o\000m\000p\000a\000r\000i\000s\000o\000n\000\040\000t\000o\000\040\000P\000h\000y\000s\000i\000c\000a\000l\000\040\000D\000e\000t\000e\000r\000m\000i\000n\000i\000s\000m}{section.3}% 22
\BOOKMARK [1][-]{section.4}{\376\377\000T\000r\000a\000j\000e\000c\000t\000o\000r\000y\000-\000P\000o\000s\000i\000t\000i\000o\000n\000\040\000E\000q\000u\000i\000v\000a\000l\000e\000n\000c\000e}{}% 23
\BOOKMARK [2][-]{subsection.4.1}{\376\377\000T\000h\000e\000\040\000S\000e\000p\000a\000r\000a\000t\000i\000o\000n\000\040\000i\000n\000\040\000C\000l\000a\000s\000s\000i\000c\000a\000l\000\040\000C\000o\000m\000p\000u\000t\000i\000n\000g}{section.4}% 24
\BOOKMARK [2][-]{subsection.4.2}{\376\377\000U\000n\000i\000f\000i\000e\000d\000\040\000R\000e\000p\000r\000e\000s\000e\000n\000t\000a\000t\000i\000o\000n\000\040\000i\000n\000\040\000T\000e\000r\000n\000a\000r\000y\000\040\000S\000-\000S\000p\000a\000c\000e}{section.4}% 25
\BOOKMARK [2][-]{subsection.4.3}{\376\377\000P\000h\000y\000s\000i\000c\000a\000l\000\040\000I\000n\000t\000e\000r\000p\000r\000e\000t\000a\000t\000i\000o\000n\000:\000\040\000M\000e\000a\000s\000u\000r\000e\000m\000e\000n\000t\000\040\000a\000s\000\040\000T\000r\000a\000j\000e\000c\000t\000o\000r\000y}{section.4}% 26
\BOOKMARK [2][-]{subsection.4.4}{\376\377\000T\000r\000a\000j\000e\000c\000t\000o\000r\000y\000\040\000C\000o\000m\000p\000l\000e\000t\000i\000o\000n\000:\000\040\000T\000h\000e\000\040\000I\000n\000v\000e\000r\000s\000e\000\040\000P\000r\000o\000b\000l\000e\000m}{section.4}% 27
\BOOKMARK [2][-]{subsection.4.5}{\376\377\000I\000m\000p\000l\000i\000c\000a\000t\000i\000o\000n\000s\000\040\000f\000o\000r\000\040\000C\000o\000m\000p\000u\000t\000a\000t\000i\000o\000n\000a\000l\000\040\000A\000r\000c\000h\000i\000t\000e\000c\000t\000u\000r\000e}{section.4}% 28
\BOOKMARK [1][-]{section.5}{\376\377\000O\000b\000s\000e\000r\000v\000a\000b\000l\000e\000\040\000E\000x\000t\000r\000a\000c\000t\000i\000o\000n}{}% 29
\BOOKMARK [2][-]{subsection.5.1}{\376\377\000P\000a\000r\000t\000i\000t\000i\000o\000n\000\040\000Q\000u\000a\000n\000t\000u\000m\000\040\000N\000u\000m\000b\000e\000r\000s}{section.5}% 30
\BOOKMARK [2][-]{subsection.5.2}{\376\377\000M\000a\000s\000s\000\040\000E\000x\000t\000r\000a\000c\000t\000i\000o\000n}{section.5}% 31
\BOOKMARK [2][-]{subsection.5.3}{\376\377\000R\000e\000t\000e\000n\000t\000i\000o\000n\000\040\000T\000i\000m\000e\000\040\000E\000x\000t\000r\000a\000c\000t\000i\000o\000n}{section.5}% 32
\BOOKMARK [2][-]{subsection.5.4}{\376\377\000F\000r\000a\000g\000m\000e\000n\000t\000a\000t\000i\000o\000n\000\040\000E\000x\000t\000r\000a\000c\000t\000i\000o\000n}{section.5}% 33
\BOOKMARK [2][-]{subsection.5.5}{\376\377\000I\000s\000o\000t\000o\000p\000e\000\040\000P\000a\000t\000t\000e\000r\000n\000\040\000E\000x\000t\000r\000a\000c\000t\000i\000o\000n}{section.5}% 34
\BOOKMARK [1][-]{section.6}{\376\377\000M\000a\000s\000s\000S\000c\000r\000i\000p\000t\000\040\000L\000a\000n\000g\000u\000a\000g\000e}{}% 35
\BOOKMARK [2][-]{subsection.6.1}{\376\377\000L\000a\000n\000g\000u\000a\000g\000e\000\040\000D\000e\000s\000i\000g\000n\000\040\000P\000r\000i\000n\000c\000i\000p\000l\000e\000s}{section.6}% 36
\BOOKMARK [2][-]{subsection.6.2}{\376\377\000S\000y\000n\000t\000a\000x\000\040\000a\000n\000d\000\040\000G\000r\000a\000m\000m\000a\000r}{section.6}% 37
\BOOKMARK [2][-]{subsection.6.3}{\376\377\000S\000e\000m\000a\000n\000t\000i\000c\000\040\000D\000e\000f\000i\000n\000i\000t\000i\000o\000n\000s}{section.6}% 38
\BOOKMARK [2][-]{subsection.6.4}{\376\377\000E\000x\000a\000m\000p\000l\000e\000\040\000P\000r\000o\000g\000r\000a\000m\000s}{section.6}% 39
\BOOKMARK [3][-]{subsubsection.6.4.1}{\376\377\000P\000h\000o\000s\000p\000h\000o\000l\000i\000p\000i\000d\000\040\000A\000n\000a\000l\000y\000s\000i\000s}{subsection.6.4}% 40
\BOOKMARK [3][-]{subsubsection.6.4.2}{\376\377\000V\000i\000r\000t\000u\000a\000l\000\040\000L\000C\000-\000M\000S\000/\000M\000S\000\040\000E\000x\000p\000e\000r\000i\000m\000e\000n\000t}{subsection.6.4}% 41
\BOOKMARK [3][-]{subsubsection.6.4.3}{\376\377\000M\000e\000t\000a\000b\000o\000l\000i\000t\000e\000\040\000S\000c\000r\000e\000e\000n\000i\000n\000g}{subsection.6.4}% 42
\BOOKMARK [2][-]{subsection.6.5}{\376\377\000C\000o\000m\000p\000i\000l\000a\000t\000i\000o\000n\000\040\000a\000n\000d\000\040\000E\000x\000e\000c\000u\000t\000i\000o\000n}{section.6}% 43
\BOOKMARK [2][-]{subsection.6.6}{\376\377\000C\000o\000m\000p\000a\000r\000i\000s\000o\000n\000\040\000t\000o\000\040\000P\000h\000y\000s\000i\000c\000a\000l\000\040\000E\000x\000p\000e\000r\000i\000m\000e\000n\000t\000s}{section.6}% 44
\BOOKMARK [2][-]{subsection.6.7}{\376\377\000I\000m\000p\000l\000e\000m\000e\000n\000t\000a\000t\000i\000o\000n\000\040\000a\000n\000d\000\040\000P\000e\000r\000f\000o\000r\000m\000a\000n\000c\000e}{section.6}% 45
\BOOKMARK [1][-]{section.7}{\376\377\000E\000x\000p\000e\000r\000i\000m\000e\000n\000t\000a\000l\000\040\000V\000a\000l\000i\000d\000a\000t\000i\000o\000n}{}% 46
\BOOKMARK [2][-]{subsection.7.1}{\376\377\000V\000a\000l\000i\000d\000a\000t\000i\000o\000n\000\040\000S\000t\000r\000a\000t\000e\000g\000y}{section.7}% 47
\BOOKMARK [2][-]{subsection.7.2}{\376\377\000R\000e\000f\000e\000r\000e\000n\000c\000e\000\040\000D\000a\000t\000a\000b\000a\000s\000e\000\040\000V\000a\000l\000i\000d\000a\000t\000i\000o\000n}{section.7}% 48
\BOOKMARK [3][-]{subsubsection.7.2.1}{\376\377\000D\000a\000t\000a\000s\000e\000t\000s}{subsection.7.2}% 49
\BOOKMARK [3][-]{subsubsection.7.2.2}{\376\377\000V\000a\000l\000i\000d\000a\000t\000i\000o\000n\000\040\000P\000r\000o\000t\000o\000c\000o\000l}{subsection.7.2}% 50
\BOOKMARK [3][-]{subsubsection.7.2.3}{\376\377\000M\000a\000s\000s\000\040\000A\000c\000c\000u\000r\000a\000c\000y\000\040\000R\000e\000s\000u\000l\000t\000s}{subsection.7.2}% 51
\BOOKMARK [3][-]{subsubsection.7.2.4}{\376\377\000R\000e\000t\000e\000n\000t\000i\000o\000n\000\040\000T\000i\000m\000e\000\040\000A\000c\000c\000u\000r\000a\000c\000y\000\040\000R\000e\000s\000u\000l\000t\000s}{subsection.7.2}% 52
\BOOKMARK [3][-]{subsubsection.7.2.5}{\376\377\000F\000r\000a\000g\000m\000e\000n\000t\000\040\000P\000r\000e\000d\000i\000c\000t\000i\000o\000n\000\040\000A\000c\000c\000u\000r\000a\000c\000y}{subsection.7.2}% 53
\BOOKMARK [3][-]{subsubsection.7.2.6}{\376\377\000I\000s\000o\000t\000o\000p\000e\000\040\000P\000a\000t\000t\000e\000r\000n\000\040\000A\000c\000c\000u\000r\000a\000c\000y}{subsection.7.2}% 54
\BOOKMARK [2][-]{subsection.7.3}{\376\377\000C\000r\000o\000s\000s\000-\000P\000l\000a\000t\000f\000o\000r\000m\000\040\000V\000a\000l\000i\000d\000a\000t\000i\000o\000n}{section.7}% 55
\BOOKMARK [3][-]{subsubsection.7.3.1}{\376\377\000I\000n\000s\000t\000r\000u\000m\000e\000n\000t\000\040\000P\000l\000a\000t\000f\000o\000r\000m\000s}{subsection.7.3}% 56
\BOOKMARK [3][-]{subsubsection.7.3.2}{\376\377\000P\000l\000a\000t\000f\000o\000r\000m\000\040\000C\000o\000n\000s\000i\000s\000t\000e\000n\000c\000y\000\040\000R\000e\000s\000u\000l\000t\000s}{subsection.7.3}% 57
\BOOKMARK [2][-]{subsection.7.4}{\376\377\000R\000a\000w\000\040\000D\000a\000t\000a\000\040\000P\000i\000p\000e\000l\000i\000n\000e\000\040\000V\000a\000l\000i\000d\000a\000t\000i\000o\000n}{section.7}% 58
\BOOKMARK [3][-]{subsubsection.7.4.1}{\376\377\000D\000a\000t\000a\000s\000e\000t\000\040\000C\000h\000a\000r\000a\000c\000t\000e\000r\000i\000s\000t\000i\000c\000s}{subsection.7.4}% 59
\BOOKMARK [3][-]{subsubsection.7.4.2}{\376\377\000S\000-\000E\000n\000t\000r\000o\000p\000y\000\040\000C\000o\000o\000r\000d\000i\000n\000a\000t\000e\000\040\000E\000x\000t\000r\000a\000c\000t\000i\000o\000n}{subsection.7.4}% 60
\BOOKMARK [3][-]{subsubsection.7.4.3}{\376\377\000P\000h\000y\000s\000i\000c\000s\000\040\000P\000a\000r\000a\000m\000e\000t\000e\000r\000\040\000E\000x\000t\000r\000a\000c\000t\000i\000o\000n}{subsection.7.4}% 61
\BOOKMARK [3][-]{subsubsection.7.4.4}{\376\377\000M\000e\000m\000o\000r\000y\000\040\000A\000d\000d\000r\000e\000s\000s\000\040\000E\000n\000c\000o\000d\000i\000n\000g}{subsection.7.4}% 62
\BOOKMARK [3][-]{subsubsection.7.4.5}{\376\377\000P\000i\000p\000e\000l\000i\000n\000e\000\040\000S\000t\000a\000g\000e\000\040\000E\000x\000e\000c\000u\000t\000i\000o\000n}{subsection.7.4}% 63
\BOOKMARK [2][-]{subsection.7.5}{\376\377\000O\000v\000e\000r\000a\000l\000l\000\040\000P\000e\000r\000f\000o\000r\000m\000a\000n\000c\000e\000\040\000S\000u\000m\000m\000a\000r\000y}{section.7}% 64
\BOOKMARK [2][-]{subsection.7.6}{\376\377\000C\000o\000m\000p\000u\000t\000a\000t\000i\000o\000n\000a\000l\000\040\000P\000e\000r\000f\000o\000r\000m\000a\000n\000c\000e}{section.7}% 65
\BOOKMARK [1][-]{section.8}{\376\377\000I\000m\000p\000l\000e\000m\000e\000n\000t\000a\000t\000i\000o\000n}{}% 66
\BOOKMARK [2][-]{subsection.8.1}{\376\377\000A\000r\000c\000h\000i\000t\000e\000c\000t\000u\000r\000e\000\040\000O\000v\000e\000r\000v\000i\000e\000w}{section.8}% 67
\BOOKMARK [2][-]{subsection.8.2}{\376\377\000C\000o\000r\000e\000\040\000D\000a\000t\000a\000\040\000S\000t\000r\000u\000c\000t\000u\000r\000e\000s}{section.8}% 68
\BOOKMARK [3][-]{subsubsection.8.2.1}{\376\377\000T\000e\000r\000n\000a\000r\000y\000\040\000A\000d\000d\000r\000e\000s\000s\000\040\000R\000e\000p\000r\000e\000s\000e\000n\000t\000a\000t\000i\000o\000n}{subsection.8.2}% 69
\BOOKMARK [3][-]{subsubsection.8.2.2}{\376\377\000S\000p\000e\000c\000t\000r\000u\000m\000\040\000D\000a\000t\000a\000\040\000S\000t\000r\000u\000c\000t\000u\000r\000e}{subsection.8.2}% 70
\BOOKMARK [3][-]{subsubsection.8.2.3}{\376\377\000O\000b\000s\000e\000r\000v\000a\000b\000l\000e\000\040\000E\000x\000t\000r\000a\000c\000t\000i\000o\000n}{subsection.8.2}% 71
\BOOKMARK [2][-]{subsection.8.3}{\376\377\000M\000a\000s\000s\000S\000c\000r\000i\000p\000t\000\040\000I\000n\000t\000e\000r\000p\000r\000e\000t\000e\000r}{section.8}% 72
\BOOKMARK [2][-]{subsection.8.4}{\376\377\000P\000e\000r\000f\000o\000r\000m\000a\000n\000c\000e\000\040\000O\000p\000t\000i\000m\000i\000z\000a\000t\000i\000o\000n}{section.8}% 73
\BOOKMARK [3][-]{subsubsection.8.4.1}{\376\377\000P\000y\000t\000h\000o\000n\000\040\000O\000p\000t\000i\000m\000i\000z\000a\000t\000i\000o\000n\000s}{subsection.8.4}% 74
\BOOKMARK [3][-]{subsubsection.8.4.2}{\376\377\000R\000u\000s\000t\000\040\000O\000p\000t\000i\000m\000i\000z\000a\000t\000i\000o\000n\000s}{subsection.8.4}% 75
\BOOKMARK [3][-]{subsubsection.8.4.3}{\376\377\000P\000e\000r\000f\000o\000r\000m\000a\000n\000c\000e\000\040\000B\000e\000n\000c\000h\000m\000a\000r\000k\000s}{subsection.8.4}% 76
\BOOKMARK [2][-]{subsection.8.5}{\376\377\000S\000o\000f\000t\000w\000a\000r\000e\000\040\000D\000i\000s\000t\000r\000i\000b\000u\000t\000i\000o\000n}{section.8}% 77
\BOOKMARK [1][-]{section.9}{\376\377\000D\000i\000s\000c\000u\000s\000s\000i\000o\000n}{}% 78
\BOOKMARK [2][-]{subsection.9.1}{\376\377\000T\000h\000e\000o\000r\000e\000t\000i\000c\000a\000l\000\040\000I\000m\000p\000l\000i\000c\000a\000t\000i\000o\000n\000s}{section.9}% 79
\BOOKMARK [3][-]{subsubsection.9.1.1}{\376\377\000M\000a\000s\000s\000\040\000S\000p\000e\000c\000t\000r\000o\000m\000e\000t\000r\000y\000\040\000a\000s\000\040\000I\000n\000t\000r\000i\000n\000s\000i\000c\000a\000l\000l\000y\000\040\000D\000i\000g\000i\000t\000a\000l}{subsection.9.1}% 80
\BOOKMARK [3][-]{subsubsection.9.1.2}{\376\377\000T\000e\000r\000n\000a\000r\000y\000\040\000R\000e\000p\000r\000e\000s\000e\000n\000t\000a\000t\000i\000o\000n\000\040\000a\000s\000\040\000N\000a\000t\000u\000r\000a\000l\000\040\000B\000a\000s\000i\000s}{subsection.9.1}% 81
\BOOKMARK [3][-]{subsubsection.9.1.3}{\376\377\000D\000e\000t\000e\000r\000m\000i\000n\000i\000s\000m\000\040\000W\000i\000t\000h\000o\000u\000t\000\040\000D\000i\000f\000f\000e\000r\000e\000n\000t\000i\000a\000l\000\040\000E\000q\000u\000a\000t\000i\000o\000n\000s}{subsection.9.1}% 82
\BOOKMARK [2][-]{subsection.9.2}{\376\377\000L\000i\000m\000i\000t\000a\000t\000i\000o\000n\000s\000\040\000a\000n\000d\000\040\000F\000u\000t\000u\000r\000e\000\040\000D\000i\000r\000e\000c\000t\000i\000o\000n\000s}{section.9}% 83
\BOOKMARK [3][-]{subsubsection.9.2.1}{\376\377\000C\000u\000r\000r\000e\000n\000t\000\040\000L\000i\000m\000i\000t\000a\000t\000i\000o\000n\000s}{subsection.9.2}% 84
\BOOKMARK [3][-]{subsubsection.9.2.2}{\376\377\000E\000x\000t\000e\000n\000s\000i\000o\000n\000s\000\040\000t\000o\000\040\000O\000t\000h\000e\000r\000\040\000A\000n\000a\000l\000y\000t\000i\000c\000a\000l\000\040\000T\000e\000c\000h\000n\000i\000q\000u\000e\000s}{subsection.9.2}% 85
\BOOKMARK [3][-]{subsubsection.9.2.3}{\376\377\000Q\000u\000a\000n\000t\000u\000m\000\040\000C\000o\000m\000p\000u\000t\000i\000n\000g\000\040\000I\000m\000p\000l\000e\000m\000e\000n\000t\000a\000t\000i\000o\000n}{subsection.9.2}% 86
\BOOKMARK [3][-]{subsubsection.9.2.4}{\376\377\000T\000e\000r\000n\000a\000r\000y\000\040\000H\000a\000r\000d\000w\000a\000r\000e\000\040\000A\000c\000c\000e\000l\000e\000r\000a\000t\000i\000o\000n}{subsection.9.2}% 87
\BOOKMARK [2][-]{subsection.9.3}{\376\377\000C\000o\000n\000c\000l\000u\000s\000i\000o\000n\000\040\000o\000f\000\040\000D\000i\000s\000c\000u\000s\000s\000i\000o\000n}{section.9}% 88
\BOOKMARK [1][-]{section.10}{\376\377\000C\000o\000n\000c\000l\000u\000s\000i\000o\000n}{}% 89
\BOOKMARK [2][-]{subsection.10.1}{\376\377\000S\000u\000m\000m\000a\000r\000y\000\040\000o\000f\000\040\000C\000o\000n\000t\000r\000i\000b\000u\000t\000i\000o\000n\000s}{section.10}% 90
\BOOKMARK [2][-]{subsection.10.2}{\376\377\000C\000o\000m\000p\000a\000r\000i\000s\000o\000n\000\040\000w\000i\000t\000h\000\040\000S\000I\000M\000I\000O\000N}{section.10}% 91
\BOOKMARK [2][-]{subsection.10.3}{\376\377\000C\000o\000n\000c\000l\000u\000d\000i\000n\000g\000\040\000R\000e\000m\000a\000r\000k\000s}{section.10}% 92
