\BOOKMARK [1][-]{section.1}{\376\377\000I\000n\000t\000r\000o\000d\000u\000c\000t\000i\000o\000n}{}% 1
\BOOKMARK [1][-]{section.2}{\376\377\000C\000a\000t\000e\000g\000o\000r\000i\000c\000a\000l\000\040\000M\000e\000c\000h\000a\000n\000i\000c\000s}{}% 2
\BOOKMARK [2][-]{subsection.2.1}{\376\377\000M\000o\000t\000i\000v\000a\000t\000i\000o\000n}{section.2}% 3
\BOOKMARK [2][-]{subsection.2.2}{\376\377\000P\000h\000y\000s\000i\000c\000a\000l\000\040\000B\000a\000s\000i\000s}{section.2}% 4
\BOOKMARK [2][-]{subsection.2.3}{\376\377\000C\000a\000t\000e\000g\000o\000r\000i\000c\000a\000l\000\040\000D\000i\000s\000t\000a\000n\000c\000e}{section.2}% 5
\BOOKMARK [2][-]{subsection.2.4}{\376\377\000O\000s\000c\000i\000l\000l\000a\000t\000o\000r\000-\000P\000r\000o\000c\000e\000s\000s\000o\000r\000\040\000D\000u\000a\000l\000i\000t\000y}{section.2}% 6
\BOOKMARK [2][-]{subsection.2.5}{\376\377\000Z\000e\000r\000o\000-\000B\000a\000c\000k\000a\000c\000t\000i\000o\000n\000\040\000Q\000u\000e\000r\000i\000e\000s}{section.2}% 7
\BOOKMARK [2][-]{subsection.2.6}{\376\377\000C\000a\000t\000e\000g\000o\000r\000i\000c\000a\000l\000\040\000D\000y\000n\000a\000m\000i\000c\000s}{section.2}% 8
\BOOKMARK [2][-]{subsection.2.7}{\376\377\000C\000o\000m\000p\000a\000r\000i\000s\000o\000n\000\040\000t\000o\000\040\000P\000h\000y\000s\000i\000c\000a\000l\000\040\000D\000y\000n\000a\000m\000i\000c\000s}{section.2}% 9
\BOOKMARK [1][-]{section.3}{\376\377\000P\000i\000x\000e\000l\000\040\000M\000a\000x\000w\000e\000l\000l\000\040\000D\000e\000m\000o\000n}{}% 10
\BOOKMARK [2][-]{subsection.3.1}{\376\377\000C\000o\000n\000c\000e\000p\000t}{section.3}% 11
\BOOKMARK [2][-]{subsection.3.2}{\376\377\000M\000o\000l\000e\000c\000u\000l\000a\000r\000\040\000D\000e\000m\000o\000n\000\040\000L\000a\000t\000t\000i\000c\000e}{section.3}% 12
\BOOKMARK [2][-]{subsection.3.3}{\376\377\000V\000i\000r\000t\000u\000a\000l\000\040\000D\000e\000t\000e\000c\000t\000o\000r\000s}{section.3}% 13
\BOOKMARK [3][-]{subsubsection.3.3.1}{\376\377\000V\000i\000r\000t\000u\000a\000l\000\040\000T\000h\000e\000r\000m\000o\000m\000e\000t\000e\000r}{subsection.3.3}% 14
\BOOKMARK [3][-]{subsubsection.3.3.2}{\376\377\000V\000i\000r\000t\000u\000a\000l\000\040\000B\000a\000r\000o\000m\000e\000t\000e\000r}{subsection.3.3}% 15
\BOOKMARK [3][-]{subsubsection.3.3.3}{\376\377\000V\000i\000r\000t\000u\000a\000l\000\040\000H\000y\000g\000r\000o\000m\000e\000t\000e\000r}{subsection.3.3}% 16
\BOOKMARK [3][-]{subsubsection.3.3.4}{\376\377\000V\000i\000r\000t\000u\000a\000l\000\040\000I\000R\000\040\000S\000p\000e\000c\000t\000r\000o\000m\000e\000t\000e\000r}{subsection.3.3}% 17
\BOOKMARK [3][-]{subsubsection.3.3.5}{\376\377\000V\000i\000r\000t\000u\000a\000l\000\040\000R\000a\000m\000a\000n\000\040\000S\000p\000e\000c\000t\000r\000o\000m\000e\000t\000e\000r}{subsection.3.3}% 18
\BOOKMARK [3][-]{subsubsection.3.3.6}{\376\377\000V\000i\000r\000t\000u\000a\000l\000\040\000M\000a\000s\000s\000\040\000S\000p\000e\000c\000t\000r\000o\000m\000e\000t\000e\000r}{subsection.3.3}% 19
\BOOKMARK [2][-]{subsection.3.4}{\376\377\000H\000y\000p\000o\000t\000h\000e\000s\000i\000s\000\040\000G\000e\000n\000e\000r\000a\000t\000i\000o\000n\000\040\000a\000n\000d\000\040\000V\000a\000l\000i\000d\000a\000t\000i\000o\000n}{section.3}% 20
\BOOKMARK [2][-]{subsection.3.5}{\376\377\000C\000o\000n\000s\000i\000l\000i\000e\000n\000c\000e\000\040\000E\000n\000g\000i\000n\000e}{section.3}% 21
\BOOKMARK [2][-]{subsection.3.6}{\376\377\000P\000i\000x\000e\000l\000\040\000D\000e\000m\000o\000n\000\040\000G\000r\000i\000d}{section.3}% 22
\BOOKMARK [2][-]{subsection.3.7}{\376\377\000T\000r\000a\000n\000s\000-\000P\000l\000a\000n\000c\000k\000i\000a\000n\000\040\000T\000e\000m\000p\000o\000r\000a\000l\000\040\000P\000r\000e\000c\000i\000s\000i\000o\000n}{section.3}% 23
\BOOKMARK [2][-]{subsection.3.8}{\376\377\000C\000o\000m\000p\000u\000t\000a\000t\000i\000o\000n\000a\000l\000\040\000C\000o\000m\000p\000l\000e\000x\000i\000t\000y}{section.3}% 24
\BOOKMARK [1][-]{section.4}{\376\377\000D\000u\000a\000l\000-\000M\000e\000m\000b\000r\000a\000n\000e\000\040\000P\000i\000x\000e\000l\000\040\000D\000e\000m\000o\000n}{}% 25
\BOOKMARK [2][-]{subsection.4.1}{\376\377\000M\000o\000t\000i\000v\000a\000t\000i\000o\000n}{section.4}% 26
\BOOKMARK [2][-]{subsection.4.2}{\376\377\000D\000u\000a\000l\000\040\000S\000t\000a\000t\000e\000\040\000D\000e\000f\000i\000n\000i\000t\000i\000o\000n}{section.4}% 27
\BOOKMARK [2][-]{subsection.4.3}{\376\377\000C\000o\000n\000j\000u\000g\000a\000t\000e\000\040\000T\000r\000a\000n\000s\000f\000o\000r\000m\000a\000t\000i\000o\000n\000s}{section.4}% 28
\BOOKMARK [3][-]{subsubsection.4.3.1}{\376\377\000P\000h\000a\000s\000e\000\040\000C\000o\000n\000j\000u\000g\000a\000t\000e}{subsection.4.3}% 29
\BOOKMARK [3][-]{subsubsection.4.3.2}{\376\377\000T\000e\000m\000p\000o\000r\000a\000l\000\040\000I\000n\000v\000e\000r\000s\000e}{subsection.4.3}% 30
\BOOKMARK [3][-]{subsubsection.4.3.3}{\376\377\000E\000v\000o\000l\000u\000t\000i\000o\000n\000\040\000C\000o\000m\000p\000l\000e\000m\000e\000n\000t}{subsection.4.3}% 31
\BOOKMARK [3][-]{subsubsection.4.3.4}{\376\377\000F\000u\000l\000l\000\040\000C\000o\000n\000j\000u\000g\000a\000t\000e}{subsection.4.3}% 32
\BOOKMARK [3][-]{subsubsection.4.3.5}{\376\377\000H\000a\000r\000m\000o\000n\000i\000c\000\040\000C\000o\000n\000j\000u\000g\000a\000t\000e}{subsection.4.3}% 33
\BOOKMARK [2][-]{subsection.4.4}{\376\377\000O\000b\000s\000e\000r\000v\000a\000b\000l\000e\000\040\000F\000a\000c\000e\000\040\000S\000w\000i\000t\000c\000h\000i\000n\000g}{section.4}% 34
\BOOKMARK [2][-]{subsection.4.5}{\376\377\000C\000a\000r\000b\000o\000n\000\040\000C\000o\000p\000y\000\040\000M\000e\000c\000h\000a\000n\000i\000s\000m}{section.4}% 35
\BOOKMARK [2][-]{subsection.4.6}{\376\377\000S\000y\000n\000c\000h\000r\000o\000n\000i\000z\000e\000d\000\040\000E\000v\000o\000l\000u\000t\000i\000o\000n}{section.4}% 36
\BOOKMARK [2][-]{subsection.4.7}{\376\377\000D\000u\000a\000l\000\040\000M\000o\000l\000e\000c\000u\000l\000a\000r\000\040\000D\000e\000m\000o\000n\000\040\000L\000a\000t\000t\000i\000c\000e}{section.4}% 37
\BOOKMARK [2][-]{subsection.4.8}{\376\377\000D\000u\000a\000l\000\040\000G\000r\000i\000d\000\040\000S\000t\000r\000u\000c\000t\000u\000r\000e}{section.4}% 38
\BOOKMARK [3][-]{subsubsection.4.8.1}{\376\377\000S\000y\000n\000c\000h\000r\000o\000n\000i\000z\000e\000d\000\040\000G\000r\000i\000d\000\040\000S\000w\000i\000t\000c\000h\000i\000n\000g}{subsection.4.8}% 39
\BOOKMARK [3][-]{subsubsection.4.8.2}{\376\377\000O\000b\000s\000e\000r\000v\000a\000b\000l\000e\000\040\000G\000r\000i\000d\000\040\000I\000m\000a\000g\000e}{subsection.4.8}% 40
\BOOKMARK [2][-]{subsection.4.9}{\376\377\000I\000n\000f\000o\000r\000m\000a\000t\000i\000o\000n\000\040\000D\000e\000n\000s\000i\000t\000y\000\040\000C\000o\000n\000s\000e\000r\000v\000a\000t\000i\000o\000n}{section.4}% 41
\BOOKMARK [2][-]{subsection.4.10}{\376\377\000C\000o\000n\000j\000u\000g\000a\000c\000y\000\040\000V\000e\000r\000i\000f\000i\000c\000a\000t\000i\000o\000n}{section.4}% 42
\BOOKMARK [2][-]{subsection.4.11}{\376\377\000P\000h\000y\000s\000i\000c\000a\000l\000\040\000I\000n\000t\000e\000r\000p\000r\000e\000t\000a\000t\000i\000o\000n}{section.4}% 43
\BOOKMARK [1][-]{section.5}{\376\377\000E\000l\000e\000c\000t\000r\000i\000c\000a\000l\000\040\000C\000i\000r\000c\000u\000i\000t\000\040\000C\000o\000m\000p\000l\000e\000m\000e\000n\000t\000a\000r\000i\000t\000y}{}% 44
\BOOKMARK [2][-]{subsection.5.1}{\376\377\000M\000o\000t\000i\000v\000a\000t\000i\000o\000n}{section.5}% 45
\BOOKMARK [2][-]{subsection.5.2}{\376\377\000T\000h\000e\000\040\000A\000m\000m\000e\000t\000e\000r\000/\000V\000o\000l\000t\000m\000e\000t\000e\000r\000\040\000C\000o\000n\000s\000t\000r\000a\000i\000n\000t}{section.5}% 46
\BOOKMARK [2][-]{subsection.5.3}{\376\377\000M\000e\000a\000s\000u\000r\000e\000m\000e\000n\000t\000\040\000v\000s\000.\000\040\000D\000e\000r\000i\000v\000a\000t\000i\000o\000n}{section.5}% 47
\BOOKMARK [3][-]{subsubsection.5.3.1}{\376\377\000A\000m\000m\000e\000t\000e\000r\000\040\000M\000o\000d\000e\000\040\000\050\000D\000i\000r\000e\000c\000t\000\040\000C\000u\000r\000r\000e\000n\000t\000\040\000M\000e\000a\000s\000u\000r\000e\000m\000e\000n\000t\000\051}{subsection.5.3}% 48
\BOOKMARK [3][-]{subsubsection.5.3.2}{\376\377\000V\000o\000l\000t\000m\000e\000t\000e\000r\000\040\000M\000o\000d\000e\000\040\000\050\000D\000i\000r\000e\000c\000t\000\040\000V\000o\000l\000t\000a\000g\000e\000\040\000M\000e\000a\000s\000u\000r\000e\000m\000e\000n\000t\000\051}{subsection.5.3}% 49
\BOOKMARK [2][-]{subsection.5.4}{\376\377\000M\000a\000p\000p\000i\000n\000g\000\040\000t\000o\000\040\000D\000u\000a\000l\000-\000M\000e\000m\000b\000r\000a\000n\000e}{section.5}% 50
\BOOKMARK [2][-]{subsection.5.5}{\376\377\000D\000u\000a\000l\000-\000M\000e\000m\000b\000r\000a\000n\000e\000\040\000a\000s\000\040\000E\000l\000e\000c\000t\000r\000i\000c\000a\000l\000\040\000C\000i\000r\000c\000u\000i\000t}{section.5}% 51
\BOOKMARK [2][-]{subsection.5.6}{\376\377\000C\000i\000r\000c\000u\000i\000t\000\040\000B\000a\000l\000a\000n\000c\000e}{section.5}% 52
\BOOKMARK [2][-]{subsection.5.7}{\376\377\000M\000e\000a\000s\000u\000r\000e\000m\000e\000n\000t\000\040\000I\000n\000c\000o\000m\000p\000a\000t\000i\000b\000i\000l\000i\000t\000y}{section.5}% 53
\BOOKMARK [2][-]{subsection.5.8}{\376\377\000C\000i\000r\000c\000u\000i\000t\000\040\000R\000e\000p\000r\000e\000s\000e\000n\000t\000a\000t\000i\000o\000n\000\040\000I\000m\000p\000l\000e\000m\000e\000n\000t\000a\000t\000i\000o\000n}{section.5}% 54
\BOOKMARK [2][-]{subsection.5.9}{\376\377\000O\000b\000s\000e\000r\000v\000a\000b\000l\000e\000\040\000v\000s\000.\000\040\000H\000i\000d\000d\000e\000n\000\040\000C\000o\000m\000p\000o\000n\000e\000n\000t\000s}{section.5}% 55
\BOOKMARK [2][-]{subsection.5.10}{\376\377\000P\000h\000y\000s\000i\000c\000a\000l\000\040\000S\000i\000g\000n\000i\000f\000i\000c\000a\000n\000c\000e}{section.5}% 56
\BOOKMARK [2][-]{subsection.5.11}{\376\377\000E\000x\000p\000e\000r\000i\000m\000e\000n\000t\000a\000l\000\040\000V\000a\000l\000i\000d\000a\000t\000i\000o\000n}{section.5}% 57
\BOOKMARK [2][-]{subsection.5.12}{\376\377\000G\000e\000n\000e\000r\000a\000l\000i\000z\000a\000t\000i\000o\000n}{section.5}% 58
\BOOKMARK [1][-]{section.6}{\376\377\000H\000a\000r\000m\000o\000n\000i\000c\000\040\000C\000o\000i\000n\000c\000i\000d\000e\000n\000c\000e\000\040\000N\000e\000t\000w\000o\000r\000k\000s}{}% 59
\BOOKMARK [2][-]{subsection.6.1}{\376\377\000M\000o\000t\000i\000v\000a\000t\000i\000o\000n}{section.6}% 60
\BOOKMARK [2][-]{subsection.6.2}{\376\377\000I\000n\000t\000e\000g\000e\000r\000\040\000F\000r\000e\000q\000u\000e\000n\000c\000y\000\040\000R\000a\000t\000i\000o\000s}{section.6}% 61
\BOOKMARK [2][-]{subsection.6.3}{\376\377\000C\000o\000i\000n\000c\000i\000d\000e\000n\000c\000e\000\040\000N\000e\000t\000w\000o\000r\000k\000\040\000C\000o\000n\000s\000t\000r\000u\000c\000t\000i\000o\000n}{section.6}% 62
\BOOKMARK [2][-]{subsection.6.4}{\376\377\000N\000e\000t\000w\000o\000r\000k\000-\000B\000a\000s\000e\000d\000\040\000Q\000u\000e\000r\000y}{section.6}% 63
\BOOKMARK [2][-]{subsection.6.5}{\376\377\000I\000n\000f\000o\000r\000m\000a\000t\000i\000o\000n\000\040\000D\000e\000n\000s\000i\000t\000y\000\040\000a\000t\000\040\000F\000r\000e\000q\000u\000e\000n\000c\000y}{section.6}% 64
\BOOKMARK [2][-]{subsection.6.6}{\376\377\000P\000h\000a\000s\000e\000\040\000C\000o\000h\000e\000r\000e\000n\000c\000e\000\040\000C\000l\000u\000s\000t\000e\000r\000s}{section.6}% 65
\BOOKMARK [2][-]{subsection.6.7}{\376\377\000C\000a\000s\000c\000a\000d\000e\000\040\000N\000e\000t\000w\000o\000r\000k\000\040\000E\000n\000h\000a\000n\000c\000e\000m\000e\000n\000t}{section.6}% 66
\BOOKMARK [2][-]{subsection.6.8}{\376\377\000N\000e\000t\000w\000o\000r\000k\000\040\000S\000p\000a\000r\000s\000i\000t\000y}{section.6}% 67
\BOOKMARK [2][-]{subsection.6.9}{\376\377\000R\000e\000a\000l\000-\000T\000i\000m\000e\000\040\000Q\000u\000e\000r\000y\000\040\000P\000e\000r\000f\000o\000r\000m\000a\000n\000c\000e}{section.6}% 68
\BOOKMARK [2][-]{subsection.6.10}{\376\377\000N\000e\000t\000w\000o\000r\000k\000-\000A\000c\000c\000e\000l\000e\000r\000a\000t\000e\000d\000\040\000I\000m\000a\000g\000e\000\040\000P\000r\000o\000c\000e\000s\000s\000i\000n\000g}{section.6}% 69
\BOOKMARK [2][-]{subsection.6.11}{\376\377\000N\000e\000t\000w\000o\000r\000k\000\040\000T\000o\000p\000o\000l\000o\000g\000y\000\040\000a\000n\000d\000\040\000I\000n\000f\000o\000r\000m\000a\000t\000i\000o\000n\000\040\000F\000l\000o\000w}{section.6}% 70
\BOOKMARK [2][-]{subsection.6.12}{\376\377\000A\000p\000p\000l\000i\000c\000a\000t\000i\000o\000n\000\040\000t\000o\000\040\000D\000u\000a\000l\000-\000M\000e\000m\000b\000r\000a\000n\000e}{section.6}% 71
\BOOKMARK [1][-]{section.7}{\376\377\000I\000m\000a\000g\000e\000\040\000P\000r\000o\000c\000e\000s\000s\000i\000n\000g\000\040\000M\000e\000t\000h\000o\000d\000s}{}% 72
\BOOKMARK [2][-]{subsection.7.1}{\376\377\000D\000u\000a\000l\000-\000M\000e\000m\000b\000r\000a\000n\000e\000\040\000I\000m\000a\000g\000e\000\040\000R\000e\000p\000r\000e\000s\000e\000n\000t\000a\000t\000i\000o\000n}{section.7}% 73
\BOOKMARK [2][-]{subsection.7.2}{\376\377\000I\000m\000a\000g\000e\000\040\000L\000o\000a\000d\000i\000n\000g\000\040\000a\000n\000d\000\040\000C\000o\000n\000v\000e\000r\000s\000i\000o\000n}{section.7}% 74
\BOOKMARK [3][-]{subsubsection.7.2.1}{\376\377\000G\000r\000a\000y\000s\000c\000a\000l\000e\000\040\000C\000o\000n\000v\000e\000r\000s\000i\000o\000n}{subsection.7.2}% 75
\BOOKMARK [3][-]{subsubsection.7.2.2}{\376\377\000C\000a\000t\000e\000g\000o\000r\000i\000c\000a\000l\000\040\000S\000t\000a\000t\000e\000\040\000I\000n\000i\000t\000i\000a\000l\000i\000z\000a\000t\000i\000o\000n}{subsection.7.2}% 76
\BOOKMARK [2][-]{subsection.7.3}{\376\377\000F\000r\000o\000n\000t\000\040\000a\000n\000d\000\040\000B\000a\000c\000k\000\040\000F\000a\000c\000e\000\040\000E\000x\000t\000r\000a\000c\000t\000i\000o\000n}{section.7}% 77
\BOOKMARK [3][-]{subsubsection.7.3.1}{\376\377\000I\000n\000f\000o\000r\000m\000a\000t\000i\000o\000n\000\040\000D\000e\000n\000s\000i\000t\000y\000\040\000I\000m\000a\000g\000e\000s}{subsection.7.3}% 78
\BOOKMARK [3][-]{subsubsection.7.3.2}{\376\377\000S\000-\000C\000o\000o\000r\000d\000i\000n\000a\000t\000e\000\040\000I\000m\000a\000g\000e\000s}{subsection.7.3}% 79
\BOOKMARK [2][-]{subsection.7.4}{\376\377\000C\000o\000n\000j\000u\000g\000a\000c\000y\000\040\000V\000e\000r\000i\000f\000i\000c\000a\000t\000i\000o\000n}{section.7}% 80
\BOOKMARK [2][-]{subsection.7.5}{\376\377\000I\000m\000a\000g\000e\000\040\000S\000t\000a\000t\000i\000s\000t\000i\000c\000s}{section.7}% 81
\BOOKMARK [2][-]{subsection.7.6}{\376\377\000C\000r\000o\000s\000s\000-\000O\000b\000s\000e\000r\000v\000e\000r\000\040\000V\000a\000l\000i\000d\000a\000t\000i\000o\000n}{section.7}% 82
\BOOKMARK [2][-]{subsection.7.7}{\376\377\000R\000e\000a\000l\000\040\000I\000m\000a\000g\000e\000\040\000V\000a\000l\000i\000d\000a\000t\000i\000o\000n}{section.7}% 83
\BOOKMARK [3][-]{subsubsection.7.7.1}{\376\377\000T\000e\000s\000t\000\040\000I\000m\000a\000g\000e\000s}{subsection.7.7}% 84
\BOOKMARK [3][-]{subsubsection.7.7.2}{\376\377\000P\000r\000o\000c\000e\000s\000s\000i\000n\000g\000\040\000P\000i\000p\000e\000l\000i\000n\000e}{subsection.7.7}% 85
\BOOKMARK [2][-]{subsection.7.8}{\376\377\000A\000e\000s\000t\000h\000e\000t\000i\000c\000\040\000P\000r\000o\000p\000e\000r\000t\000y\000\040\000D\000e\000t\000e\000c\000t\000i\000o\000n}{section.7}% 86
\BOOKMARK [2][-]{subsection.7.9}{\376\377\000O\000b\000s\000e\000r\000v\000e\000r\000\040\000C\000o\000n\000v\000e\000r\000g\000e\000n\000c\000e}{section.7}% 87
\BOOKMARK [2][-]{subsection.7.10}{\376\377\000C\000o\000m\000p\000u\000t\000a\000t\000i\000o\000n\000a\000l\000\040\000P\000e\000r\000f\000o\000r\000m\000a\000n\000c\000e}{section.7}% 88
\BOOKMARK [2][-]{subsection.7.11}{\376\377\000D\000a\000t\000a\000\040\000P\000e\000r\000s\000i\000s\000t\000e\000n\000c\000e}{section.7}% 89
\BOOKMARK [2][-]{subsection.7.12}{\376\377\000A\000p\000p\000l\000i\000c\000a\000t\000i\000o\000n\000\040\000t\000o\000\040\000M\000i\000c\000r\000o\000s\000c\000o\000p\000y}{section.7}% 90
\BOOKMARK [1][-]{section.8}{\376\377\000C\000o\000n\000c\000l\000u\000s\000i\000o\000n}{}% 91
