\BOOKMARK [1][-]{section.1}{\376\377\000I\000n\000t\000r\000o\000d\000u\000c\000t\000i\000o\000n}{}% 1
\BOOKMARK [1][-]{section.2}{\376\377\000T\000h\000e\000\040\000A\000x\000i\000o\000m\000\040\000a\000n\000d\000\040\000I\000t\000s\000\040\000S\000t\000r\000u\000c\000t\000u\000r\000e}{}% 2
\BOOKMARK [2][-]{subsection.2.1}{\376\377\000P\000h\000a\000s\000e\000\040\000S\000p\000a\000c\000e\000\040\000B\000o\000u\000n\000d\000e\000d\000n\000e\000s\000s}{section.2}% 3
\BOOKMARK [2][-]{subsection.2.2}{\376\377\000P\000a\000r\000t\000i\000t\000i\000o\000n\000i\000n\000g}{section.2}% 4
\BOOKMARK [2][-]{subsection.2.3}{\376\377\000C\000a\000t\000e\000g\000o\000r\000i\000c\000a\000l\000\040\000S\000t\000a\000t\000e\000s}{section.2}% 5
\BOOKMARK [2][-]{subsection.2.4}{\376\377\000T\000h\000e\000\040\000F\000u\000n\000d\000a\000m\000e\000n\000t\000a\000l\000\040\000Q\000u\000e\000s\000t\000i\000o\000n}{section.2}% 6
\BOOKMARK [1][-]{section.3}{\376\377\000D\000e\000r\000i\000v\000a\000t\000i\000o\000n\000\040\000o\000f\000\040\000P\000a\000r\000t\000i\000t\000i\000o\000n\000\040\000C\000o\000o\000r\000d\000i\000n\000a\000t\000e\000s}{}% 7
\BOOKMARK [2][-]{subsection.3.1}{\376\377\000R\000a\000d\000i\000a\000l\000\040\000D\000e\000p\000t\000h\000:\000\040\000T\000h\000e\000\040\000P\000r\000i\000n\000c\000i\000p\000a\000l\000\040\000C\000o\000o\000r\000d\000i\000n\000a\000t\000e\000\040\000n}{section.3}% 8
\BOOKMARK [2][-]{subsection.3.2}{\376\377\000A\000n\000g\000u\000l\000a\000r\000\040\000C\000o\000m\000p\000l\000e\000x\000i\000t\000y\000:\000\040\000T\000h\000e\000\040\000C\000o\000o\000r\000d\000i\000n\000a\000t\000e\000\040\000l}{section.3}% 9
\BOOKMARK [2][-]{subsection.3.3}{\376\377\000O\000r\000i\000e\000n\000t\000a\000t\000i\000o\000n\000:\000\040\000T\000h\000e\000\040\000C\000o\000o\000r\000d\000i\000n\000a\000t\000e\000\040\000m}{section.3}% 10
\BOOKMARK [2][-]{subsection.3.4}{\376\377\000C\000h\000i\000r\000a\000l\000i\000t\000y\000:\000\040\000T\000h\000e\000\040\000C\000o\000o\000r\000d\000i\000n\000a\000t\000e\000\040\000s}{section.3}% 11
\BOOKMARK [2][-]{subsection.3.5}{\376\377\000T\000h\000e\000\040\000C\000o\000m\000p\000l\000e\000t\000e\000\040\000C\000o\000o\000r\000d\000i\000n\000a\000t\000e\000\040\000S\000y\000s\000t\000e\000m}{section.3}% 12
\BOOKMARK [1][-]{section.4}{\376\377\000T\000h\000e\000\040\000C\000a\000p\000a\000c\000i\000t\000y\000\040\000F\000o\000r\000m\000u\000l\000a}{}% 13
\BOOKMARK [2][-]{subsection.4.1}{\376\377\000C\000o\000u\000n\000t\000i\000n\000g\000\040\000S\000t\000a\000t\000e\000s\000\040\000a\000t\000\040\000F\000i\000x\000e\000d\000\040\000D\000e\000p\000t\000h}{section.4}% 14
\BOOKMARK [2][-]{subsection.4.2}{\376\377\000C\000o\000r\000r\000e\000s\000p\000o\000n\000d\000e\000n\000c\000e\000\040\000t\000o\000\040\000E\000l\000e\000c\000t\000r\000o\000n\000\040\000S\000h\000e\000l\000l\000\040\000S\000t\000r\000u\000c\000t\000u\000r\000e}{section.4}% 15
\BOOKMARK [2][-]{subsection.4.3}{\376\377\000C\000u\000m\000u\000l\000a\000t\000i\000v\000e\000\040\000S\000t\000a\000t\000e\000\040\000C\000o\000u\000n\000t}{section.4}% 16
\BOOKMARK [1][-]{section.5}{\376\377\000E\000n\000e\000r\000g\000y\000\040\000O\000r\000d\000e\000r\000i\000n\000g\000\040\000a\000n\000d\000\040\000F\000i\000l\000l\000i\000n\000g\000\040\000S\000e\000q\000u\000e\000n\000c\000e}{}% 17
\BOOKMARK [2][-]{subsection.5.1}{\376\377\000E\000n\000e\000r\000g\000y\000\040\000i\000n\000\040\000P\000a\000r\000t\000i\000t\000i\000o\000n\000\040\000S\000p\000a\000c\000e}{section.5}% 18
\BOOKMARK [2][-]{subsection.5.2}{\376\377\000T\000h\000e\000\040\000A\000u\000f\000b\000a\000u\000\040\000S\000e\000q\000u\000e\000n\000c\000e}{section.5}% 19
\BOOKMARK [1][-]{section.6}{\376\377\000S\000e\000l\000e\000c\000t\000i\000o\000n\000\040\000R\000u\000l\000e\000s\000\040\000a\000n\000d\000\040\000T\000r\000a\000n\000s\000i\000t\000i\000o\000n\000s}{}% 20
\BOOKMARK [2][-]{subsection.6.1}{\376\377\000B\000o\000u\000n\000d\000a\000r\000y\000\040\000C\000o\000n\000t\000i\000n\000u\000i\000t\000y}{section.6}% 21
\BOOKMARK [2][-]{subsection.6.2}{\376\377\000T\000r\000a\000n\000s\000i\000t\000i\000o\000n\000\040\000E\000n\000e\000r\000g\000i\000e\000s}{section.6}% 22
\BOOKMARK [1][-]{section.7}{\376\377\000T\000h\000e\000\040\000E\000x\000c\000l\000u\000s\000i\000o\000n\000\040\000P\000r\000i\000n\000c\000i\000p\000l\000e}{}% 23
\BOOKMARK [2][-]{subsection.7.1}{\376\377\000C\000a\000t\000e\000g\000o\000r\000i\000c\000a\000l\000\040\000D\000i\000s\000t\000i\000n\000g\000u\000i\000s\000h\000a\000b\000i\000l\000i\000t\000y}{section.7}% 24
\BOOKMARK [2][-]{subsection.7.2}{\376\377\000A\000n\000t\000i\000s\000y\000m\000m\000e\000t\000r\000y}{section.7}% 25
\BOOKMARK [1][-]{section.8}{\376\377\000S\000t\000a\000t\000e\000\040\000C\000o\000u\000n\000t\000i\000n\000g\000\040\000D\000y\000n\000a\000m\000i\000c\000s}{}% 26
\BOOKMARK [2][-]{subsection.8.1}{\376\377\000P\000a\000r\000t\000i\000t\000i\000o\000n\000\040\000T\000r\000a\000v\000e\000r\000s\000a\000l}{section.8}% 27
\BOOKMARK [2][-]{subsection.8.2}{\376\377\000T\000h\000e\000\040\000T\000i\000m\000e\000-\000S\000t\000a\000t\000e\000\040\000I\000d\000e\000n\000t\000i\000t\000y}{section.8}% 28
\BOOKMARK [1][-]{section.9}{\376\377\000S\000-\000E\000n\000t\000r\000o\000p\000y\000\040\000C\000o\000o\000r\000d\000i\000n\000a\000t\000e\000\040\000S\000y\000s\000t\000e\000m}{}% 29
\BOOKMARK [2][-]{subsection.9.1}{\376\377\000I\000n\000f\000o\000r\000m\000a\000t\000i\000o\000n\000-\000T\000h\000e\000o\000r\000e\000t\000i\000c\000\040\000F\000o\000u\000n\000d\000a\000t\000i\000o\000n}{section.9}% 30
\BOOKMARK [2][-]{subsection.9.2}{\376\377\000C\000o\000n\000n\000e\000c\000t\000i\000o\000n\000\040\000t\000o\000\040\000S\000h\000a\000n\000n\000o\000n\000\040\000E\000n\000t\000r\000o\000p\000y}{section.9}% 31
\BOOKMARK [2][-]{subsection.9.3}{\376\377\000T\000e\000r\000n\000a\000r\000y\000\040\000E\000n\000c\000o\000d\000i\000n\000g}{section.9}% 32
\BOOKMARK [1][-]{section.10}{\376\377\000M\000u\000l\000t\000i\000-\000B\000o\000d\000y\000\040\000P\000a\000r\000t\000i\000t\000i\000o\000n\000\040\000S\000y\000s\000t\000e\000m\000s}{}% 33
\BOOKMARK [2][-]{subsection.10.1}{\376\377\000C\000e\000n\000t\000e\000r\000\040\000P\000a\000r\000t\000i\000t\000i\000o\000n\000\040\000C\000o\000o\000r\000d\000i\000n\000a\000t\000e\000s}{section.10}% 34
\BOOKMARK [2][-]{subsection.10.2}{\376\377\000C\000h\000i\000r\000a\000l\000i\000t\000y\000-\000C\000h\000i\000r\000a\000l\000i\000t\000y\000\040\000C\000o\000u\000p\000l\000i\000n\000g}{section.10}% 35
\BOOKMARK [2][-]{subsection.10.3}{\376\377\000H\000y\000p\000e\000r\000f\000i\000n\000e\000\040\000E\000n\000e\000r\000g\000y\000\040\000S\000p\000l\000i\000t\000t\000i\000n\000g}{section.10}% 36
\BOOKMARK [2][-]{subsection.10.4}{\376\377\000T\000h\000e\000\040\0002\0001\000\040\000c\000m\000\040\000T\000r\000a\000n\000s\000i\000t\000i\000o\000n}{section.10}% 37
\BOOKMARK [1][-]{section.11}{\376\377\000T\000r\000i\000p\000l\000e\000\040\000E\000q\000u\000i\000v\000a\000l\000e\000n\000c\000e}{}% 38
\BOOKMARK [1][-]{section.12}{\376\377\000T\000h\000e\000\040\000C\000a\000t\000e\000g\000o\000r\000i\000c\000a\000l\000\040\000S\000e\000c\000o\000n\000d\000\040\000L\000a\000w}{}% 39
\BOOKMARK [2][-]{subsection.12.1}{\376\377\000E\000n\000t\000r\000o\000p\000y\000\040\000f\000r\000o\000m\000\040\000P\000a\000r\000t\000i\000t\000i\000o\000n\000\040\000T\000r\000a\000v\000e\000r\000s\000a\000l}{section.12}% 40
\BOOKMARK [2][-]{subsection.12.2}{\376\377\000T\000h\000e\000\040\000C\000a\000t\000e\000g\000o\000r\000i\000c\000a\000l\000\040\000S\000e\000c\000o\000n\000d\000\040\000L\000a\000w}{section.12}% 41
\BOOKMARK [2][-]{subsection.12.3}{\376\377\000H\000e\000a\000t\000-\000E\000n\000t\000r\000o\000p\000y\000\040\000D\000e\000c\000o\000u\000p\000l\000i\000n\000g}{section.12}% 42
\BOOKMARK [1][-]{section.13}{\376\377\000R\000e\000s\000o\000l\000u\000t\000i\000o\000n\000\040\000o\000f\000\040\000L\000o\000s\000c\000h\000m\000i\000d\000t\000'\000s\000\040\000P\000a\000r\000a\000d\000o\000x}{}% 43
\BOOKMARK [2][-]{subsection.13.1}{\376\377\000S\000t\000a\000t\000e\000m\000e\000n\000t\000\040\000o\000f\000\040\000t\000h\000e\000\040\000P\000a\000r\000a\000d\000o\000x}{section.13}% 44
\BOOKMARK [2][-]{subsection.13.2}{\376\377\000F\000i\000n\000i\000t\000e\000\040\000O\000b\000s\000e\000r\000v\000e\000r\000s\000\040\000a\000n\000d\000\040\000B\000i\000a\000s}{section.13}% 45
\BOOKMARK [2][-]{subsection.13.3}{\376\377\000T\000e\000m\000p\000o\000r\000a\000l\000\040\000P\000a\000r\000t\000i\000t\000i\000o\000n\000s}{section.13}% 46
\BOOKMARK [2][-]{subsection.13.4}{\376\377\000T\000h\000e\000\040\000T\000e\000m\000p\000o\000r\000a\000l\000\040\000P\000a\000r\000a\000d\000o\000x}{section.13}% 47
\BOOKMARK [2][-]{subsection.13.5}{\376\377\000M\000e\000m\000o\000r\000y\000\040\000E\000r\000a\000s\000u\000r\000e\000\040\000C\000a\000n\000n\000o\000t\000\040\000H\000e\000l\000p}{section.13}% 48
\BOOKMARK [2][-]{subsection.13.6}{\376\377\000P\000a\000r\000t\000i\000t\000i\000o\000n\000s\000\040\000C\000a\000n\000n\000o\000t\000\040\000B\000e\000\040\000D\000e\000l\000e\000t\000e\000d}{section.13}% 49
\BOOKMARK [2][-]{subsection.13.7}{\376\377\000S\000e\000l\000f\000-\000R\000e\000f\000e\000r\000e\000n\000t\000i\000a\000l\000\040\000E\000n\000u\000m\000e\000r\000a\000t\000i\000o\000n}{section.13}% 50
\BOOKMARK [2][-]{subsection.13.8}{\376\377\000I\000r\000r\000e\000v\000e\000r\000s\000i\000b\000i\000l\000i\000t\000y\000\040\000a\000s\000\040\000L\000o\000g\000i\000c\000a\000l\000\040\000N\000e\000c\000e\000s\000s\000i\000t\000y}{section.13}% 51
\BOOKMARK [2][-]{subsection.13.9}{\376\377\000C\000o\000m\000p\000a\000r\000i\000s\000o\000n\000\040\000t\000o\000\040\000P\000r\000e\000v\000i\000o\000u\000s\000\040\000R\000e\000s\000o\000l\000u\000t\000i\000o\000n\000s}{section.13}% 52
\BOOKMARK [1][-]{section.14}{\376\377\000U\000n\000i\000v\000e\000r\000s\000a\000l\000\040\000E\000q\000u\000a\000t\000i\000o\000n\000\040\000o\000f\000\040\000S\000t\000a\000t\000e}{}% 53
\BOOKMARK [2][-]{subsection.14.1}{\376\377\000T\000h\000e\000\040\000S\000t\000r\000u\000c\000t\000u\000r\000a\000l\000\040\000F\000a\000c\000t\000o\000r}{section.14}% 54
\BOOKMARK [2][-]{subsection.14.2}{\376\377\000R\000e\000g\000i\000m\000e\000\040\000I\000:\000\040\000I\000d\000e\000a\000l\000\040\000G\000a\000s}{section.14}% 55
\BOOKMARK [2][-]{subsection.14.3}{\376\377\000R\000e\000g\000i\000m\000e\000\040\000I\000I\000:\000\040\000P\000l\000a\000s\000m\000a}{section.14}% 56
\BOOKMARK [2][-]{subsection.14.4}{\376\377\000R\000e\000g\000i\000m\000e\000\040\000I\000I\000I\000:\000\040\000D\000e\000g\000e\000n\000e\000r\000a\000t\000e\000\040\000M\000a\000t\000t\000e\000r}{section.14}% 57
\BOOKMARK [2][-]{subsection.14.5}{\376\377\000R\000e\000g\000i\000m\000e\000\040\000I\000V\000:\000\040\000R\000e\000l\000a\000t\000i\000v\000i\000s\000t\000i\000c\000\040\000G\000a\000s}{section.14}% 58
\BOOKMARK [2][-]{subsection.14.6}{\376\377\000R\000e\000g\000i\000m\000e\000\040\000V\000:\000\040\000B\000o\000s\000e\000-\000E\000i\000n\000s\000t\000e\000i\000n\000\040\000C\000o\000n\000d\000e\000n\000s\000a\000t\000e}{section.14}% 59
\BOOKMARK [2][-]{subsection.14.7}{\376\377\000R\000e\000g\000i\000m\000e\000\040\000B\000o\000u\000n\000d\000a\000r\000i\000e\000s\000\040\000a\000n\000d\000\040\000P\000h\000a\000s\000e\000\040\000D\000i\000a\000g\000r\000a\000m}{section.14}% 60
\BOOKMARK [2][-]{subsection.14.8}{\376\377\000E\000q\000u\000i\000l\000i\000b\000r\000i\000u\000m\000\040\000a\000s\000\040\000P\000o\000i\000n\000c\000a\000r\000\351\000\040\000R\000e\000c\000u\000r\000r\000e\000n\000c\000e}{section.14}% 61
\BOOKMARK [1][-]{section.15}{\376\377\000E\000x\000p\000e\000r\000i\000m\000e\000n\000t\000a\000l\000\040\000V\000a\000l\000i\000d\000a\000t\000i\000o\000n}{}% 62
\BOOKMARK [2][-]{subsection.15.1}{\376\377\000C\000o\000m\000m\000u\000t\000a\000t\000i\000o\000n\000\040\000o\000f\000\040\000C\000a\000t\000e\000g\000o\000r\000i\000c\000a\000l\000\040\000a\000n\000d\000\040\000P\000h\000y\000s\000i\000c\000a\000l\000\040\000O\000b\000s\000e\000r\000v\000a\000b\000l\000e\000s}{section.15}% 63
\BOOKMARK [2][-]{subsection.15.2}{\376\377\000Z\000e\000r\000o\000-\000B\000a\000c\000k\000a\000c\000t\000i\000o\000n\000\040\000M\000e\000a\000s\000u\000r\000e\000m\000e\000n\000t}{section.15}% 64
\BOOKMARK [2][-]{subsection.15.3}{\376\377\000M\000a\000s\000s\000\040\000S\000p\000e\000c\000t\000r\000o\000m\000e\000t\000r\000y\000\040\000V\000a\000l\000i\000d\000a\000t\000i\000o\000n}{section.15}% 65
\BOOKMARK [2][-]{subsection.15.4}{\376\377\000P\000l\000a\000t\000f\000o\000r\000m\000\040\000A\000g\000r\000e\000e\000m\000e\000n\000t}{section.15}% 66
\BOOKMARK [2][-]{subsection.15.5}{\376\377\000B\000i\000j\000e\000c\000t\000i\000v\000e\000\040\000I\000o\000n\000-\000t\000o\000-\000D\000r\000o\000p\000l\000e\000t\000\040\000V\000a\000l\000i\000d\000a\000t\000i\000o\000n}{section.15}% 67
\BOOKMARK [3][-]{subsubsection.15.5.1}{\376\377\000T\000h\000e\000\040\000B\000i\000j\000e\000c\000t\000i\000v\000e\000\040\000T\000r\000a\000n\000s\000f\000o\000r\000m\000a\000t\000i\000o\000n}{subsection.15.5}% 68
\BOOKMARK [3][-]{subsubsection.15.5.2}{\376\377\000P\000h\000y\000s\000i\000c\000s\000\040\000V\000a\000l\000i\000d\000a\000t\000i\000o\000n\000\040\000v\000i\000a\000\040\000D\000i\000m\000e\000n\000s\000i\000o\000n\000l\000e\000s\000s\000\040\000N\000u\000m\000b\000e\000r\000s}{subsection.15.5}% 69
\BOOKMARK [3][-]{subsubsection.15.5.3}{\376\377\000F\000r\000a\000g\000m\000e\000n\000t\000\040\000C\000o\000n\000t\000a\000i\000n\000m\000e\000n\000t\000\040\000P\000r\000i\000n\000c\000i\000p\000l\000e}{subsection.15.5}% 70
\BOOKMARK [1][-]{section.16}{\376\377\000D\000i\000s\000c\000u\000s\000s\000i\000o\000n}{}% 71
\BOOKMARK [2][-]{subsection.16.1}{\376\377\000S\000u\000m\000m\000a\000r\000y\000\040\000o\000f\000\040\000R\000e\000s\000u\000l\000t\000s}{section.16}% 72
\BOOKMARK [2][-]{subsection.16.2}{\376\377\000T\000h\000e\000\040\000P\000e\000r\000i\000o\000d\000i\000c\000\040\000T\000a\000b\000l\000e\000\040\000a\000s\000\040\000G\000e\000o\000m\000e\000t\000r\000y}{section.16}% 73
\BOOKMARK [2][-]{subsection.16.3}{\376\377\000T\000h\000e\000r\000m\000o\000d\000y\000n\000a\000m\000i\000c\000s\000\040\000a\000s\000\040\000G\000e\000o\000m\000e\000t\000r\000y}{section.16}% 74
\BOOKMARK [2][-]{subsection.16.4}{\376\377\000I\000m\000p\000l\000i\000c\000a\000t\000i\000o\000n\000s}{section.16}% 75
\BOOKMARK [2][-]{subsection.16.5}{\376\377\000R\000e\000l\000a\000t\000i\000o\000n\000\040\000t\000o\000\040\000Q\000u\000a\000n\000t\000u\000m\000\040\000M\000e\000c\000h\000a\000n\000i\000c\000s}{section.16}% 76
\BOOKMARK [2][-]{subsection.16.6}{\376\377\000T\000h\000e\000\040\000B\000o\000u\000n\000d\000e\000d\000\040\000P\000h\000a\000s\000e\000\040\000S\000p\000a\000c\000e\000\040\000L\000a\000w}{section.16}% 77
\BOOKMARK [1][-]{section.17}{\376\377\000C\000o\000n\000c\000l\000u\000s\000i\000o\000n}{}% 78
