\BOOKMARK [1][-]{section.1}{\376\377\000I\000n\000t\000r\000o\000d\000u\000c\000t\000i\000o\000n}{}% 1
\BOOKMARK [2][-]{subsection.1.1}{\376\377\000T\000h\000e\000\040\000B\000o\000u\000n\000d\000e\000d\000\040\000P\000h\000a\000s\000e\000\040\000S\000p\000a\000c\000e\000\040\000L\000a\000w}{section.1}% 2
\BOOKMARK [2][-]{subsection.1.2}{\376\377\000T\000h\000e\000\040\000M\000i\000s\000s\000i\000n\000g\000\040\000P\000i\000e\000c\000e\000:\000\040\000P\000a\000r\000t\000i\000t\000i\000o\000n\000\040\000D\000y\000n\000a\000m\000i\000c\000s}{section.1}% 3
\BOOKMARK [2][-]{subsection.1.3}{\376\377\000P\000a\000r\000t\000i\000t\000i\000o\000n\000\040\000D\000e\000p\000t\000h\000:\000\040\000T\000h\000e\000\040\000N\000e\000w\000\040\000F\000u\000n\000d\000a\000m\000e\000n\000t\000a\000l\000\040\000Q\000u\000a\000n\000t\000i\000t\000y}{section.1}% 4
\BOOKMARK [2][-]{subsection.1.4}{\376\377\000M\000a\000i\000n\000\040\000R\000e\000s\000u\000l\000t\000s}{section.1}% 5
\BOOKMARK [2][-]{subsection.1.5}{\376\377\000P\000a\000p\000e\000r\000\040\000O\000r\000g\000a\000n\000i\000z\000a\000t\000i\000o\000n}{section.1}% 6
\BOOKMARK [1][-]{section.2}{\376\377\000P\000a\000r\000t\000i\000t\000i\000o\000n\000\040\000D\000e\000p\000t\000h}{}% 7
\BOOKMARK [2][-]{subsection.2.1}{\376\377\000M\000o\000t\000i\000v\000a\000t\000i\000o\000n\000:\000\040\000T\000h\000e\000\040\000S\000t\000r\000u\000c\000t\000u\000r\000e\000\040\000o\000f\000\040\000D\000i\000s\000t\000i\000n\000g\000u\000i\000s\000h\000a\000b\000i\000l\000i\000t\000y}{section.2}% 8
\BOOKMARK [2][-]{subsection.2.2}{\376\377\000D\000e\000f\000i\000n\000i\000t\000i\000o\000n\000\040\000o\000f\000\040\000P\000a\000r\000t\000i\000t\000i\000o\000n\000\040\000D\000e\000p\000t\000h}{section.2}% 9
\BOOKMARK [2][-]{subsection.2.3}{\376\377\000P\000a\000r\000t\000i\000t\000i\000o\000n\000\040\000D\000e\000p\000t\000h\000\040\000E\000n\000t\000r\000o\000p\000y}{section.2}% 10
\BOOKMARK [2][-]{subsection.2.4}{\376\377\000B\000o\000u\000n\000d\000s\000\040\000o\000n\000\040\000P\000a\000r\000t\000i\000t\000i\000o\000n\000\040\000D\000e\000p\000t\000h}{section.2}% 11
\BOOKMARK [2][-]{subsection.2.5}{\376\377\000P\000a\000r\000t\000i\000t\000i\000o\000n\000\040\000D\000e\000p\000t\000h\000\040\000o\000f\000\040\000C\000o\000m\000p\000o\000s\000i\000t\000e\000\040\000S\000y\000s\000t\000e\000m\000s}{section.2}% 12
\BOOKMARK [1][-]{section.3}{\376\377\000T\000h\000e\000\040\000C\000o\000m\000p\000o\000s\000i\000t\000i\000o\000n\000\040\000T\000h\000e\000o\000r\000e\000m}{}% 13
\BOOKMARK [2][-]{subsection.3.1}{\376\377\000S\000t\000a\000t\000e\000m\000e\000n\000t}{section.3}% 14
\BOOKMARK [2][-]{subsection.3.2}{\376\377\000P\000r\000o\000o\000f}{section.3}% 15
\BOOKMARK [2][-]{subsection.3.3}{\376\377\000P\000h\000y\000s\000i\000c\000a\000l\000\040\000I\000n\000t\000e\000r\000p\000r\000e\000t\000a\000t\000i\000o\000n}{section.3}% 16
\BOOKMARK [2][-]{subsection.3.4}{\376\377\000T\000h\000e\000\040\000C\000o\000m\000p\000o\000s\000i\000t\000i\000o\000n\000\040\000F\000u\000n\000c\000t\000i\000o\000n}{section.3}% 17
\BOOKMARK [1][-]{section.4}{\376\377\000T\000h\000e\000\040\000C\000o\000m\000p\000r\000e\000s\000s\000i\000o\000n\000\040\000T\000h\000e\000o\000r\000e\000m}{}% 18
\BOOKMARK [2][-]{subsection.4.1}{\376\377\000S\000t\000a\000t\000e\000m\000e\000n\000t}{section.4}% 19
\BOOKMARK [2][-]{subsection.4.2}{\376\377\000P\000r\000o\000o\000f}{section.4}% 20
\BOOKMARK [2][-]{subsection.4.3}{\376\377\000P\000h\000y\000s\000i\000c\000a\000l\000\040\000I\000n\000t\000e\000r\000p\000r\000e\000t\000a\000t\000i\000o\000n}{section.4}% 21
\BOOKMARK [2][-]{subsection.4.4}{\376\377\000T\000h\000e\000\040\000P\000a\000u\000l\000i\000\040\000E\000x\000c\000l\000u\000s\000i\000o\000n\000\040\000a\000s\000\040\000a\000\040\000C\000o\000r\000o\000l\000l\000a\000r\000y}{section.4}% 22
\BOOKMARK [2][-]{subsection.4.5}{\376\377\000R\000e\000l\000a\000t\000i\000o\000n\000s\000h\000i\000p\000\040\000t\000o\000\040\000D\000e\000g\000e\000n\000e\000r\000a\000c\000y\000\040\000P\000r\000e\000s\000s\000u\000r\000e}{section.4}% 23
\BOOKMARK [1][-]{section.5}{\376\377\000P\000a\000r\000t\000i\000t\000i\000o\000n\000\040\000C\000o\000n\000s\000e\000r\000v\000a\000t\000i\000o\000n}{}% 24
\BOOKMARK [2][-]{subsection.5.1}{\376\377\000T\000h\000e\000\040\000C\000o\000n\000s\000e\000r\000v\000a\000t\000i\000o\000n\000\040\000L\000a\000w}{section.5}% 25
\BOOKMARK [2][-]{subsection.5.2}{\376\377\000D\000e\000p\000t\000h\000\040\000T\000r\000a\000n\000s\000f\000e\000r\000\040\000i\000n\000\040\000B\000i\000n\000d\000i\000n\000g}{section.5}% 26
\BOOKMARK [2][-]{subsection.5.3}{\376\377\000D\000e\000p\000t\000h\000\040\000C\000o\000n\000s\000e\000r\000v\000a\000t\000i\000o\000n\000\040\000a\000n\000d\000\040\000M\000a\000s\000s\000-\000E\000n\000e\000r\000g\000y\000\040\000E\000q\000u\000i\000v\000a\000l\000e\000n\000c\000e}{section.5}% 27
\BOOKMARK [1][-]{section.6}{\376\377\000P\000h\000y\000s\000i\000c\000a\000l\000\040\000P\000h\000e\000n\000o\000m\000e\000n\000a\000\040\000a\000s\000\040\000C\000o\000r\000o\000l\000l\000a\000r\000i\000e\000s}{}% 28
\BOOKMARK [2][-]{subsection.6.1}{\376\377\000M\000a\000s\000s\000\040\000D\000e\000f\000e\000c\000t}{section.6}% 29
\BOOKMARK [2][-]{subsection.6.2}{\376\377\000E\000l\000e\000c\000t\000r\000o\000n\000\040\000S\000t\000a\000b\000i\000l\000i\000t\000y}{section.6}% 30
\BOOKMARK [2][-]{subsection.6.3}{\376\377\000T\000h\000e\000\040\000A\000u\000f\000b\000a\000u\000\040\000P\000r\000i\000n\000c\000i\000p\000l\000e}{section.6}% 31
\BOOKMARK [2][-]{subsection.6.4}{\376\377\000B\000a\000r\000e\000\040\000N\000u\000c\000l\000e\000u\000s\000\040\000I\000n\000s\000t\000a\000b\000i\000l\000i\000t\000y}{section.6}% 32
\BOOKMARK [2][-]{subsection.6.5}{\376\377\000C\000h\000a\000r\000g\000e\000\040\000a\000s\000\040\000P\000a\000r\000t\000i\000t\000i\000o\000n\000\040\000P\000r\000o\000p\000e\000r\000t\000y}{section.6}% 33
\BOOKMARK [2][-]{subsection.6.6}{\376\377\000I\000o\000n\000s\000\040\000a\000s\000\040\000P\000a\000r\000t\000i\000t\000i\000o\000n\000\040\000M\000a\000l\000f\000o\000r\000m\000a\000t\000i\000o\000n\000s}{section.6}% 34
\BOOKMARK [2][-]{subsection.6.7}{\376\377\000C\000h\000e\000m\000i\000c\000a\000l\000\040\000B\000o\000n\000d\000i\000n\000g\000\040\000a\000s\000\040\000P\000a\000r\000t\000i\000t\000i\000o\000n\000\040\000C\000o\000m\000p\000l\000e\000t\000i\000o\000n}{section.6}% 35
\BOOKMARK [2][-]{subsection.6.8}{\376\377\000T\000h\000e\000\040\000P\000a\000r\000t\000i\000t\000i\000o\000n\000\040\000S\000p\000e\000c\000t\000r\000u\000m\000:\000\040\000F\000r\000o\000m\000\040\000C\000o\000n\000d\000u\000c\000t\000i\000v\000i\000t\000y\000\040\000t\000o\000\040\000S\000u\000p\000e\000r\000c\000o\000n\000d\000u\000c\000t\000i\000v\000i\000t\000y}{section.6}% 36
\BOOKMARK [1][-]{section.7}{\376\377\000E\000x\000p\000e\000r\000i\000m\000e\000n\000t\000a\000l\000\040\000P\000r\000e\000d\000i\000c\000t\000i\000o\000n\000s}{}% 37
\BOOKMARK [2][-]{subsection.7.1}{\376\377\000Q\000u\000a\000n\000t\000i\000t\000a\000t\000i\000v\000e\000\040\000P\000r\000e\000d\000i\000c\000t\000i\000o\000n\000s}{section.7}% 38
\BOOKMARK [3][-]{subsubsection.7.1.1}{\376\377\000P\000r\000e\000d\000i\000c\000t\000i\000o\000n\000\040\0001\000:\000\040\000A\000n\000o\000m\000a\000l\000o\000u\000s\000\040\000H\000+\000\040\000C\000a\000p\000t\000u\000r\000e}{subsection.7.1}% 39
\BOOKMARK [3][-]{subsubsection.7.1.2}{\376\377\000P\000r\000e\000d\000i\000c\000t\000i\000o\000n\000\040\0002\000:\000\040\000P\000r\000e\000s\000s\000u\000r\000e\000-\000D\000e\000p\000e\000n\000d\000e\000n\000t\000\040\000L\000i\000f\000e\000t\000i\000m\000e}{subsection.7.1}% 40
\BOOKMARK [3][-]{subsubsection.7.1.3}{\376\377\000P\000r\000e\000d\000i\000c\000t\000i\000o\000n\000\040\0003\000:\000\040\000H\000e\0002\000+\000\040\000A\000n\000o\000m\000a\000l\000y}{subsection.7.1}% 41
\BOOKMARK [3][-]{subsubsection.7.1.4}{\376\377\000P\000r\000e\000d\000i\000c\000t\000i\000o\000n\000\040\0004\000:\000\040\000B\000i\000n\000d\000i\000n\000g\000\040\000E\000n\000e\000r\000g\000y\000\040\000S\000c\000a\000l\000i\000n\000g}{subsection.7.1}% 42
\BOOKMARK [2][-]{subsection.7.2}{\376\377\000M\000a\000s\000s\000\040\000S\000p\000e\000c\000t\000r\000o\000m\000e\000t\000r\000y\000\040\000a\000s\000\040\000P\000a\000r\000t\000i\000t\000i\000o\000n\000\040\000D\000y\000n\000a\000m\000i\000c\000s}{section.7}% 43
\BOOKMARK [3][-]{subsubsection.7.2.1}{\376\377\000T\000h\000e\000\040\000I\000o\000n\000\040\000J\000o\000u\000r\000n\000e\000y\000\040\000a\000s\000\040\000P\000a\000r\000t\000i\000t\000i\000o\000n\000\040\000D\000e\000s\000c\000e\000n\000t}{subsection.7.2}% 44
\BOOKMARK [3][-]{subsubsection.7.2.2}{\376\377\000W\000h\000y\000\040\000D\000i\000f\000f\000e\000r\000e\000n\000t\000\040\000m\000/\000z\000\040\000S\000e\000p\000a\000r\000a\000t\000e}{subsection.7.2}% 45
\BOOKMARK [3][-]{subsubsection.7.2.3}{\376\377\000M\000S\000/\000M\000S\000\040\000a\000s\000\040\000P\000a\000r\000t\000i\000t\000i\000o\000n\000\040\000S\000u\000b\000d\000i\000v\000i\000s\000i\000o\000n}{subsection.7.2}% 46
\BOOKMARK [3][-]{subsubsection.7.2.4}{\376\377\000T\000h\000e\000\040\000E\000l\000e\000c\000t\000r\000i\000c\000\040\000F\000i\000e\000l\000d\000\040\000a\000s\000\040\000P\000a\000r\000t\000i\000t\000i\000o\000n\000\040\000G\000r\000a\000d\000i\000e\000n\000t}{subsection.7.2}% 47
\BOOKMARK [2][-]{subsection.7.3}{\376\377\000M\000a\000s\000s\000\040\000S\000p\000e\000c\000t\000r\000o\000m\000e\000t\000r\000y\000\040\000T\000e\000s\000t\000s}{section.7}% 48
\BOOKMARK [1][-]{section.8}{\376\377\000P\000r\000e\000l\000i\000m\000i\000n\000a\000r\000y\000\040\000V\000a\000l\000i\000d\000a\000t\000i\000o\000n}{}% 49
\BOOKMARK [2][-]{subsection.8.1}{\376\377\000E\000x\000i\000s\000t\000i\000n\000g\000\040\000D\000a\000t\000a\000:\000\040\000H\000+\000\040\000A\000n\000o\000m\000a\000l\000y}{section.8}% 50
\BOOKMARK [2][-]{subsection.8.2}{\376\377\000S\000o\000l\000u\000t\000i\000o\000n\000\040\000C\000h\000e\000m\000i\000s\000t\000r\000y\000\040\000E\000v\000i\000d\000e\000n\000c\000e}{section.8}% 51
\BOOKMARK [2][-]{subsection.8.3}{\376\377\000G\000a\000s\000\040\000P\000h\000a\000s\000e\000\040\000R\000e\000a\000c\000t\000i\000v\000i\000t\000y}{section.8}% 52
\BOOKMARK [2][-]{subsection.8.4}{\376\377\000C\000o\000m\000p\000r\000e\000h\000e\000n\000s\000i\000v\000e\000\040\000C\000o\000m\000p\000u\000t\000a\000t\000i\000o\000n\000a\000l\000\040\000V\000a\000l\000i\000d\000a\000t\000i\000o\000n}{section.8}% 53
\BOOKMARK [3][-]{subsubsection.8.4.1}{\376\377\000C\000o\000m\000p\000o\000s\000i\000t\000i\000o\000n\000\040\000T\000h\000e\000o\000r\000e\000m\000\040\000V\000a\000l\000i\000d\000a\000t\000i\000o\000n}{subsection.8.4}% 54
\BOOKMARK [3][-]{subsubsection.8.4.2}{\376\377\000C\000o\000m\000p\000r\000e\000s\000s\000i\000o\000n\000\040\000T\000h\000e\000o\000r\000e\000m\000\040\000V\000a\000l\000i\000d\000a\000t\000i\000o\000n}{subsection.8.4}% 55
\BOOKMARK [3][-]{subsubsection.8.4.3}{\376\377\000C\000o\000n\000s\000e\000r\000v\000a\000t\000i\000o\000n\000\040\000L\000a\000w\000\040\000V\000a\000l\000i\000d\000a\000t\000i\000o\000n}{subsection.8.4}% 56
\BOOKMARK [3][-]{subsubsection.8.4.4}{\376\377\000C\000h\000a\000r\000g\000e\000\040\000E\000m\000e\000r\000g\000e\000n\000c\000e\000\040\000V\000a\000l\000i\000d\000a\000t\000i\000o\000n}{subsection.8.4}% 57
\BOOKMARK [3][-]{subsubsection.8.4.5}{\376\377\000P\000a\000r\000t\000i\000t\000i\000o\000n\000\040\000E\000x\000t\000i\000n\000c\000t\000i\000o\000n\000\040\000V\000a\000l\000i\000d\000a\000t\000i\000o\000n}{subsection.8.4}% 58
\BOOKMARK [3][-]{subsubsection.8.4.6}{\376\377\000B\000o\000n\000d\000\040\000C\000o\000m\000p\000l\000e\000t\000i\000o\000n\000\040\000V\000a\000l\000i\000d\000a\000t\000i\000o\000n}{subsection.8.4}% 59
\BOOKMARK [2][-]{subsection.8.5}{\376\377\000M\000a\000s\000s\000\040\000S\000p\000e\000c\000t\000r\000o\000m\000e\000t\000r\000y\000\040\000V\000a\000l\000i\000d\000a\000t\000i\000o\000n}{section.8}% 60
\BOOKMARK [2][-]{subsection.8.6}{\376\377\000S\000u\000m\000m\000a\000r\000y\000\040\000o\000f\000\040\000V\000a\000l\000i\000d\000a\000t\000i\000o\000n}{section.8}% 61
\BOOKMARK [1][-]{section.9}{\376\377\000D\000i\000s\000c\000u\000s\000s\000i\000o\000n}{}% 62
\BOOKMARK [2][-]{subsection.9.1}{\376\377\000T\000h\000e\000\040\000S\000t\000a\000t\000u\000s\000\040\000o\000f\000\040\000t\000h\000e\000\040\000B\000o\000u\000n\000d\000e\000d\000\040\000P\000h\000a\000s\000e\000\040\000S\000p\000a\000c\000e\000\040\000L\000a\000w}{section.9}% 63
\BOOKMARK [2][-]{subsection.9.2}{\376\377\000W\000h\000a\000t\000\040\000M\000a\000k\000e\000s\000\040\000a\000\040\000L\000a\000w\000\040\000F\000u\000n\000d\000a\000m\000e\000n\000t\000a\000l\000?}{section.9}% 64
\BOOKMARK [2][-]{subsection.9.3}{\376\377\000R\000e\000l\000a\000t\000i\000o\000n\000s\000h\000i\000p\000\040\000t\000o\000\040\000E\000x\000i\000s\000t\000i\000n\000g\000\040\000P\000h\000y\000s\000i\000c\000s}{section.9}% 65
\BOOKMARK [2][-]{subsection.9.4}{\376\377\000C\000l\000a\000s\000s\000i\000c\000a\000l\000\040\000M\000e\000c\000h\000a\000n\000i\000c\000s\000\040\000a\000s\000\040\000E\000m\000e\000r\000g\000e\000n\000t\000\040\000P\000a\000r\000t\000i\000t\000i\000o\000n\000\040\000D\000y\000n\000a\000m\000i\000c\000s}{section.9}% 66
\BOOKMARK [3][-]{subsubsection.9.4.1}{\376\377\000M\000a\000s\000s\000\040\000a\000s\000\040\000L\000o\000c\000a\000l\000i\000z\000e\000d\000\040\000O\000s\000c\000i\000l\000l\000a\000t\000i\000o\000n}{subsection.9.4}% 67
\BOOKMARK [3][-]{subsubsection.9.4.2}{\376\377\000E\000x\000i\000s\000t\000e\000n\000c\000e\000\040\000R\000e\000q\000u\000i\000r\000e\000s\000\040\000P\000a\000r\000t\000i\000t\000i\000o\000n\000i\000n\000g}{subsection.9.4}% 68
\BOOKMARK [3][-]{subsubsection.9.4.3}{\376\377\000T\000h\000e\000\040\000R\000e\000s\000i\000d\000u\000e\000\040\000P\000r\000i\000n\000c\000i\000p\000l\000e}{subsection.9.4}% 69
\BOOKMARK [3][-]{subsubsection.9.4.4}{\376\377\000F\000o\000r\000c\000e\000\040\000a\000s\000\040\000P\000a\000r\000t\000i\000t\000i\000o\000n\000\040\000T\000r\000a\000v\000e\000r\000s\000a\000l\000\040\000R\000a\000t\000e}{subsection.9.4}% 70
\BOOKMARK [3][-]{subsubsection.9.4.5}{\376\377\000T\000h\000e\000\040\000F\000o\000r\000c\000e\000\040\000P\000a\000r\000a\000d\000o\000x}{subsection.9.4}% 71
\BOOKMARK [3][-]{subsubsection.9.4.6}{\376\377\000P\000a\000r\000t\000i\000t\000i\000o\000n\000\040\000D\000e\000p\000t\000h\000\040\000M\000i\000n\000i\000m\000i\000z\000a\000t\000i\000o\000n}{subsection.9.4}% 72
\BOOKMARK [3][-]{subsubsection.9.4.7}{\376\377\000T\000h\000e\000\040\000F\000a\000l\000l\000i\000n\000g\000\040\000S\000t\000o\000n\000e\000\040\000R\000e\000v\000i\000s\000i\000t\000e\000d}{subsection.9.4}% 73
\BOOKMARK [3][-]{subsubsection.9.4.8}{\376\377\000T\000h\000e\000\040\000E\000q\000u\000i\000v\000a\000l\000e\000n\000c\000e\000\040\000P\000r\000i\000n\000c\000i\000p\000l\000e}{subsection.9.4}% 74
\BOOKMARK [3][-]{subsubsection.9.4.9}{\376\377\000G\000r\000a\000v\000i\000t\000y\000\040\000a\000s\000\040\000P\000a\000r\000t\000i\000t\000i\000o\000n\000\040\000G\000r\000a\000d\000i\000e\000n\000t}{subsection.9.4}% 75
\BOOKMARK [3][-]{subsubsection.9.4.10}{\376\377\000I\000m\000p\000l\000i\000c\000a\000t\000i\000o\000n\000s\000\040\000f\000o\000r\000\040\000G\000e\000n\000e\000r\000a\000l\000\040\000R\000e\000l\000a\000t\000i\000v\000i\000t\000y}{subsection.9.4}% 76
\BOOKMARK [3][-]{subsubsection.9.4.11}{\376\377\000I\000m\000p\000a\000c\000t\000\040\000D\000y\000n\000a\000m\000i\000c\000s\000:\000\040\000R\000a\000p\000i\000d\000\040\000P\000a\000r\000t\000i\000t\000i\000o\000n\000\040\000R\000e\000s\000t\000r\000u\000c\000t\000u\000r\000i\000n\000g}{subsection.9.4}% 77
\BOOKMARK [3][-]{subsubsection.9.4.12}{\376\377\000S\000t\000r\000e\000s\000s\000-\000S\000t\000r\000a\000i\000n\000\040\000f\000r\000o\000m\000\040\000P\000a\000r\000t\000i\000t\000i\000o\000n\000\040\000S\000t\000r\000u\000c\000t\000u\000r\000e}{subsection.9.4}% 78
\BOOKMARK [3][-]{subsubsection.9.4.13}{\376\377\000U\000n\000i\000v\000e\000r\000s\000a\000l\000\040\000D\000i\000s\000s\000i\000p\000a\000t\000i\000o\000n\000\040\000M\000e\000c\000h\000a\000n\000i\000s\000m}{subsection.9.4}% 79
\BOOKMARK [3][-]{subsubsection.9.4.14}{\376\377\000T\000h\000e\000\040\000R\000e\000v\000e\000r\000s\000i\000b\000i\000l\000i\000t\000y\000\040\000L\000i\000m\000i\000t}{subsection.9.4}% 80
\BOOKMARK [2][-]{subsection.9.5}{\376\377\000S\000u\000m\000m\000a\000r\000y\000:\000\040\000T\000h\000e\000\040\000P\000a\000r\000t\000i\000t\000i\000o\000n\000\040\000F\000o\000u\000n\000d\000a\000t\000i\000o\000n\000\040\000o\000f\000\040\000P\000h\000y\000s\000i\000c\000s}{section.9}% 81
\BOOKMARK [2][-]{subsection.9.6}{\376\377\000F\000u\000t\000u\000r\000e\000\040\000D\000i\000r\000e\000c\000t\000i\000o\000n\000s}{section.9}% 82
\BOOKMARK [1][-]{section.10}{\376\377\000C\000o\000n\000c\000l\000u\000s\000i\000o\000n}{}% 83
