\BOOKMARK [1][-]{section.1}{\376\377\000I\000n\000t\000r\000o\000d\000u\000c\000t\000i\000o\000n}{}% 1
\BOOKMARK [2][-]{subsection.1.1}{\376\377\000T\000h\000e\000\040\000F\000o\000r\000w\000a\000r\000d\000-\000S\000i\000m\000u\000l\000a\000t\000i\000o\000n\000\040\000P\000a\000r\000a\000d\000i\000g\000m}{section.1}% 2
\BOOKMARK [2][-]{subsection.1.2}{\376\377\000L\000i\000m\000i\000t\000a\000t\000i\000o\000n\000s\000\040\000o\000f\000\040\000F\000o\000r\000w\000a\000r\000d\000\040\000S\000i\000m\000u\000l\000a\000t\000i\000o\000n}{section.1}% 3
\BOOKMARK [2][-]{subsection.1.3}{\376\377\000T\000h\000e\000\040\000P\000a\000r\000t\000i\000t\000i\000o\000n\000\040\000S\000y\000n\000t\000h\000e\000s\000i\000s\000\040\000A\000l\000t\000e\000r\000n\000a\000t\000i\000v\000e}{section.1}% 4
\BOOKMARK [2][-]{subsection.1.4}{\376\377\000T\000h\000r\000e\000e\000-\000D\000i\000m\000e\000n\000s\000i\000o\000n\000a\000l\000\040\000S\000-\000E\000n\000t\000r\000o\000p\000y\000\040\000S\000p\000a\000c\000e}{section.1}% 5
\BOOKMARK [2][-]{subsection.1.5}{\376\377\000T\000e\000r\000n\000a\000r\000y\000\040\000R\000e\000p\000r\000e\000s\000e\000n\000t\000a\000t\000i\000o\000n}{section.1}% 6
\BOOKMARK [2][-]{subsection.1.6}{\376\377\000C\000o\000n\000t\000r\000i\000b\000u\000t\000i\000o\000n\000s\000\040\000a\000n\000d\000\040\000O\000u\000t\000l\000i\000n\000e}{section.1}% 7
\BOOKMARK [1][-]{section.2}{\376\377\000M\000a\000t\000h\000e\000m\000a\000t\000i\000c\000a\000l\000\040\000F\000o\000u\000n\000d\000a\000t\000i\000o\000n\000s}{}% 8
\BOOKMARK [2][-]{subsection.2.1}{\376\377\000S\000-\000E\000n\000t\000r\000o\000p\000y\000\040\000C\000o\000o\000r\000d\000i\000n\000a\000t\000e\000\040\000S\000p\000a\000c\000e}{section.2}% 9
\BOOKMARK [2][-]{subsection.2.2}{\376\377\000T\000e\000r\000n\000a\000r\000y\000\040\000A\000d\000d\000r\000e\000s\000s\000e\000s}{section.2}% 10
\BOOKMARK [2][-]{subsection.2.3}{\376\377\000C\000e\000l\000l\000\040\000P\000a\000r\000t\000i\000t\000i\000o\000n\000\040\000H\000i\000e\000r\000a\000r\000c\000h\000y}{section.2}% 11
\BOOKMARK [2][-]{subsection.2.4}{\376\377\000A\000d\000d\000r\000e\000s\000s\000-\000C\000o\000o\000r\000d\000i\000n\000a\000t\000e\000\040\000M\000a\000p\000p\000i\000n\000g}{section.2}% 12
\BOOKMARK [2][-]{subsection.2.5}{\376\377\000C\000o\000n\000t\000i\000n\000u\000o\000u\000s\000\040\000E\000m\000e\000r\000g\000e\000n\000c\000e}{section.2}% 13
\BOOKMARK [1][-]{section.3}{\376\377\000P\000a\000r\000t\000i\000t\000i\000o\000n\000\040\000D\000e\000t\000e\000r\000m\000i\000n\000i\000s\000m}{}% 14
\BOOKMARK [2][-]{subsection.3.1}{\376\377\000T\000h\000e\000\040\000D\000e\000t\000e\000r\000m\000i\000n\000i\000s\000m\000\040\000A\000x\000i\000o\000m}{section.3}% 15
\BOOKMARK [2][-]{subsection.3.2}{\376\377\000O\000b\000s\000e\000r\000v\000a\000b\000l\000e\000\040\000F\000u\000n\000c\000t\000i\000o\000n\000s}{section.3}% 16
\BOOKMARK [2][-]{subsection.3.3}{\376\377\000T\000h\000e\000\040\000D\000e\000t\000e\000r\000m\000i\000n\000i\000s\000m\000\040\000T\000h\000e\000o\000r\000e\000m}{section.3}% 17
\BOOKMARK [2][-]{subsection.3.4}{\376\377\000C\000o\000m\000p\000a\000r\000i\000s\000o\000n\000\040\000t\000o\000\040\000P\000h\000y\000s\000i\000c\000a\000l\000\040\000D\000e\000t\000e\000r\000m\000i\000n\000i\000s\000m}{section.3}% 18
\BOOKMARK [1][-]{section.4}{\376\377\000T\000r\000a\000j\000e\000c\000t\000o\000r\000y\000-\000P\000o\000s\000i\000t\000i\000o\000n\000\040\000E\000q\000u\000i\000v\000a\000l\000e\000n\000c\000e}{}% 19
\BOOKMARK [2][-]{subsection.4.1}{\376\377\000U\000n\000i\000f\000i\000e\000d\000\040\000R\000e\000p\000r\000e\000s\000e\000n\000t\000a\000t\000i\000o\000n}{section.4}% 20
\BOOKMARK [2][-]{subsection.4.2}{\376\377\000P\000h\000y\000s\000i\000c\000a\000l\000\040\000I\000n\000t\000e\000r\000p\000r\000e\000t\000a\000t\000i\000o\000n}{section.4}% 21
\BOOKMARK [2][-]{subsection.4.3}{\376\377\000T\000r\000a\000j\000e\000c\000t\000o\000r\000y\000\040\000C\000o\000m\000p\000l\000e\000t\000i\000o\000n}{section.4}% 22
\BOOKMARK [2][-]{subsection.4.4}{\376\377\000I\000m\000p\000l\000i\000c\000a\000t\000i\000o\000n\000s\000\040\000f\000o\000r\000\040\000C\000o\000m\000p\000u\000t\000a\000t\000i\000o\000n}{section.4}% 23
\BOOKMARK [1][-]{section.5}{\376\377\000O\000b\000s\000e\000r\000v\000a\000b\000l\000e\000\040\000E\000x\000t\000r\000a\000c\000t\000i\000o\000n}{}% 24
\BOOKMARK [2][-]{subsection.5.1}{\376\377\000P\000a\000r\000t\000i\000t\000i\000o\000n\000\040\000C\000o\000o\000r\000d\000i\000n\000a\000t\000e\000s}{section.5}% 25
\BOOKMARK [2][-]{subsection.5.2}{\376\377\000M\000a\000s\000s\000\040\000E\000x\000t\000r\000a\000c\000t\000i\000o\000n}{section.5}% 26
\BOOKMARK [2][-]{subsection.5.3}{\376\377\000R\000e\000t\000e\000n\000t\000i\000o\000n\000\040\000T\000i\000m\000e\000\040\000E\000x\000t\000r\000a\000c\000t\000i\000o\000n}{section.5}% 27
\BOOKMARK [2][-]{subsection.5.4}{\376\377\000F\000r\000a\000g\000m\000e\000n\000t\000a\000t\000i\000o\000n\000\040\000E\000x\000t\000r\000a\000c\000t\000i\000o\000n}{section.5}% 28
\BOOKMARK [2][-]{subsection.5.5}{\376\377\000I\000s\000o\000t\000o\000p\000e\000\040\000P\000a\000t\000t\000e\000r\000n\000\040\000E\000x\000t\000r\000a\000c\000t\000i\000o\000n}{section.5}% 29
\BOOKMARK [1][-]{section.6}{\376\377\000M\000a\000s\000s\000\040\000C\000o\000m\000p\000u\000t\000i\000n\000g\000\040\000a\000s\000\040\000I\000o\000n\000\040\000J\000o\000u\000r\000n\000e\000y}{}% 30
\BOOKMARK [2][-]{subsection.6.1}{\376\377\000C\000o\000m\000p\000u\000t\000i\000n\000g\000\040\000=\000\040\000P\000r\000o\000c\000e\000s\000s\000i\000n\000g\000\040\000=\000\040\000O\000b\000s\000e\000r\000v\000a\000t\000i\000o\000n}{section.6}% 31
\BOOKMARK [2][-]{subsection.6.2}{\376\377\000T\000h\000e\000\040\000E\000i\000g\000h\000t\000-\000S\000t\000a\000g\000e\000\040\000I\000o\000n\000\040\000J\000o\000u\000r\000n\000e\000y}{section.6}% 32
\BOOKMARK [2][-]{subsection.6.3}{\376\377\000C\000r\000o\000s\000s\000-\000P\000l\000a\000t\000f\000o\000r\000m\000\040\000D\000e\000m\000o\000n\000s\000t\000r\000a\000t\000i\000o\000n}{section.6}% 33
\BOOKMARK [2][-]{subsection.6.4}{\376\377\000T\000e\000m\000p\000l\000a\000t\000e\000-\000B\000a\000s\000e\000d\000\040\000A\000n\000a\000l\000y\000s\000i\000s}{section.6}% 34
\BOOKMARK [2][-]{subsection.6.5}{\376\377\000C\000o\000m\000p\000a\000r\000i\000s\000o\000n\000\040\000t\000o\000\040\000P\000h\000y\000s\000i\000c\000a\000l\000\040\000E\000x\000p\000e\000r\000i\000m\000e\000n\000t\000s}{section.6}% 35
\BOOKMARK [1][-]{section.7}{\376\377\000E\000x\000p\000e\000r\000i\000m\000e\000n\000t\000a\000l\000\040\000V\000a\000l\000i\000d\000a\000t\000i\000o\000n}{}% 36
\BOOKMARK [2][-]{subsection.7.1}{\376\377\000D\000a\000t\000a\000s\000e\000t\000s}{section.7}% 37
\BOOKMARK [2][-]{subsection.7.2}{\376\377\000I\000n\000s\000t\000r\000u\000m\000e\000n\000t\000\040\000P\000l\000a\000t\000f\000o\000r\000m\000s}{section.7}% 38
\BOOKMARK [2][-]{subsection.7.3}{\376\377\000V\000a\000l\000i\000d\000a\000t\000i\000o\000n\000\040\000P\000r\000o\000t\000o\000c\000o\000l}{section.7}% 39
\BOOKMARK [2][-]{subsection.7.4}{\376\377\000R\000e\000s\000u\000l\000t\000s}{section.7}% 40
\BOOKMARK [3][-]{subsubsection.7.4.1}{\376\377\000M\000a\000s\000s\000\040\000A\000c\000c\000u\000r\000a\000c\000y}{subsection.7.4}% 41
\BOOKMARK [3][-]{subsubsection.7.4.2}{\376\377\000R\000e\000t\000e\000n\000t\000i\000o\000n\000\040\000T\000i\000m\000e\000\040\000A\000c\000c\000u\000r\000a\000c\000y}{subsection.7.4}% 42
\BOOKMARK [3][-]{subsubsection.7.4.3}{\376\377\000F\000r\000a\000g\000m\000e\000n\000t\000\040\000A\000c\000c\000u\000r\000a\000c\000y}{subsection.7.4}% 43
\BOOKMARK [3][-]{subsubsection.7.4.4}{\376\377\000P\000l\000a\000t\000f\000o\000r\000m\000\040\000I\000n\000d\000e\000p\000e\000n\000d\000e\000n\000c\000e}{subsection.7.4}% 44
\BOOKMARK [3][-]{subsubsection.7.4.5}{\376\377\000O\000v\000e\000r\000a\000l\000l\000\040\000A\000c\000c\000u\000r\000a\000c\000y}{subsection.7.4}% 45
\BOOKMARK [2][-]{subsection.7.5}{\376\377\000C\000o\000m\000p\000u\000t\000a\000t\000i\000o\000n\000\040\000T\000i\000m\000e}{section.7}% 46
\BOOKMARK [2][-]{subsection.7.6}{\376\377\000R\000e\000a\000l\000-\000D\000a\000t\000a\000\040\000P\000i\000p\000e\000l\000i\000n\000e\000\040\000V\000a\000l\000i\000d\000a\000t\000i\000o\000n}{section.7}% 47
\BOOKMARK [3][-]{subsubsection.7.6.1}{\376\377\000D\000a\000t\000a\000\040\000C\000h\000a\000r\000a\000c\000t\000e\000r\000i\000s\000t\000i\000c\000s}{subsection.7.6}% 48
\BOOKMARK [3][-]{subsubsection.7.6.2}{\376\377\000S\000-\000E\000n\000t\000r\000o\000p\000y\000\040\000C\000o\000o\000r\000d\000i\000n\000a\000t\000e\000\040\000E\000x\000t\000r\000a\000c\000t\000i\000o\000n}{subsection.7.6}% 49
\BOOKMARK [3][-]{subsubsection.7.6.3}{\376\377\000P\000h\000y\000s\000i\000c\000s\000\040\000P\000a\000r\000a\000m\000e\000t\000e\000r\000\040\000E\000x\000t\000r\000a\000c\000t\000i\000o\000n}{subsection.7.6}% 50
\BOOKMARK [3][-]{subsubsection.7.6.4}{\376\377\000M\000e\000m\000o\000r\000y\000\040\000A\000d\000d\000r\000e\000s\000s\000\040\000E\000n\000c\000o\000d\000i\000n\000g}{subsection.7.6}% 51
\BOOKMARK [3][-]{subsubsection.7.6.5}{\376\377\000P\000i\000p\000e\000l\000i\000n\000e\000\040\000S\000t\000a\000g\000e\000\040\000R\000e\000s\000u\000l\000t\000s}{subsection.7.6}% 52
\BOOKMARK [1][-]{section.8}{\376\377\000E\000x\000t\000e\000n\000d\000e\000d\000\040\000V\000a\000l\000i\000d\000a\000t\000i\000o\000n\000\040\000M\000e\000t\000h\000o\000d\000s}{}% 53
\BOOKMARK [2][-]{subsection.8.1}{\376\377\000C\000i\000r\000c\000u\000l\000a\000r\000\040\000V\000a\000l\000i\000d\000a\000t\000i\000o\000n\000:\000\040\000C\000a\000r\000d\000i\000n\000a\000l\000\040\000W\000a\000l\000k\000\040\000C\000l\000o\000s\000u\000r\000e}{section.8}% 54
\BOOKMARK [3][-]{subsubsection.8.1.1}{\376\377\000C\000a\000r\000d\000i\000n\000a\000l\000\040\000D\000i\000r\000e\000c\000t\000i\000o\000n\000\040\000M\000a\000p\000p\000i\000n\000g}{subsection.8.1}% 55
\BOOKMARK [3][-]{subsubsection.8.1.2}{\376\377\000W\000a\000l\000k\000\040\000P\000a\000t\000h\000\040\000a\000n\000d\000\040\000C\000l\000o\000s\000u\000r\000e}{subsection.8.1}% 56
\BOOKMARK [3][-]{subsubsection.8.1.3}{\376\377\000P\000h\000y\000s\000i\000c\000a\000l\000\040\000I\000n\000t\000e\000r\000p\000r\000e\000t\000a\000t\000i\000o\000n}{subsection.8.1}% 57
\BOOKMARK [2][-]{subsection.8.2}{\376\377\000C\000o\000m\000p\000u\000t\000e\000r\000\040\000V\000i\000s\000i\000o\000n\000:\000\040\000T\000h\000e\000r\000m\000o\000d\000y\000n\000a\000m\000i\000c\000\040\000D\000r\000o\000p\000l\000e\000t\000\040\000E\000n\000c\000o\000d\000i\000n\000g}{section.8}% 58
\BOOKMARK [3][-]{subsubsection.8.2.1}{\376\377\000D\000r\000o\000p\000l\000e\000t\000\040\000P\000a\000r\000a\000m\000e\000t\000e\000r\000\040\000M\000a\000p\000p\000i\000n\000g}{subsection.8.2}% 59
\BOOKMARK [3][-]{subsubsection.8.2.2}{\376\377\000W\000a\000v\000e\000\040\000P\000a\000t\000t\000e\000r\000n\000\040\000G\000e\000n\000e\000r\000a\000t\000i\000o\000n}{subsection.8.2}% 60
\BOOKMARK [3][-]{subsubsection.8.2.3}{\376\377\000B\000i\000j\000e\000c\000t\000i\000v\000i\000t\000y\000\040\000a\000n\000d\000\040\000P\000h\000y\000s\000i\000c\000s\000\040\000V\000a\000l\000i\000d\000a\000t\000i\000o\000n}{subsection.8.2}% 61
\BOOKMARK [3][-]{subsubsection.8.2.4}{\376\377\000C\000V\000\040\000F\000e\000a\000t\000u\000r\000e\000\040\000E\000x\000t\000r\000a\000c\000t\000i\000o\000n}{subsection.8.2}% 62
\BOOKMARK [2][-]{subsection.8.3}{\376\377\000H\000i\000e\000r\000a\000r\000c\000h\000i\000c\000a\000l\000\040\000F\000r\000a\000g\000m\000e\000n\000t\000a\000t\000i\000o\000n\000\040\000C\000o\000n\000s\000t\000r\000a\000i\000n\000t\000s}{section.8}% 63
\BOOKMARK [3][-]{subsubsection.8.3.1}{\376\377\000C\000o\000n\000s\000t\000r\000a\000i\000n\000t\000\040\000D\000e\000f\000i\000n\000i\000t\000i\000o\000n\000s}{subsection.8.3}% 64
\BOOKMARK [3][-]{subsubsection.8.3.2}{\376\377\000A\000g\000g\000r\000e\000g\000a\000t\000e\000\040\000S\000c\000o\000r\000i\000n\000g}{subsection.8.3}% 65
\BOOKMARK [2][-]{subsection.8.4}{\376\377\000C\000o\000m\000b\000i\000n\000e\000d\000\040\000V\000a\000l\000i\000d\000a\000t\000i\000o\000n\000\040\000R\000e\000s\000u\000l\000t\000s}{section.8}% 66
\BOOKMARK [1][-]{section.9}{\376\377\000I\000m\000p\000l\000e\000m\000e\000n\000t\000a\000t\000i\000o\000n}{}% 67
\BOOKMARK [2][-]{subsection.9.1}{\376\377\000A\000r\000c\000h\000i\000t\000e\000c\000t\000u\000r\000e}{section.9}% 68
\BOOKMARK [2][-]{subsection.9.2}{\376\377\000B\000i\000j\000e\000c\000t\000i\000v\000e\000\040\000T\000r\000a\000n\000s\000f\000o\000r\000m\000a\000t\000i\000o\000n\000\040\000V\000a\000l\000i\000d\000a\000t\000i\000o\000n}{section.9}% 69
\BOOKMARK [2][-]{subsection.9.3}{\376\377\000T\000h\000e\000r\000m\000o\000d\000y\000n\000a\000m\000i\000c\000\040\000V\000a\000l\000i\000d\000a\000t\000i\000o\000n}{section.9}% 70
\BOOKMARK [2][-]{subsection.9.4}{\376\377\000S\000o\000f\000t\000w\000a\000r\000e\000\040\000A\000v\000a\000i\000l\000a\000b\000i\000l\000i\000t\000y}{section.9}% 71
\BOOKMARK [1][-]{section.10}{\376\377\000D\000i\000s\000c\000u\000s\000s\000i\000o\000n}{}% 72
\BOOKMARK [2][-]{subsection.10.1}{\376\377\000P\000a\000r\000a\000d\000i\000g\000m\000\040\000S\000h\000i\000f\000t}{section.10}% 73
\BOOKMARK [2][-]{subsection.10.2}{\376\377\000R\000e\000l\000a\000t\000i\000o\000n\000\040\000t\000o\000\040\000P\000h\000y\000s\000i\000c\000a\000l\000\040\000M\000e\000a\000s\000u\000r\000e\000m\000e\000n\000t}{section.10}% 74
\BOOKMARK [2][-]{subsection.10.3}{\376\377\000L\000i\000m\000i\000t\000a\000t\000i\000o\000n\000s}{section.10}% 75
\BOOKMARK [2][-]{subsection.10.4}{\376\377\000F\000u\000t\000u\000r\000e\000\040\000D\000i\000r\000e\000c\000t\000i\000o\000n\000s}{section.10}% 76
\BOOKMARK [1][-]{section.11}{\376\377\000C\000o\000n\000c\000l\000u\000s\000i\000o\000n}{}% 77
