\BOOKMARK [1][-]{section.1}{\376\377\000A\000\040\000S\000i\000n\000g\000l\000e\000\040\000I\000o\000n}{}% 1
\BOOKMARK [1][-]{section.2}{\376\377\000I\000o\000n\000i\000z\000a\000t\000i\000o\000n\000:\000\040\000T\000h\000e\000\040\000F\000i\000r\000s\000t\000\040\000P\000a\000r\000t\000i\000t\000i\000o\000n}{}% 2
\BOOKMARK [2][-]{subsection.2.1}{\376\377\000T\000h\000e\000\040\000E\000l\000e\000c\000t\000r\000o\000s\000p\000r\000a\000y\000\040\000P\000r\000o\000c\000e\000s\000s}{section.2}% 3
\BOOKMARK [2][-]{subsection.2.2}{\376\377\000P\000a\000r\000t\000i\000t\000i\000o\000n\000\040\000C\000o\000o\000r\000d\000i\000n\000a\000t\000e\000s\000\040\000a\000t\000\040\000I\000o\000n\000i\000z\000a\000t\000i\000o\000n}{section.2}% 4
\BOOKMARK [2][-]{subsection.2.3}{\376\377\000S\000t\000a\000t\000e\000\040\000C\000a\000p\000a\000c\000i\000t\000y}{section.2}% 5
\BOOKMARK [1][-]{section.3}{\376\377\000C\000h\000r\000o\000m\000a\000t\000o\000g\000r\000a\000p\000h\000y\000:\000\040\000P\000a\000r\000t\000i\000t\000i\000o\000n\000\040\000T\000r\000a\000v\000e\000r\000s\000a\000l}{}% 6
\BOOKMARK [2][-]{subsection.3.1}{\376\377\000T\000h\000e\000\040\000C\000h\000r\000o\000m\000a\000t\000o\000g\000r\000a\000p\000h\000i\000c\000\040\000T\000r\000a\000j\000e\000c\000t\000o\000r\000y}{section.3}% 7
\BOOKMARK [2][-]{subsection.3.2}{\376\377\000C\000l\000a\000s\000s\000i\000c\000a\000l\000\040\000v\000s\000\040\000P\000a\000r\000t\000i\000t\000i\000o\000n\000\040\000D\000e\000s\000c\000r\000i\000p\000t\000i\000o\000n}{section.3}% 8
\BOOKMARK [1][-]{section.4}{\376\377\000D\000e\000s\000o\000l\000v\000a\000t\000i\000o\000n\000:\000\040\000E\000n\000e\000r\000g\000y\000\040\000T\000r\000a\000n\000s\000f\000e\000r}{}% 9
\BOOKMARK [2][-]{subsection.4.1}{\376\377\000C\000o\000l\000l\000i\000s\000i\000o\000n\000a\000l\000\040\000E\000n\000e\000r\000g\000y\000\040\000T\000r\000a\000n\000s\000f\000e\000r}{section.4}% 10
\BOOKMARK [2][-]{subsection.4.2}{\376\377\000C\000l\000a\000s\000s\000i\000c\000a\000l\000\040\000D\000e\000s\000c\000r\000i\000p\000t\000i\000o\000n}{section.4}% 11
\BOOKMARK [2][-]{subsection.4.3}{\376\377\000Q\000u\000a\000n\000t\000u\000m\000\040\000D\000e\000s\000c\000r\000i\000p\000t\000i\000o\000n}{section.4}% 12
\BOOKMARK [2][-]{subsection.4.4}{\376\377\000E\000q\000u\000i\000v\000a\000l\000e\000n\000c\000e\000\040\000T\000h\000r\000o\000u\000g\000h\000\040\000P\000a\000r\000t\000i\000t\000i\000o\000n\000\040\000C\000o\000o\000r\000d\000i\000n\000a\000t\000e\000s}{section.4}% 13
\BOOKMARK [1][-]{section.5}{\376\377\000A\000c\000c\000e\000l\000e\000r\000a\000t\000i\000o\000n\000:\000\040\000C\000l\000a\000s\000s\000i\000c\000a\000l\000\040\000T\000r\000a\000j\000e\000c\000t\000o\000r\000y}{}% 14
\BOOKMARK [2][-]{subsection.5.1}{\376\377\000I\000o\000n\000\040\000O\000p\000t\000i\000c\000s}{section.5}% 15
\BOOKMARK [2][-]{subsection.5.2}{\376\377\000P\000h\000a\000s\000e\000\040\000S\000p\000a\000c\000e\000\040\000T\000r\000a\000j\000e\000c\000t\000o\000r\000y}{section.5}% 16
\BOOKMARK [2][-]{subsection.5.3}{\376\377\000P\000a\000r\000t\000i\000t\000i\000o\000n\000\040\000S\000t\000r\000u\000c\000t\000u\000r\000e\000\040\000i\000n\000\040\000P\000h\000a\000s\000e\000\040\000S\000p\000a\000c\000e}{section.5}% 17
\BOOKMARK [1][-]{section.6}{\376\377\000M\000a\000s\000s\000\040\000A\000n\000a\000l\000y\000s\000i\000s\000:\000\040\000T\000h\000e\000\040\000C\000e\000n\000t\000r\000a\000l\000\040\000M\000e\000a\000s\000u\000r\000e\000m\000e\000n\000t}{}% 18
\BOOKMARK [2][-]{subsection.6.1}{\376\377\000F\000o\000u\000r\000\040\000P\000l\000a\000t\000f\000o\000r\000m\000s\000,\000\040\000O\000n\000e\000\040\000M\000a\000s\000s}{section.6}% 19
\BOOKMARK [2][-]{subsection.6.2}{\376\377\000W\000h\000y\000\040\000A\000g\000r\000e\000e\000m\000e\000n\000t\000?}{section.6}% 20
\BOOKMARK [2][-]{subsection.6.3}{\376\377\000P\000a\000r\000t\000i\000t\000i\000o\000n\000\040\000C\000o\000o\000r\000d\000i\000n\000a\000t\000e\000s\000\040\000i\000n\000\040\000M\000a\000s\000s\000\040\000A\000n\000a\000l\000y\000z\000e\000r\000s}{section.6}% 21
\BOOKMARK [1][-]{section.7}{\376\377\000F\000r\000a\000g\000m\000e\000n\000t\000a\000t\000i\000o\000n\000:\000\040\000P\000a\000r\000t\000i\000t\000i\000o\000n\000\040\000O\000p\000e\000r\000a\000t\000i\000o\000n\000s}{}% 22
\BOOKMARK [2][-]{subsection.7.1}{\376\377\000C\000o\000l\000l\000i\000s\000i\000o\000n\000-\000I\000n\000d\000u\000c\000e\000d\000\040\000D\000i\000s\000s\000o\000c\000i\000a\000t\000i\000o\000n}{section.7}% 23
\BOOKMARK [2][-]{subsection.7.2}{\376\377\000C\000l\000a\000s\000s\000i\000c\000a\000l\000\040\000D\000e\000s\000c\000r\000i\000p\000t\000i\000o\000n\000\040\000o\000f\000\040\000F\000r\000a\000g\000m\000e\000n\000t\000a\000t\000i\000o\000n}{section.7}% 24
\BOOKMARK [2][-]{subsection.7.3}{\376\377\000Q\000u\000a\000n\000t\000u\000m\000\040\000D\000e\000s\000c\000r\000i\000p\000t\000i\000o\000n\000\040\000o\000f\000\040\000F\000r\000a\000g\000m\000e\000n\000t\000a\000t\000i\000o\000n}{section.7}% 25
\BOOKMARK [2][-]{subsection.7.4}{\376\377\000P\000a\000r\000t\000i\000t\000i\000o\000n\000\040\000D\000e\000s\000c\000r\000i\000p\000t\000i\000o\000n\000\040\000o\000f\000\040\000F\000r\000a\000g\000m\000e\000n\000t\000a\000t\000i\000o\000n}{section.7}% 26
\BOOKMARK [2][-]{subsection.7.5}{\376\377\000E\000q\000u\000i\000v\000a\000l\000e\000n\000c\000e\000\040\000o\000f\000\040\000D\000e\000s\000c\000r\000i\000p\000t\000i\000o\000n\000s}{section.7}% 27
\BOOKMARK [1][-]{section.8}{\376\377\000D\000e\000t\000e\000c\000t\000i\000o\000n\000:\000\040\000T\000r\000a\000j\000e\000c\000t\000o\000r\000y\000\040\000C\000o\000m\000p\000l\000e\000t\000i\000o\000n}{}% 28
\BOOKMARK [2][-]{subsection.8.1}{\376\377\000T\000h\000e\000\040\000D\000e\000t\000e\000c\000t\000i\000o\000n\000\040\000E\000v\000e\000n\000t}{section.8}% 29
\BOOKMARK [2][-]{subsection.8.2}{\376\377\000E\000n\000t\000r\000o\000p\000y\000\040\000G\000e\000n\000e\000r\000a\000t\000i\000o\000n}{section.8}% 30
\BOOKMARK [2][-]{subsection.8.3}{\376\377\000W\000h\000y\000\040\000D\000e\000t\000e\000c\000t\000i\000o\000n\000\040\000i\000s\000\040\000I\000r\000r\000e\000v\000e\000r\000s\000i\000b\000l\000e}{section.8}% 31
\BOOKMARK [2][-]{subsection.8.4}{\376\377\000T\000h\000e\000\040\000M\000e\000a\000s\000u\000r\000e\000m\000e\000n\000t\000\040\000R\000e\000c\000o\000r\000d}{section.8}% 32
\BOOKMARK [1][-]{section.9}{\376\377\000T\000h\000e\000\040\000P\000a\000r\000t\000i\000t\000i\000o\000n\000\040\000C\000o\000o\000r\000d\000i\000n\000a\000t\000e\000s}{}% 33
\BOOKMARK [2][-]{subsection.9.1}{\376\377\000D\000e\000f\000i\000n\000i\000t\000i\000o\000n}{section.9}% 34
\BOOKMARK [2][-]{subsection.9.2}{\376\377\000R\000e\000l\000a\000t\000i\000o\000n\000\040\000t\000o\000\040\000C\000l\000a\000s\000s\000i\000c\000a\000l\000\040\000V\000a\000r\000i\000a\000b\000l\000e\000s}{section.9}% 35
\BOOKMARK [2][-]{subsection.9.3}{\376\377\000R\000e\000l\000a\000t\000i\000o\000n\000\040\000t\000o\000\040\000Q\000u\000a\000n\000t\000u\000m\000\040\000O\000b\000s\000e\000r\000v\000a\000b\000l\000e\000s}{section.9}% 36
\BOOKMARK [2][-]{subsection.9.4}{\376\377\000M\000a\000s\000s\000\040\000f\000r\000o\000m\000\040\000P\000a\000r\000t\000i\000t\000i\000o\000n\000\040\000C\000o\000o\000r\000d\000i\000n\000a\000t\000e\000s}{section.9}% 37
\BOOKMARK [1][-]{section.10}{\376\377\000T\000r\000a\000n\000s\000p\000o\000r\000t\000\040\000C\000o\000e\000f\000f\000i\000c\000i\000e\000n\000t\000s}{}% 38
\BOOKMARK [2][-]{subsection.10.1}{\376\377\000P\000a\000r\000t\000i\000t\000i\000o\000n\000\040\000L\000a\000g}{section.10}% 39
\BOOKMARK [2][-]{subsection.10.2}{\376\377\000V\000i\000s\000c\000o\000s\000i\000t\000y}{section.10}% 40
\BOOKMARK [2][-]{subsection.10.3}{\376\377\000D\000i\000f\000f\000u\000s\000i\000v\000i\000t\000y}{section.10}% 41
\BOOKMARK [2][-]{subsection.10.4}{\376\377\000E\000l\000e\000c\000t\000r\000i\000c\000a\000l\000\040\000C\000o\000n\000d\000u\000c\000t\000i\000v\000i\000t\000y}{section.10}% 42
\BOOKMARK [2][-]{subsection.10.5}{\376\377\000S\000u\000p\000e\000r\000c\000o\000n\000d\000u\000c\000t\000i\000v\000i\000t\000y}{section.10}% 43
\BOOKMARK [1][-]{section.11}{\376\377\000E\000x\000p\000e\000r\000i\000m\000e\000n\000t\000a\000l\000\040\000V\000a\000l\000i\000d\000a\000t\000i\000o\000n}{}% 44
\BOOKMARK [2][-]{subsection.11.1}{\376\377\000M\000a\000s\000s\000\040\000A\000c\000c\000u\000r\000a\000c\000y\000\040\000A\000c\000r\000o\000s\000s\000\040\000P\000l\000a\000t\000f\000o\000r\000m\000s}{section.11}% 45
\BOOKMARK [2][-]{subsection.11.2}{\376\377\000F\000r\000a\000g\000m\000e\000n\000t\000a\000t\000i\000o\000n\000\040\000P\000a\000t\000t\000e\000r\000n\000\040\000P\000r\000e\000d\000i\000c\000t\000i\000o\000n\000s}{section.11}% 46
\BOOKMARK [2][-]{subsection.11.3}{\376\377\000T\000r\000a\000j\000e\000c\000t\000o\000r\000y\000\040\000C\000o\000m\000p\000l\000e\000t\000i\000o\000n\000\040\000S\000t\000a\000t\000i\000s\000t\000i\000c\000s}{section.11}% 47
\BOOKMARK [1][-]{section.12}{\376\377\000B\000i\000j\000e\000c\000t\000i\000v\000e\000\040\000V\000a\000l\000i\000d\000a\000t\000i\000o\000n\000:\000\040\000I\000n\000t\000e\000r\000n\000a\000l\000\040\000C\000o\000n\000s\000i\000s\000t\000e\000n\000c\000y\000\040\000W\000i\000t\000h\000o\000u\000t\000\040\000G\000r\000o\000u\000n\000d\000\040\000T\000r\000u\000t\000h}{}% 48
\BOOKMARK [2][-]{subsection.12.1}{\376\377\000T\000h\000e\000\040\000V\000a\000l\000i\000d\000a\000t\000i\000o\000n\000\040\000P\000r\000o\000b\000l\000e\000m}{section.12}% 49
\BOOKMARK [2][-]{subsection.12.2}{\376\377\000I\000o\000n\000-\000t\000o\000-\000D\000r\000o\000p\000l\000e\000t\000\040\000T\000r\000a\000n\000s\000f\000o\000r\000m\000a\000t\000i\000o\000n}{section.12}% 50
\BOOKMARK [2][-]{subsection.12.3}{\376\377\000P\000h\000y\000s\000i\000c\000s\000\040\000V\000a\000l\000i\000d\000a\000t\000i\000o\000n\000\040\000v\000i\000a\000\040\000D\000i\000m\000e\000n\000s\000i\000o\000n\000l\000e\000s\000s\000\040\000N\000u\000m\000b\000e\000r\000s}{section.12}% 51
\BOOKMARK [2][-]{subsection.12.4}{\376\377\000F\000r\000a\000g\000m\000e\000n\000t\000\040\000S\000u\000b\000s\000e\000t\000\040\000V\000a\000l\000i\000d\000a\000t\000i\000o\000n}{section.12}% 52
\BOOKMARK [2][-]{subsection.12.5}{\376\377\000C\000i\000r\000c\000u\000l\000a\000r\000\040\000V\000a\000l\000i\000d\000a\000t\000i\000o\000n}{section.12}% 53
\BOOKMARK [1][-]{section.13}{\376\377\000D\000i\000s\000c\000u\000s\000s\000i\000o\000n}{}% 54
\BOOKMARK [2][-]{subsection.13.1}{\376\377\000T\000h\000e\000\040\000I\000o\000n\000'\000s\000\040\000P\000e\000r\000s\000p\000e\000c\000t\000i\000v\000e}{section.13}% 55
\BOOKMARK [2][-]{subsection.13.2}{\376\377\000W\000h\000y\000\040\000t\000h\000e\000\040\000D\000e\000s\000c\000r\000i\000p\000t\000i\000o\000n\000s\000\040\000A\000g\000r\000e\000e}{section.13}% 56
\BOOKMARK [2][-]{subsection.13.3}{\376\377\000T\000h\000e\000\040\000R\000o\000l\000e\000\040\000o\000f\000\040\000M\000e\000a\000s\000u\000r\000e\000m\000e\000n\000t\000\040\000R\000e\000s\000o\000l\000u\000t\000i\000o\000n}{section.13}% 57
\BOOKMARK [2][-]{subsection.13.4}{\376\377\000I\000m\000p\000l\000i\000c\000a\000t\000i\000o\000n\000s}{section.13}% 58
\BOOKMARK [1][-]{section.14}{\376\377\000C\000o\000n\000c\000l\000u\000s\000i\000o\000n}{}% 59
