\BOOKMARK [0][-]{part.1}{\376\377\000I\000\040\000F\000o\000u\000n\000d\000a\000t\000i\000o\000n\000s}{}% 1
\BOOKMARK [1][-]{section.1}{\376\377\000I\000n\000t\000r\000o\000d\000u\000c\000t\000i\000o\000n}{part.1}% 2
\BOOKMARK [2][-]{subsection.1.1}{\376\377\000T\000h\000r\000e\000e\000\040\000P\000a\000r\000a\000d\000i\000g\000m\000s\000\040\000f\000o\000r\000\040\000C\000o\000m\000p\000u\000t\000a\000t\000i\000o\000n\000a\000l\000\040\000M\000a\000s\000s\000\040\000S\000p\000e\000c\000t\000r\000o\000m\000e\000t\000r\000y}{section.1}% 3
\BOOKMARK [2][-]{subsection.1.2}{\376\377\000T\000h\000e\000\040\000C\000e\000n\000t\000r\000a\000l\000\040\000C\000l\000a\000i\000m}{section.1}% 4
\BOOKMARK [2][-]{subsection.1.3}{\376\377\000S\000c\000o\000p\000e\000\040\000a\000n\000d\000\040\000C\000o\000n\000t\000r\000i\000b\000u\000t\000i\000o\000n\000s}{section.1}% 5
\BOOKMARK [2][-]{subsection.1.4}{\376\377\000P\000a\000p\000e\000r\000\040\000S\000t\000r\000u\000c\000t\000u\000r\000e}{section.1}% 6
\BOOKMARK [1][-]{section.2}{\376\377\000B\000o\000u\000n\000d\000e\000d\000\040\000P\000h\000a\000s\000e\000\040\000S\000p\000a\000c\000e\000\040\000a\000n\000d\000\040\000O\000s\000c\000i\000l\000l\000a\000t\000o\000r\000y\000\040\000N\000e\000c\000e\000s\000s\000i\000t\000y}{part.1}% 7
\BOOKMARK [2][-]{subsection.2.1}{\376\377\000T\000h\000e\000\040\000A\000x\000i\000o\000m}{section.2}% 8
\BOOKMARK [2][-]{subsection.2.2}{\376\377\000P\000o\000i\000n\000c\000a\000r\000\351\000\040\000R\000e\000c\000u\000r\000r\000e\000n\000c\000e}{section.2}% 9
\BOOKMARK [2][-]{subsection.2.3}{\376\377\000O\000s\000c\000i\000l\000l\000a\000t\000o\000r\000y\000\040\000N\000e\000c\000e\000s\000s\000i\000t\000y}{section.2}% 10
\BOOKMARK [1][-]{section.3}{\376\377\000T\000h\000e\000\040\000T\000r\000i\000p\000l\000e\000\040\000E\000q\000u\000i\000v\000a\000l\000e\000n\000c\000e}{part.1}% 11
\BOOKMARK [2][-]{subsection.3.1}{\376\377\000T\000h\000r\000e\000e\000\040\000D\000e\000s\000c\000r\000i\000p\000t\000i\000o\000n\000s\000\040\000o\000f\000\040\000B\000o\000u\000n\000d\000e\000d\000\040\000D\000y\000n\000a\000m\000i\000c\000s}{section.3}% 12
\BOOKMARK [2][-]{subsection.3.2}{\376\377\000T\000h\000e\000\040\000F\000u\000n\000d\000a\000m\000e\000n\000t\000a\000l\000\040\000I\000d\000e\000n\000t\000i\000t\000y}{section.3}% 13
\BOOKMARK [2][-]{subsection.3.3}{\376\377\000P\000r\000o\000c\000e\000s\000s\000o\000r\000-\000O\000s\000c\000i\000l\000l\000a\000t\000o\000r\000\040\000D\000u\000a\000l\000i\000t\000y}{section.3}% 14
\BOOKMARK [2][-]{subsection.3.4}{\376\377\000O\000b\000s\000e\000r\000v\000a\000t\000i\000o\000n\000-\000C\000o\000m\000p\000u\000t\000a\000t\000i\000o\000n\000\040\000E\000q\000u\000i\000v\000a\000l\000e\000n\000c\000e}{section.3}% 15
\BOOKMARK [1][-]{section.4}{\376\377\000S\000-\000E\000n\000t\000r\000o\000p\000y\000\040\000C\000o\000o\000r\000d\000i\000n\000a\000t\000e\000s\000\040\000a\000n\000d\000\040\000T\000e\000r\000n\000a\000r\000y\000\040\000E\000n\000c\000o\000d\000i\000n\000g}{part.1}% 16
\BOOKMARK [2][-]{subsection.4.1}{\376\377\000T\000h\000r\000e\000e\000\040\000D\000i\000m\000e\000n\000s\000i\000o\000n\000s\000\040\000o\000f\000\040\000M\000o\000l\000e\000c\000u\000l\000a\000r\000\040\000I\000d\000e\000n\000t\000i\000t\000y}{section.4}% 17
\BOOKMARK [2][-]{subsection.4.2}{\376\377\000T\000e\000r\000n\000a\000r\000y\000\040\000E\000n\000c\000o\000d\000i\000n\000g}{section.4}% 18
\BOOKMARK [1][-]{section.5}{\376\377\000T\000h\000e\000\040\000P\000a\000r\000t\000i\000t\000i\000o\000n\000\040\000L\000a\000g\000r\000a\000n\000g\000i\000a\000n\000\040\000a\000n\000d\000\040\000M\000a\000s\000s\000\040\000C\000o\000m\000p\000u\000t\000i\000n\000g}{part.1}% 19
\BOOKMARK [2][-]{subsection.5.1}{\376\377\000I\000o\000n\000s\000\040\000a\000s\000\040\000P\000a\000r\000t\000i\000t\000i\000o\000n\000\040\000M\000a\000l\000f\000o\000r\000m\000a\000t\000i\000o\000n\000s}{section.5}% 20
\BOOKMARK [2][-]{subsection.5.2}{\376\377\000C\000o\000n\000s\000t\000r\000u\000c\000t\000i\000o\000n\000\040\000o\000f\000\040\000t\000h\000e\000\040\000L\000a\000g\000r\000a\000n\000g\000i\000a\000n}{section.5}% 21
\BOOKMARK [2][-]{subsection.5.3}{\376\377\000A\000l\000l\000\040\000F\000o\000u\000r\000\040\000A\000n\000a\000l\000y\000s\000e\000r\000\040\000E\000q\000u\000a\000t\000i\000o\000n\000s}{section.5}% 22
\BOOKMARK [2][-]{subsection.5.4}{\376\377\000P\000a\000r\000t\000i\000t\000i\000o\000n\000\040\000D\000e\000t\000e\000r\000m\000i\000n\000i\000s\000m}{section.5}% 23
\BOOKMARK [0][-]{part.2}{\376\377\000I\000I\000\040\000T\000h\000e\000\040\000O\000b\000s\000e\000r\000v\000a\000t\000i\000o\000n\000\040\000A\000p\000p\000a\000r\000a\000t\000u\000s}{}% 24
\BOOKMARK [1][-]{section.6}{\376\377\000G\000P\000U\000\040\000F\000r\000a\000g\000m\000e\000n\000t\000\040\000S\000h\000a\000d\000e\000r\000s\000\040\000a\000s\000\040\000O\000b\000s\000e\000r\000v\000a\000t\000i\000o\000n\000\040\000A\000p\000p\000a\000r\000a\000t\000u\000s}{part.2}% 25
\BOOKMARK [2][-]{subsection.6.1}{\376\377\000T\000h\000e\000\040\000S\000t\000a\000n\000d\000a\000r\000d\000\040\000\050\000W\000r\000o\000n\000g\000\051\000\040\000V\000i\000e\000w}{section.6}% 26
\BOOKMARK [2][-]{subsection.6.2}{\376\377\000T\000h\000e\000\040\000C\000o\000r\000r\000e\000c\000t\000\040\000V\000i\000e\000w}{section.6}% 27
\BOOKMARK [2][-]{subsection.6.3}{\376\377\000F\000o\000u\000r\000-\000P\000a\000s\000s\000\040\000O\000b\000s\000e\000r\000v\000a\000t\000i\000o\000n\000\040\000A\000r\000c\000h\000i\000t\000e\000c\000t\000u\000r\000e}{section.6}% 28
\BOOKMARK [2][-]{subsection.6.4}{\376\377\000W\000h\000y\000\040\000A\000d\000d\000i\000t\000i\000v\000e\000\040\000B\000l\000e\000n\000d\000i\000n\000g\000\040\000R\000e\000p\000l\000a\000c\000e\000s\000\040\000t\000h\000e\000\040\000L\000o\000o\000p}{section.6}% 29
\BOOKMARK [2][-]{subsection.6.5}{\376\377\000T\000h\000e\000\040\000R\000e\000a\000d\000b\000a\000c\000k\000\040\000I\000n\000t\000e\000r\000f\000a\000c\000e}{section.6}% 30
\BOOKMARK [1][-]{section.7}{\376\377\000O\000\050\0001\000\051\000\040\000M\000e\000m\000o\000r\000y\000\040\000A\000r\000c\000h\000i\000t\000e\000c\000t\000u\000r\000e}{part.2}% 31
\BOOKMARK [2][-]{subsection.7.1}{\376\377\000T\000h\000e\000\040\000S\000t\000o\000r\000a\000g\000e\000\040\000P\000r\000o\000b\000l\000e\000m}{section.7}% 32
\BOOKMARK [2][-]{subsection.7.2}{\376\377\000O\000b\000s\000e\000r\000v\000a\000t\000i\000o\000n\000\040\000i\000s\000\040\000F\000r\000e\000e\000\040\000t\000o\000\040\000R\000e\000-\000p\000e\000r\000f\000o\000r\000m}{section.7}% 33
\BOOKMARK [2][-]{subsection.7.3}{\376\377\000S\000t\000r\000e\000a\000m\000i\000n\000g\000\040\000A\000r\000c\000h\000i\000t\000e\000c\000t\000u\000r\000e}{section.7}% 34
\BOOKMARK [1][-]{section.8}{\376\377\000P\000h\000y\000s\000i\000c\000a\000l\000\040\000Q\000u\000a\000l\000i\000t\000y\000\040\000M\000e\000t\000r\000i\000c\000s}{part.2}% 35
\BOOKMARK [2][-]{subsection.8.1}{\376\377\000G\000P\000U\000\040\000O\000b\000s\000e\000r\000v\000a\000t\000i\000o\000n\000s\000\040\000a\000s\000\040\000P\000h\000y\000s\000i\000c\000a\000l\000\040\000O\000b\000s\000e\000r\000v\000a\000b\000l\000e\000s}{section.8}% 36
\BOOKMARK [0][-]{part.3}{\376\377\000I\000I\000I\000\040\000P\000u\000r\000p\000o\000s\000e\000\040\000a\000n\000d\000\040\000t\000h\000e\000\040\000C\000o\000m\000p\000i\000l\000e\000d\000\040\000P\000r\000o\000b\000e}{}% 37
\BOOKMARK [1][-]{section.9}{\376\377\000P\000u\000r\000p\000o\000s\000e\000\040\000a\000s\000\040\000P\000h\000a\000s\000e\000\040\000S\000p\000a\000c\000e\000\040\000C\000o\000n\000s\000t\000r\000a\000i\000n\000t}{part.3}% 38
\BOOKMARK [2][-]{subsection.9.1}{\376\377\000D\000o\000m\000a\000i\000n\000\040\000C\000o\000n\000t\000e\000x\000t\000\040\000a\000s\000\040\000I\000n\000f\000o\000r\000m\000a\000t\000i\000o\000n}{section.9}% 39
\BOOKMARK [2][-]{subsection.9.2}{\376\377\000S\000e\000l\000e\000c\000t\000i\000v\000e\000\040\000G\000e\000n\000e\000r\000a\000t\000i\000o\000n}{section.9}% 40
\BOOKMARK [2][-]{subsection.9.3}{\376\377\000T\000h\000e\000\040\000L\000a\000n\000d\000a\000u\000e\000r\000\040\000C\000o\000s\000t\000\040\000o\000f\000\040\000D\000o\000m\000a\000i\000n\000\040\000K\000n\000o\000w\000l\000e\000d\000g\000e}{section.9}% 41
\BOOKMARK [1][-]{section.10}{\376\377\000T\000h\000e\000\040\000C\000o\000m\000p\000i\000l\000e\000d\000\040\000P\000r\000o\000b\000e}{part.3}% 42
\BOOKMARK [2][-]{subsection.10.1}{\376\377\000A\000r\000c\000h\000i\000t\000e\000c\000t\000u\000r\000e}{section.10}% 43
\BOOKMARK [2][-]{subsection.10.2}{\376\377\000M\000a\000s\000s\000S\000c\000r\000i\000p\000t\000\040\000a\000s\000\040\000O\000p\000e\000r\000a\000t\000i\000o\000n\000\040\000V\000o\000c\000a\000b\000u\000l\000a\000r\000y}{section.10}% 44
\BOOKMARK [2][-]{subsection.10.3}{\376\377\000G\000P\000U\000-\000S\000u\000p\000e\000r\000v\000i\000s\000e\000d\000\040\000T\000r\000a\000i\000n\000i\000n\000g}{section.10}% 45
\BOOKMARK [2][-]{subsection.10.4}{\376\377\000P\000e\000r\000f\000o\000r\000m\000a\000n\000c\000e\000\040\000E\000s\000t\000i\000m\000a\000t\000e\000s}{section.10}% 46
\BOOKMARK [1][-]{section.11}{\376\377\000D\000u\000a\000l\000-\000P\000a\000t\000h\000\040\000I\000n\000t\000e\000r\000f\000e\000r\000e\000n\000c\000e\000\040\000O\000b\000s\000e\000r\000v\000a\000t\000i\000o\000n}{part.3}% 47
\BOOKMARK [2][-]{subsection.11.1}{\376\377\000T\000w\000o\000\040\000O\000s\000c\000i\000l\000l\000a\000t\000o\000r\000y\000\040\000R\000e\000p\000r\000e\000s\000e\000n\000t\000a\000t\000i\000o\000n\000s}{section.11}% 48
\BOOKMARK [2][-]{subsection.11.2}{\376\377\000I\000n\000t\000e\000r\000f\000e\000r\000e\000n\000c\000e\000\040\000a\000s\000\040\000P\000h\000y\000s\000i\000c\000a\000l\000\040\000M\000e\000a\000s\000u\000r\000e\000m\000e\000n\000t}{section.11}% 49
\BOOKMARK [0][-]{part.4}{\376\377\000I\000V\000\040\000V\000a\000l\000i\000d\000a\000t\000i\000o\000n}{}% 50
\BOOKMARK [1][-]{section.12}{\376\377\000E\000x\000p\000e\000r\000i\000m\000e\000n\000t\000a\000l\000\040\000V\000a\000l\000i\000d\000a\000t\000i\000o\000n}{part.4}% 51
\BOOKMARK [2][-]{subsection.12.1}{\376\377\000S\000-\000E\000n\000t\000r\000o\000p\000y\000\040\000C\000o\000o\000r\000d\000i\000n\000a\000t\000e\000s\000\040\000a\000n\000d\000\040\000U\000n\000i\000q\000u\000e\000\040\000R\000e\000s\000o\000l\000u\000t\000i\000o\000n}{section.12}% 52
\BOOKMARK [2][-]{subsection.12.2}{\376\377\000A\000n\000a\000l\000y\000s\000e\000r\000\040\000S\000c\000a\000l\000i\000n\000g\000\040\000L\000a\000w\000s}{section.12}% 53
\BOOKMARK [2][-]{subsection.12.3}{\376\377\000C\000h\000e\000m\000i\000c\000a\000l\000\040\000F\000a\000m\000i\000l\000y\000\040\000C\000o\000h\000e\000s\000i\000o\000n}{section.12}% 54
\BOOKMARK [2][-]{subsection.12.4}{\376\377\000G\000P\000U\000\040\000O\000b\000s\000e\000r\000v\000a\000t\000i\000o\000n\000\040\000V\000a\000l\000i\000d\000a\000t\000i\000o\000n}{section.12}% 55
\BOOKMARK [2][-]{subsection.12.5}{\376\377\000P\000u\000r\000p\000o\000s\000e\000-\000B\000a\000s\000e\000d\000\040\000R\000e\000d\000u\000c\000t\000i\000o\000n}{section.12}% 56
\BOOKMARK [2][-]{subsection.12.6}{\376\377\000C\000o\000m\000p\000l\000e\000x\000i\000t\000y\000\040\000A\000n\000a\000l\000y\000s\000i\000s}{section.12}% 57
\BOOKMARK [1][-]{section.13}{\376\377\000P\000e\000r\000f\000o\000r\000m\000a\000n\000c\000e\000\040\000A\000n\000a\000l\000y\000s\000i\000s}{part.4}% 58
\BOOKMARK [2][-]{subsection.13.1}{\376\377\000O\000b\000s\000e\000r\000v\000a\000t\000i\000o\000n\000\040\000T\000h\000r\000o\000u\000g\000h\000p\000u\000t}{section.13}% 59
\BOOKMARK [2][-]{subsection.13.2}{\376\377\000T\000r\000a\000i\000n\000i\000n\000g\000\040\000P\000e\000r\000f\000o\000r\000m\000a\000n\000c\000e}{section.13}% 60
\BOOKMARK [2][-]{subsection.13.3}{\376\377\000M\000e\000m\000o\000r\000y\000\040\000B\000u\000d\000g\000e\000t}{section.13}% 61
\BOOKMARK [0][-]{part.5}{\376\377\000V\000\040\000D\000i\000s\000c\000u\000s\000s\000i\000o\000n\000\040\000a\000n\000d\000\040\000C\000o\000n\000c\000l\000u\000s\000i\000o\000n}{}% 62
\BOOKMARK [1][-]{section.14}{\376\377\000D\000i\000s\000c\000u\000s\000s\000i\000o\000n}{part.5}% 63
\BOOKMARK [2][-]{subsection.14.1}{\376\377\000W\000h\000a\000t\000\040\000H\000a\000s\000\040\000B\000e\000e\000n\000\040\000D\000e\000m\000o\000n\000s\000t\000r\000a\000t\000e\000d}{section.14}% 64
\BOOKMARK [2][-]{subsection.14.2}{\376\377\000W\000h\000y\000\040\000T\000h\000i\000s\000\040\000I\000s\000\040\000N\000o\000t\000\040\000V\000i\000s\000u\000a\000l\000i\000s\000a\000t\000i\000o\000n}{section.14}% 65
\BOOKMARK [2][-]{subsection.14.3}{\376\377\000W\000h\000y\000\040\000T\000h\000i\000s\000\040\000I\000s\000\040\000N\000o\000t\000\040\000G\000P\000U\000\040\000A\000c\000c\000e\000l\000e\000r\000a\000t\000i\000o\000n}{section.14}% 66
\BOOKMARK [2][-]{subsection.14.4}{\376\377\000U\000n\000i\000v\000e\000r\000s\000a\000l\000i\000t\000y\000\040\000B\000e\000y\000o\000n\000d\000\040\000M\000a\000s\000s\000\040\000S\000p\000e\000c\000t\000r\000o\000m\000e\000t\000r\000y}{section.14}% 67
\BOOKMARK [2][-]{subsection.14.5}{\376\377\000T\000h\000e\000\040\000T\000h\000r\000e\000e\000-\000L\000a\000y\000e\000r\000\040\000A\000r\000c\000h\000i\000t\000e\000c\000t\000u\000r\000e}{section.14}% 68
\BOOKMARK [2][-]{subsection.14.6}{\376\377\000L\000i\000m\000i\000t\000a\000t\000i\000o\000n\000s}{section.14}% 69
\BOOKMARK [2][-]{subsection.14.7}{\376\377\000F\000a\000l\000s\000i\000f\000i\000a\000b\000l\000e\000\040\000P\000r\000e\000d\000i\000c\000t\000i\000o\000n\000s}{section.14}% 70
\BOOKMARK [1][-]{section.15}{\376\377\000C\000o\000n\000c\000l\000u\000s\000i\000o\000n}{part.5}% 71
