\BOOKMARK [1][-]{section.1}{\376\377\000I\000n\000t\000r\000o\000d\000u\000c\000t\000i\000o\000n}{}% 1
\BOOKMARK [2][-]{subsection.1.1}{\376\377\000T\000h\000e\000\040\000D\000e\000s\000c\000r\000i\000p\000t\000i\000o\000n\000\040\000P\000r\000o\000b\000l\000e\000m}{section.1}% 2
\BOOKMARK [2][-]{subsection.1.2}{\376\377\000T\000h\000e\000\040\000E\000q\000u\000i\000v\000a\000l\000e\000n\000c\000e\000\040\000H\000y\000p\000o\000t\000h\000e\000s\000i\000s}{section.1}% 3
\BOOKMARK [2][-]{subsection.1.3}{\376\377\000T\000h\000e\000\040\000U\000n\000i\000o\000n\000\040\000o\000f\000\040\000T\000w\000o\000\040\000C\000r\000o\000w\000n\000s}{section.1}% 4
\BOOKMARK [2][-]{subsection.1.4}{\376\377\000W\000h\000y\000\040\000E\000q\000u\000i\000v\000a\000l\000e\000n\000c\000e\000\040\000M\000a\000t\000t\000e\000r\000s}{section.1}% 5
\BOOKMARK [2][-]{subsection.1.5}{\376\377\000B\000o\000u\000n\000d\000e\000d\000\040\000P\000h\000a\000s\000e\000\040\000S\000p\000a\000c\000e\000\040\000a\000s\000\040\000F\000o\000u\000n\000d\000a\000t\000i\000o\000n}{section.1}% 6
\BOOKMARK [2][-]{subsection.1.6}{\376\377\000F\000r\000a\000g\000m\000e\000n\000t\000a\000t\000i\000o\000n\000\040\000a\000s\000\040\000C\000o\000o\000r\000d\000i\000n\000a\000t\000e\000\040\000C\000h\000a\000n\000g\000e}{section.1}% 7
\BOOKMARK [2][-]{subsection.1.7}{\376\377\000S\000e\000l\000e\000c\000t\000i\000o\000n\000\040\000R\000u\000l\000e\000s\000\040\000f\000r\000o\000m\000\040\000G\000e\000o\000m\000e\000t\000r\000y}{section.1}% 8
\BOOKMARK [2][-]{subsection.1.8}{\376\377\000P\000h\000a\000s\000e\000-\000L\000o\000c\000k\000\040\000N\000e\000t\000w\000o\000r\000k\000s}{section.1}% 9
\BOOKMARK [2][-]{subsection.1.9}{\376\377\000E\000x\000p\000e\000r\000i\000m\000e\000n\000t\000a\000l\000\040\000V\000a\000l\000i\000d\000a\000t\000i\000o\000n\000\040\000S\000t\000r\000a\000t\000e\000g\000y}{section.1}% 10
\BOOKMARK [2][-]{subsection.1.10}{\376\377\000S\000c\000o\000p\000e\000\040\000a\000n\000d\000\040\000O\000r\000g\000a\000n\000i\000z\000a\000t\000i\000o\000n}{section.1}% 11
\BOOKMARK [1][-]{section.2}{\376\377\000T\000h\000r\000e\000e\000\040\000D\000e\000s\000c\000r\000i\000p\000t\000i\000o\000n\000s}{}% 12
\BOOKMARK [2][-]{subsection.2.1}{\376\377\000O\000s\000c\000i\000l\000l\000a\000t\000o\000r\000y\000\040\000D\000e\000s\000c\000r\000i\000p\000t\000i\000o\000n\000:\000\040\000I\000o\000n\000s\000\040\000a\000s\000\040\000H\000a\000r\000m\000o\000n\000i\000c\000\040\000O\000s\000c\000i\000l\000l\000a\000t\000o\000r\000s}{section.2}% 13
\BOOKMARK [3][-]{subsubsection.2.1.1}{\376\377\000F\000u\000n\000d\000a\000m\000e\000n\000t\000a\000l\000\040\000E\000q\000u\000a\000t\000i\000o\000n}{subsection.2.1}% 14
\BOOKMARK [3][-]{subsubsection.2.1.2}{\376\377\000Q\000u\000a\000d\000r\000u\000p\000o\000l\000e\000\040\000F\000i\000e\000l\000d\000s}{subsection.2.1}% 15
\BOOKMARK [3][-]{subsubsection.2.1.3}{\376\377\000S\000e\000c\000u\000l\000a\000r\000\040\000M\000o\000t\000i\000o\000n}{subsection.2.1}% 16
\BOOKMARK [3][-]{subsubsection.2.1.4}{\376\377\000P\000h\000y\000s\000i\000c\000a\000l\000\040\000I\000n\000t\000e\000r\000p\000r\000e\000t\000a\000t\000i\000o\000n}{subsection.2.1}% 17
\BOOKMARK [3][-]{subsubsection.2.1.5}{\376\377\000E\000x\000a\000m\000p\000l\000e\000:\000\040\000P\000e\000p\000t\000i\000d\000e\000\040\000I\000o\000n\000\040\000i\000n\000\040\000Q\000u\000a\000d\000r\000u\000p\000o\000l\000e}{subsection.2.1}% 18
\BOOKMARK [2][-]{subsection.2.2}{\376\377\000C\000a\000t\000e\000g\000o\000r\000i\000c\000a\000l\000\040\000D\000e\000s\000c\000r\000i\000p\000t\000i\000o\000n\000:\000\040\000I\000o\000n\000s\000\040\000a\000s\000\040\000D\000i\000s\000c\000r\000e\000t\000e\000\040\000S\000t\000a\000t\000e\000s}{section.2}% 19
\BOOKMARK [3][-]{subsubsection.2.2.1}{\376\377\000F\000u\000n\000d\000a\000m\000e\000n\000t\000a\000l\000\040\000S\000t\000r\000u\000c\000t\000u\000r\000e}{subsection.2.2}% 20
\BOOKMARK [3][-]{subsubsection.2.2.2}{\376\377\000C\000a\000t\000e\000g\000o\000r\000i\000c\000a\000l\000\040\000H\000a\000m\000i\000l\000t\000o\000n\000i\000a\000n}{subsection.2.2}% 21
\BOOKMARK [3][-]{subsubsection.2.2.3}{\376\377\000F\000r\000a\000g\000m\000e\000n\000t\000a\000t\000i\000o\000n\000\040\000D\000y\000n\000a\000m\000i\000c\000s}{subsection.2.2}% 22
\BOOKMARK [3][-]{subsubsection.2.2.4}{\376\377\000P\000h\000y\000s\000i\000c\000a\000l\000\040\000I\000n\000t\000e\000r\000p\000r\000e\000t\000a\000t\000i\000o\000n}{subsection.2.2}% 23
\BOOKMARK [3][-]{subsubsection.2.2.5}{\376\377\000E\000x\000a\000m\000p\000l\000e\000:\000\040\000P\000e\000p\000t\000i\000d\000e\000\040\000F\000r\000a\000g\000m\000e\000n\000t\000a\000t\000i\000o\000n}{subsection.2.2}% 24
\BOOKMARK [2][-]{subsection.2.3}{\376\377\000P\000a\000r\000t\000i\000t\000i\000o\000n\000\040\000D\000e\000s\000c\000r\000i\000p\000t\000i\000o\000n\000:\000\040\000I\000o\000n\000s\000\040\000a\000s\000\040\000Q\000u\000a\000n\000t\000u\000m\000\040\000N\000u\000m\000b\000e\000r\000\040\000S\000t\000a\000t\000e\000s}{section.2}% 25
\BOOKMARK [3][-]{subsubsection.2.3.1}{\376\377\000F\000u\000n\000d\000a\000m\000e\000n\000t\000a\000l\000\040\000C\000o\000o\000r\000d\000i\000n\000a\000t\000e\000s}{subsection.2.3}% 26
\BOOKMARK [3][-]{subsubsection.2.3.2}{\376\377\000P\000a\000r\000t\000i\000t\000i\000o\000n\000\040\000S\000t\000a\000t\000e\000\040\000S\000p\000a\000c\000e}{subsection.2.3}% 27
\BOOKMARK [3][-]{subsubsection.2.3.3}{\376\377\000P\000h\000y\000s\000i\000c\000a\000l\000\040\000I\000n\000t\000e\000r\000p\000r\000e\000t\000a\000t\000i\000o\000n}{subsection.2.3}% 28
\BOOKMARK [3][-]{subsubsection.2.3.4}{\376\377\000E\000x\000a\000m\000p\000l\000e\000:\000\040\000P\000e\000p\000t\000i\000d\000e\000\040\000i\000n\000\040\000P\000a\000r\000t\000i\000t\000i\000o\000n\000\040\000C\000o\000o\000r\000d\000i\000n\000a\000t\000e\000s}{subsection.2.3}% 29
\BOOKMARK [2][-]{subsection.2.4}{\376\377\000C\000o\000m\000p\000a\000r\000i\000s\000o\000n\000\040\000o\000f\000\040\000D\000e\000s\000c\000r\000i\000p\000t\000i\000o\000n\000s}{section.2}% 30
\BOOKMARK [2][-]{subsection.2.5}{\376\377\000W\000h\000y\000\040\000T\000h\000r\000e\000e\000\040\000D\000e\000s\000c\000r\000i\000p\000t\000i\000o\000n\000s\000?}{section.2}% 31
\BOOKMARK [1][-]{section.3}{\376\377\000T\000r\000i\000p\000l\000e\000\040\000E\000q\000u\000i\000v\000a\000l\000e\000n\000c\000e\000\040\000T\000h\000e\000o\000r\000e\000m}{}% 32
\BOOKMARK [2][-]{subsection.3.1}{\376\377\000I\000n\000t\000u\000i\000t\000i\000o\000n\000\040\000B\000e\000f\000o\000r\000e\000\040\000F\000o\000r\000m\000a\000l\000i\000s\000m}{section.3}% 33
\BOOKMARK [2][-]{subsection.3.2}{\376\377\000F\000o\000r\000m\000a\000l\000\040\000S\000t\000a\000t\000e\000m\000e\000n\000t}{section.3}% 34
\BOOKMARK [2][-]{subsection.3.3}{\376\377\000P\000r\000o\000o\000f\000\040\000o\000f\000\040\000T\000r\000i\000p\000l\000e\000\040\000E\000q\000u\000i\000v\000a\000l\000e\000n\000c\000e}{section.3}% 35
\BOOKMARK [3][-]{subsubsection.3.3.1}{\376\377\000S\000t\000e\000p\000\040\0001\000:\000\040\000O\000s\000c\000i\000l\000l\000a\000t\000o\000r\000y\000\040\000t\000o\000\040\000C\000a\000t\000e\000g\000o\000r\000i\000c\000a\000l\000\040\000\050\000O\000\040\000C\000\051}{subsection.3.3}% 36
\BOOKMARK [3][-]{subsubsection.3.3.2}{\376\377\000S\000t\000e\000p\000\040\0002\000:\000\040\000C\000a\000t\000e\000g\000o\000r\000i\000c\000a\000l\000\040\000t\000o\000\040\000P\000a\000r\000t\000i\000t\000i\000o\000n\000\040\000\050\000C\000\040\000P\000\051}{subsection.3.3}% 37
\BOOKMARK [3][-]{subsubsection.3.3.3}{\376\377\000S\000t\000e\000p\000\040\0003\000:\000\040\000P\000a\000r\000t\000i\000t\000i\000o\000n\000\040\000t\000o\000\040\000O\000s\000c\000i\000l\000l\000a\000t\000o\000r\000y\000\040\000\050\000P\000\040\000O\000\051}{subsection.3.3}% 38
\BOOKMARK [3][-]{subsubsection.3.3.4}{\376\377\000S\000t\000e\000p\000\040\0004\000:\000\040\000C\000y\000c\000l\000i\000c\000i\000t\000y\000\040\000\050\000C\000o\000m\000p\000o\000s\000i\000t\000i\000o\000n\000\040\000I\000d\000e\000n\000t\000i\000t\000y\000\051}{subsection.3.3}% 39
\BOOKMARK [3][-]{subsubsection.3.3.5}{\376\377\000S\000t\000e\000p\000\040\0005\000:\000\040\000O\000b\000s\000e\000r\000v\000a\000b\000l\000e\000\040\000C\000o\000v\000a\000r\000i\000a\000n\000c\000e}{subsection.3.3}% 40
\BOOKMARK [2][-]{subsection.3.4}{\376\377\000O\000b\000s\000e\000r\000v\000a\000b\000l\000e\000\040\000C\000o\000r\000r\000e\000s\000p\000o\000n\000d\000e\000n\000c\000e}{section.3}% 41
\BOOKMARK [2][-]{subsection.3.5}{\376\377\000I\000n\000f\000o\000r\000m\000a\000t\000i\000o\000n\000\040\000E\000q\000u\000i\000v\000a\000l\000e\000n\000c\000e}{section.3}% 42
\BOOKMARK [2][-]{subsection.3.6}{\376\377\000E\000x\000a\000m\000p\000l\000e\000:\000\040\000P\000e\000p\000t\000i\000d\000e\000\040\000I\000o\000n\000\040\000A\000c\000r\000o\000s\000s\000\040\000D\000e\000s\000c\000r\000i\000p\000t\000i\000o\000n\000s}{section.3}% 43
\BOOKMARK [2][-]{subsection.3.7}{\376\377\000I\000m\000p\000l\000i\000c\000a\000t\000i\000o\000n\000s\000\040\000o\000f\000\040\000E\000q\000u\000i\000v\000a\000l\000e\000n\000c\000e}{section.3}% 44
\BOOKMARK [1][-]{section.4}{\376\377\000F\000r\000a\000g\000m\000e\000n\000t\000a\000t\000i\000o\000n\000\040\000i\000n\000\040\000T\000h\000r\000e\000e\000\040\000D\000e\000s\000c\000r\000i\000p\000t\000i\000o\000n\000s}{}% 45
\BOOKMARK [2][-]{subsection.4.1}{\376\377\000O\000s\000c\000i\000l\000l\000a\000t\000o\000r\000y\000\040\000F\000r\000a\000g\000m\000e\000n\000t\000a\000t\000i\000o\000n\000:\000\040\000B\000o\000n\000d\000\040\000D\000i\000s\000s\000o\000c\000i\000a\000t\000i\000o\000n}{section.4}% 46
\BOOKMARK [3][-]{subsubsection.4.1.1}{\376\377\000E\000n\000e\000r\000g\000y\000\040\000C\000r\000i\000t\000e\000r\000i\000o\000n}{subsection.4.1}% 47
\BOOKMARK [3][-]{subsubsection.4.1.2}{\376\377\000A\000r\000r\000h\000e\000n\000i\000u\000s\000\040\000K\000i\000n\000e\000t\000i\000c\000s}{subsection.4.1}% 48
\BOOKMARK [3][-]{subsubsection.4.1.3}{\376\377\000C\000o\000l\000l\000i\000s\000i\000o\000n\000\040\000E\000n\000e\000r\000g\000y\000\040\000D\000e\000p\000e\000n\000d\000e\000n\000c\000e}{subsection.4.1}% 49
\BOOKMARK [3][-]{subsubsection.4.1.4}{\376\377\000F\000r\000a\000g\000m\000e\000n\000t\000\040\000M\000a\000s\000s\000\040\000P\000r\000e\000d\000i\000c\000t\000i\000o\000n}{subsection.4.1}% 50
\BOOKMARK [3][-]{subsubsection.4.1.5}{\376\377\000P\000h\000y\000s\000i\000c\000a\000l\000\040\000I\000n\000t\000e\000r\000p\000r\000e\000t\000a\000t\000i\000o\000n}{subsection.4.1}% 51
\BOOKMARK [3][-]{subsubsection.4.1.6}{\376\377\000E\000x\000a\000m\000p\000l\000e\000:\000\040\000P\000e\000p\000t\000i\000d\000e\000\040\000B\000o\000n\000d\000\040\000C\000l\000e\000a\000v\000a\000g\000e}{subsection.4.1}% 52
\BOOKMARK [2][-]{subsection.4.2}{\376\377\000C\000a\000t\000e\000g\000o\000r\000i\000c\000a\000l\000\040\000F\000r\000a\000g\000m\000e\000n\000t\000a\000t\000i\000o\000n\000:\000\040\000S\000t\000a\000t\000e\000\040\000T\000r\000a\000n\000s\000i\000t\000i\000o\000n\000s}{section.4}% 53
\BOOKMARK [3][-]{subsubsection.4.2.1}{\376\377\000F\000r\000a\000g\000m\000e\000n\000t\000a\000t\000i\000o\000n\000\040\000O\000p\000e\000r\000a\000t\000o\000r}{subsection.4.2}% 54
\BOOKMARK [3][-]{subsubsection.4.2.2}{\376\377\000F\000e\000r\000m\000i\000'\000s\000\040\000G\000o\000l\000d\000e\000n\000\040\000R\000u\000l\000e}{subsection.4.2}% 55
\BOOKMARK [3][-]{subsubsection.4.2.3}{\376\377\000S\000e\000l\000e\000c\000t\000i\000o\000n\000\040\000R\000u\000l\000e\000s}{subsection.4.2}% 56
\BOOKMARK [3][-]{subsubsection.4.2.4}{\376\377\000F\000r\000a\000g\000m\000e\000n\000t\000\040\000M\000a\000s\000s\000\040\000P\000r\000e\000d\000i\000c\000t\000i\000o\000n}{subsection.4.2}% 57
\BOOKMARK [3][-]{subsubsection.4.2.5}{\376\377\000P\000h\000y\000s\000i\000c\000a\000l\000\040\000I\000n\000t\000e\000r\000p\000r\000e\000t\000a\000t\000i\000o\000n}{subsection.4.2}% 58
\BOOKMARK [3][-]{subsubsection.4.2.6}{\376\377\000E\000x\000a\000m\000p\000l\000e\000:\000\040\000P\000e\000p\000t\000i\000d\000e\000\040\000B\000o\000n\000d\000\040\000C\000l\000e\000a\000v\000a\000g\000e}{subsection.4.2}% 59
\BOOKMARK [2][-]{subsection.4.3}{\376\377\000P\000a\000r\000t\000i\000t\000i\000o\000n\000\040\000F\000r\000a\000g\000m\000e\000n\000t\000a\000t\000i\000o\000n\000:\000\040\000C\000o\000o\000r\000d\000i\000n\000a\000t\000e\000\040\000C\000h\000a\000n\000g\000e\000s}{section.4}% 60
\BOOKMARK [3][-]{subsubsection.4.3.1}{\376\377\000S\000t\000a\000t\000e\000\040\000C\000o\000u\000n\000t\000i\000n\000g\000\040\000P\000e\000r\000s\000p\000e\000c\000t\000i\000v\000e}{subsection.4.3}% 61
\BOOKMARK [3][-]{subsubsection.4.3.2}{\376\377\000C\000o\000n\000s\000e\000r\000v\000a\000t\000i\000o\000n\000\040\000L\000a\000w\000s}{subsection.4.3}% 62
\BOOKMARK [3][-]{subsubsection.4.3.3}{\376\377\000S\000e\000l\000e\000c\000t\000i\000o\000n\000\040\000R\000u\000l\000e\000s}{subsection.4.3}% 63
\BOOKMARK [3][-]{subsubsection.4.3.4}{\376\377\000F\000r\000a\000g\000m\000e\000n\000t\000\040\000M\000a\000s\000s\000\040\000P\000r\000e\000d\000i\000c\000t\000i\000o\000n}{subsection.4.3}% 64
\BOOKMARK [3][-]{subsubsection.4.3.5}{\376\377\000T\000i\000m\000e\000-\000S\000t\000a\000t\000e\000\040\000I\000d\000e\000n\000t\000i\000t\000y}{subsection.4.3}% 65
\BOOKMARK [3][-]{subsubsection.4.3.6}{\376\377\000P\000h\000y\000s\000i\000c\000a\000l\000\040\000I\000n\000t\000e\000r\000p\000r\000e\000t\000a\000t\000i\000o\000n}{subsection.4.3}% 66
\BOOKMARK [3][-]{subsubsection.4.3.7}{\376\377\000E\000x\000a\000m\000p\000l\000e\000:\000\040\000P\000e\000p\000t\000i\000d\000e\000\040\000B\000o\000n\000d\000\040\000C\000l\000e\000a\000v\000a\000g\000e}{subsection.4.3}% 67
\BOOKMARK [2][-]{subsection.4.4}{\376\377\000E\000q\000u\000i\000v\000a\000l\000e\000n\000c\000e\000\040\000o\000f\000\040\000F\000r\000a\000g\000m\000e\000n\000t\000a\000t\000i\000o\000n\000\040\000D\000e\000s\000c\000r\000i\000p\000t\000i\000o\000n\000s}{section.4}% 68
\BOOKMARK [2][-]{subsection.4.5}{\376\377\000E\000x\000p\000e\000r\000i\000m\000e\000n\000t\000a\000l\000\040\000V\000a\000l\000i\000d\000a\000t\000i\000o\000n\000\040\000S\000t\000r\000a\000t\000e\000g\000y}{section.4}% 69
\BOOKMARK [2][-]{subsection.4.6}{\376\377\000I\000m\000p\000l\000i\000c\000a\000t\000i\000o\000n\000s}{section.4}% 70
\BOOKMARK [1][-]{section.5}{\376\377\000S\000e\000l\000e\000c\000t\000i\000o\000n\000\040\000R\000u\000l\000e\000s\000\040\000f\000r\000o\000m\000\040\000F\000i\000r\000s\000t\000\040\000P\000r\000i\000n\000c\000i\000p\000l\000e\000s}{}% 71
\BOOKMARK [2][-]{subsection.5.1}{\376\377\000G\000e\000o\000m\000e\000t\000r\000i\000c\000\040\000O\000r\000i\000g\000i\000n\000\040\000o\000f\000\040\000S\000e\000l\000e\000c\000t\000i\000o\000n\000\040\000R\000u\000l\000e\000s}{section.5}% 72
\BOOKMARK [2][-]{subsection.5.2}{\376\377\000T\000h\000e\000\040\000F\000o\000u\000r\000\040\000S\000e\000l\000e\000c\000t\000i\000o\000n\000\040\000R\000u\000l\000e\000s}{section.5}% 73
\BOOKMARK [3][-]{subsubsection.5.2.1}{\376\377\000R\000u\000l\000e\000\040\0001\000:\000\040\000P\000r\000i\000n\000c\000i\000p\000a\000l\000\040\000N\000u\000m\000b\000e\000r\000\040\000C\000o\000n\000s\000t\000r\000a\000i\000n\000t\000\040\000\050\000n\000\040\000n\000b\000o\000n\000d\000\051}{subsection.5.2}% 74
\BOOKMARK [3][-]{subsubsection.5.2.2}{\376\377\000R\000u\000l\000e\000\040\0002\000:\000\040\000A\000n\000g\000u\000l\000a\000r\000\040\000M\000o\000m\000e\000n\000t\000u\000m\000\040\000C\000o\000n\000s\000t\000r\000a\000i\000n\000t\000\040\000\050\000=\000\040\0000\000,\000\040\000p\000m\0001\000\051}{subsection.5.2}% 75
\BOOKMARK [3][-]{subsubsection.5.2.3}{\376\377\000R\000u\000l\000e\000\040\0003\000:\000\040\000M\000a\000g\000n\000e\000t\000i\000c\000\040\000N\000u\000m\000b\000e\000r\000\040\000C\000o\000n\000s\000t\000r\000a\000i\000n\000t\000\040\000\050\000m\000\040\000=\000\040\0000\000\051}{subsection.5.2}% 76
\BOOKMARK [3][-]{subsubsection.5.2.4}{\376\377\000R\000u\000l\000e\000\040\0004\000:\000\040\000S\000p\000i\000n\000\040\000C\000o\000n\000s\000t\000r\000a\000i\000n\000t\000\040\000\050\000s\000\040\000=\000\040\0000\000\051}{subsection.5.2}% 77
\BOOKMARK [2][-]{subsection.5.3}{\376\377\000F\000o\000r\000b\000i\000d\000d\000e\000n\000\040\000T\000r\000a\000n\000s\000i\000t\000i\000o\000n\000s}{section.5}% 78
\BOOKMARK [2][-]{subsection.5.4}{\376\377\000E\000x\000p\000e\000r\000i\000m\000e\000n\000t\000a\000l\000\040\000V\000e\000r\000i\000f\000i\000c\000a\000t\000i\000o\000n}{section.5}% 79
\BOOKMARK [2][-]{subsection.5.5}{\376\377\000I\000n\000t\000e\000n\000s\000i\000t\000y\000\040\000P\000r\000e\000d\000i\000c\000t\000i\000o\000n\000s}{section.5}% 80
\BOOKMARK [2][-]{subsection.5.6}{\376\377\000C\000o\000m\000p\000a\000r\000i\000s\000o\000n\000\040\000t\000o\000\040\000A\000t\000o\000m\000i\000c\000\040\000S\000e\000l\000e\000c\000t\000i\000o\000n\000\040\000R\000u\000l\000e\000s}{section.5}% 81
\BOOKMARK [2][-]{subsection.5.7}{\376\377\000C\000o\000n\000n\000e\000c\000t\000i\000o\000n\000\040\000t\000o\000\040\000S\000t\000a\000t\000e\000\040\000C\000o\000u\000n\000t\000i\000n\000g}{section.5}% 82
\BOOKMARK [2][-]{subsection.5.8}{\376\377\000I\000m\000p\000l\000i\000c\000a\000t\000i\000o\000n\000s}{section.5}% 83
\BOOKMARK [1][-]{section.6}{\376\377\000P\000h\000a\000s\000e\000-\000L\000o\000c\000k\000\040\000N\000e\000t\000w\000o\000r\000k\000s}{}% 84
\BOOKMARK [2][-]{subsection.6.1}{\376\377\000P\000h\000a\000s\000e\000-\000L\000o\000c\000k\000\040\000P\000h\000e\000n\000o\000m\000e\000n\000o\000n}{section.6}% 85
\BOOKMARK [3][-]{subsubsection.6.1.1}{\376\377\000D\000e\000f\000i\000n\000i\000t\000i\000o\000n}{subsection.6.1}% 86
\BOOKMARK [3][-]{subsubsection.6.1.2}{\376\377\000I\000n\000v\000a\000r\000i\000a\000n\000c\000e\000\040\000P\000r\000o\000p\000e\000r\000t\000i\000e\000s}{subsection.6.1}% 87
\BOOKMARK [3][-]{subsubsection.6.1.3}{\376\377\000E\000x\000a\000m\000p\000l\000e\000:\000\040\000P\000e\000p\000t\000i\000d\000e\000\040\000F\000r\000a\000g\000m\000e\000n\000t\000a\000t\000i\000o\000n}{subsection.6.1}% 88
\BOOKMARK [2][-]{subsection.6.2}{\376\377\000N\000e\000t\000w\000o\000r\000k\000\040\000F\000o\000r\000m\000a\000l\000i\000s\000m}{section.6}% 89
\BOOKMARK [3][-]{subsubsection.6.2.1}{\376\377\000M\000a\000t\000h\000e\000m\000a\000t\000i\000c\000a\000l\000\040\000D\000e\000f\000i\000n\000i\000t\000i\000o\000n}{subsection.6.2}% 90
\BOOKMARK [3][-]{subsubsection.6.2.2}{\376\377\000C\000o\000n\000s\000t\000r\000u\000c\000t\000i\000o\000n\000\040\000A\000l\000g\000o\000r\000i\000t\000h\000m}{subsection.6.2}% 91
\BOOKMARK [2][-]{subsection.6.3}{\376\377\000N\000e\000t\000w\000o\000r\000k\000\040\000T\000o\000p\000o\000l\000o\000g\000i\000e\000s}{section.6}% 92
\BOOKMARK [3][-]{subsubsection.6.3.1}{\376\377\000L\000i\000n\000e\000a\000r\000\040\000C\000h\000a\000i\000n\000s}{subsection.6.3}% 93
\BOOKMARK [3][-]{subsubsection.6.3.2}{\376\377\000B\000r\000a\000n\000c\000h\000i\000n\000g\000\040\000T\000r\000e\000e\000s}{subsection.6.3}% 94
\BOOKMARK [3][-]{subsubsection.6.3.3}{\376\377\000D\000i\000a\000m\000o\000n\000d\000\040\000P\000a\000t\000t\000e\000r\000n\000s}{subsection.6.3}% 95
\BOOKMARK [3][-]{subsubsection.6.3.4}{\376\377\000C\000o\000m\000p\000l\000e\000x\000\040\000N\000e\000t\000w\000o\000r\000k\000s}{subsection.6.3}% 96
\BOOKMARK [2][-]{subsection.6.4}{\376\377\000I\000n\000t\000e\000n\000s\000i\000t\000y\000\040\000P\000r\000e\000d\000i\000c\000t\000i\000o\000n\000\040\000f\000r\000o\000m\000\040\000N\000e\000t\000w\000o\000r\000k\000s}{section.6}% 97
\BOOKMARK [2][-]{subsection.6.5}{\376\377\000D\000e\000s\000c\000r\000i\000p\000t\000i\000o\000n\000\040\000I\000n\000v\000a\000r\000i\000a\000n\000c\000e}{section.6}% 98
\BOOKMARK [2][-]{subsection.6.6}{\376\377\000N\000e\000t\000w\000o\000r\000k\000-\000B\000a\000s\000e\000d\000\040\000S\000t\000r\000u\000c\000t\000u\000r\000e\000\040\000E\000l\000u\000c\000i\000d\000a\000t\000i\000o\000n}{section.6}% 99
\BOOKMARK [3][-]{subsubsection.6.6.1}{\376\377\000N\000e\000t\000w\000o\000r\000k\000\040\000S\000i\000m\000i\000l\000a\000r\000i\000t\000y\000\040\000M\000e\000t\000r\000i\000c}{subsection.6.6}% 100
\BOOKMARK [3][-]{subsubsection.6.6.2}{\376\377\000C\000o\000m\000p\000a\000r\000i\000s\000o\000n\000\040\000t\000o\000\040\000S\000p\000e\000c\000t\000r\000a\000l\000\040\000S\000i\000m\000i\000l\000a\000r\000i\000t\000y}{subsection.6.6}% 101
\BOOKMARK [3][-]{subsubsection.6.6.3}{\376\377\000I\000s\000o\000m\000e\000r\000\040\000D\000i\000s\000c\000r\000i\000m\000i\000n\000a\000t\000i\000o\000n}{subsection.6.6}% 102
\BOOKMARK [2][-]{subsection.6.7}{\376\377\000C\000o\000n\000n\000e\000c\000t\000i\000o\000n\000\040\000t\000o\000\040\000S\000t\000a\000t\000e\000\040\000C\000o\000u\000n\000t\000i\000n\000g}{section.6}% 103
\BOOKMARK [2][-]{subsection.6.8}{\376\377\000E\000x\000p\000e\000r\000i\000m\000e\000n\000t\000a\000l\000\040\000V\000a\000l\000i\000d\000a\000t\000i\000o\000n}{section.6}% 104
\BOOKMARK [2][-]{subsection.6.9}{\376\377\000I\000m\000p\000l\000i\000c\000a\000t\000i\000o\000n\000s}{section.6}% 105
\BOOKMARK [1][-]{section.7}{\376\377\000U\000n\000i\000f\000i\000e\000d\000\040\000I\000n\000s\000t\000r\000u\000m\000e\000n\000t\000\040\000P\000h\000y\000s\000i\000c\000s}{}% 106
\BOOKMARK [2][-]{subsection.7.1}{\376\377\000T\000h\000e\000\040\000P\000a\000r\000t\000i\000t\000i\000o\000n\000\040\000C\000o\000o\000r\000d\000i\000n\000a\000t\000e\000\040\000n\000\040\000a\000s\000\040\000U\000n\000i\000v\000e\000r\000s\000a\000l\000\040\000O\000b\000s\000e\000r\000v\000a\000b\000l\000e}{section.7}% 107
\BOOKMARK [3][-]{subsubsection.7.1.1}{\376\377\000M\000a\000s\000s\000\040\000E\000n\000c\000o\000d\000i\000n\000g}{subsection.7.1}% 108
\BOOKMARK [3][-]{subsubsection.7.1.2}{\376\377\000W\000h\000y\000\040\000n\000\040\000i\000s\000\040\000U\000n\000i\000v\000e\000r\000s\000a\000l}{subsection.7.1}% 109
\BOOKMARK [2][-]{subsection.7.2}{\376\377\000Q\000u\000a\000d\000r\000u\000p\000o\000l\000e\000\040\000M\000a\000s\000s\000\040\000F\000i\000l\000t\000e\000r}{section.7}% 110
\BOOKMARK [3][-]{subsubsection.7.2.1}{\376\377\000O\000s\000c\000i\000l\000l\000a\000t\000o\000r\000y\000\040\000D\000e\000s\000c\000r\000i\000p\000t\000i\000o\000n}{subsection.7.2}% 111
\BOOKMARK [3][-]{subsubsection.7.2.2}{\376\377\000C\000a\000t\000e\000g\000o\000r\000i\000c\000a\000l\000\040\000D\000e\000s\000c\000r\000i\000p\000t\000i\000o\000n}{subsection.7.2}% 112
\BOOKMARK [3][-]{subsubsection.7.2.3}{\376\377\000P\000a\000r\000t\000i\000t\000i\000o\000n\000\040\000D\000e\000s\000c\000r\000i\000p\000t\000i\000o\000n}{subsection.7.2}% 113
\BOOKMARK [3][-]{subsubsection.7.2.4}{\376\377\000E\000q\000u\000i\000v\000a\000l\000e\000n\000c\000e\000\040\000S\000u\000m\000m\000a\000r\000y}{subsection.7.2}% 114
\BOOKMARK [2][-]{subsection.7.3}{\376\377\000I\000o\000n\000\040\000T\000r\000a\000p}{section.7}% 115
\BOOKMARK [3][-]{subsubsection.7.3.1}{\376\377\000O\000s\000c\000i\000l\000l\000a\000t\000o\000r\000y\000\040\000D\000e\000s\000c\000r\000i\000p\000t\000i\000o\000n}{subsection.7.3}% 116
\BOOKMARK [3][-]{subsubsection.7.3.2}{\376\377\000C\000a\000t\000e\000g\000o\000r\000i\000c\000a\000l\000\040\000D\000e\000s\000c\000r\000i\000p\000t\000i\000o\000n}{subsection.7.3}% 117
\BOOKMARK [3][-]{subsubsection.7.3.3}{\376\377\000P\000a\000r\000t\000i\000t\000i\000o\000n\000\040\000D\000e\000s\000c\000r\000i\000p\000t\000i\000o\000n}{subsection.7.3}% 118
\BOOKMARK [3][-]{subsubsection.7.3.4}{\376\377\000E\000q\000u\000i\000v\000a\000l\000e\000n\000c\000e\000\040\000S\000u\000m\000m\000a\000r\000y}{subsection.7.3}% 119
\BOOKMARK [2][-]{subsection.7.4}{\376\377\000T\000i\000m\000e\000-\000o\000f\000-\000F\000l\000i\000g\000h\000t\000\040\000\050\000T\000O\000F\000\051}{section.7}% 120
\BOOKMARK [3][-]{subsubsection.7.4.1}{\376\377\000O\000s\000c\000i\000l\000l\000a\000t\000o\000r\000y\000\040\000D\000e\000s\000c\000r\000i\000p\000t\000i\000o\000n}{subsection.7.4}% 121
\BOOKMARK [3][-]{subsubsection.7.4.2}{\376\377\000C\000a\000t\000e\000g\000o\000r\000i\000c\000a\000l\000\040\000D\000e\000s\000c\000r\000i\000p\000t\000i\000o\000n}{subsection.7.4}% 122
\BOOKMARK [3][-]{subsubsection.7.4.3}{\376\377\000P\000a\000r\000t\000i\000t\000i\000o\000n\000\040\000D\000e\000s\000c\000r\000i\000p\000t\000i\000o\000n}{subsection.7.4}% 123
\BOOKMARK [3][-]{subsubsection.7.4.4}{\376\377\000E\000q\000u\000i\000v\000a\000l\000e\000n\000c\000e\000\040\000S\000u\000m\000m\000a\000r\000y}{subsection.7.4}% 124
\BOOKMARK [2][-]{subsection.7.5}{\376\377\000O\000r\000b\000i\000t\000r\000a\000p}{section.7}% 125
\BOOKMARK [3][-]{subsubsection.7.5.1}{\376\377\000O\000s\000c\000i\000l\000l\000a\000t\000o\000r\000y\000\040\000D\000e\000s\000c\000r\000i\000p\000t\000i\000o\000n}{subsection.7.5}% 126
\BOOKMARK [3][-]{subsubsection.7.5.2}{\376\377\000C\000a\000t\000e\000g\000o\000r\000i\000c\000a\000l\000\040\000D\000e\000s\000c\000r\000i\000p\000t\000i\000o\000n}{subsection.7.5}% 127
\BOOKMARK [3][-]{subsubsection.7.5.3}{\376\377\000P\000a\000r\000t\000i\000t\000i\000o\000n\000\040\000D\000e\000s\000c\000r\000i\000p\000t\000i\000o\000n}{subsection.7.5}% 128
\BOOKMARK [3][-]{subsubsection.7.5.4}{\376\377\000E\000q\000u\000i\000v\000a\000l\000e\000n\000c\000e\000\040\000S\000u\000m\000m\000a\000r\000y}{subsection.7.5}% 129
\BOOKMARK [2][-]{subsection.7.6}{\376\377\000F\000T\000-\000I\000C\000R}{section.7}% 130
\BOOKMARK [3][-]{subsubsection.7.6.1}{\376\377\000O\000s\000c\000i\000l\000l\000a\000t\000o\000r\000y\000\040\000D\000e\000s\000c\000r\000i\000p\000t\000i\000o\000n}{subsection.7.6}% 131
\BOOKMARK [3][-]{subsubsection.7.6.2}{\376\377\000C\000a\000t\000e\000g\000o\000r\000i\000c\000a\000l\000\040\000D\000e\000s\000c\000r\000i\000p\000t\000i\000o\000n}{subsection.7.6}% 132
\BOOKMARK [3][-]{subsubsection.7.6.3}{\376\377\000P\000a\000r\000t\000i\000t\000i\000o\000n\000\040\000D\000e\000s\000c\000r\000i\000p\000t\000i\000o\000n}{subsection.7.6}% 133
\BOOKMARK [3][-]{subsubsection.7.6.4}{\376\377\000E\000q\000u\000i\000v\000a\000l\000e\000n\000c\000e\000\040\000S\000u\000m\000m\000a\000r\000y}{subsection.7.6}% 134
\BOOKMARK [2][-]{subsection.7.7}{\376\377\000U\000n\000i\000f\000i\000e\000d\000\040\000V\000i\000e\000w}{section.7}% 135
\BOOKMARK [3][-]{subsubsection.7.7.1}{\376\377\000U\000n\000i\000v\000e\000r\000s\000a\000l\000\040\000O\000b\000s\000e\000r\000v\000a\000b\000l\000e\000:\000\040\000P\000r\000i\000n\000c\000i\000p\000a\000l\000\040\000P\000a\000r\000t\000i\000t\000i\000o\000n\000\040\000N\000u\000m\000b\000e\000r\000\040\000n}{subsection.7.7}% 136
\BOOKMARK [3][-]{subsubsection.7.7.2}{\376\377\000R\000e\000s\000o\000l\000u\000t\000i\000o\000n\000\040\000H\000i\000e\000r\000a\000r\000c\000h\000y}{subsection.7.7}% 137
\BOOKMARK [3][-]{subsubsection.7.7.3}{\376\377\000D\000e\000s\000c\000r\000i\000p\000t\000i\000o\000n\000\040\000I\000n\000v\000a\000r\000i\000a\000n\000c\000e}{subsection.7.7}% 138
\BOOKMARK [2][-]{subsection.7.8}{\376\377\000C\000o\000n\000n\000e\000c\000t\000i\000o\000n\000\040\000t\000o\000\040\000P\000h\000a\000s\000e\000-\000L\000o\000c\000k\000\040\000N\000e\000t\000w\000o\000r\000k\000s}{section.7}% 139
\BOOKMARK [2][-]{subsection.7.9}{\376\377\000S\000t\000a\000t\000e\000\040\000C\000o\000u\000n\000t\000i\000n\000g\000\040\000P\000e\000r\000s\000p\000e\000c\000t\000i\000v\000e}{section.7}% 140
\BOOKMARK [2][-]{subsection.7.10}{\376\377\000E\000x\000p\000e\000r\000i\000m\000e\000n\000t\000a\000l\000\040\000V\000a\000l\000i\000d\000a\000t\000i\000o\000n}{section.7}% 141
\BOOKMARK [2][-]{subsection.7.11}{\376\377\000I\000m\000p\000l\000i\000c\000a\000t\000i\000o\000n\000s}{section.7}% 142
\BOOKMARK [1][-]{section.8}{\376\377\000E\000x\000p\000e\000r\000i\000m\000e\000n\000t\000a\000l\000\040\000V\000a\000l\000i\000d\000a\000t\000i\000o\000n}{}% 143
\BOOKMARK [2][-]{subsection.8.1}{\376\377\000D\000a\000t\000a\000s\000e\000t}{section.8}% 144
\BOOKMARK [3][-]{subsubsection.8.1.1}{\376\377\000S\000p\000e\000c\000t\000r\000a\000l\000\040\000L\000i\000b\000r\000a\000r\000i\000e\000s}{subsection.8.1}% 145
\BOOKMARK [3][-]{subsubsection.8.1.2}{\376\377\000C\000o\000m\000p\000o\000u\000n\000d\000\040\000C\000l\000a\000s\000s\000e\000s}{subsection.8.1}% 146
\BOOKMARK [3][-]{subsubsection.8.1.3}{\376\377\000I\000n\000s\000t\000r\000u\000m\000e\000n\000t\000\040\000C\000o\000v\000e\000r\000a\000g\000e}{subsection.8.1}% 147
\BOOKMARK [3][-]{subsubsection.8.1.4}{\376\377\000C\000o\000l\000l\000i\000s\000i\000o\000n\000\040\000E\000n\000e\000r\000g\000y\000\040\000R\000a\000n\000g\000e}{subsection.8.1}% 148
\BOOKMARK [2][-]{subsection.8.2}{\376\377\000M\000e\000t\000h\000o\000d\000o\000l\000o\000g\000y}{section.8}% 149
\BOOKMARK [3][-]{subsubsection.8.2.1}{\376\377\000F\000r\000a\000g\000m\000e\000n\000t\000a\000t\000i\000o\000n\000\040\000P\000r\000e\000d\000i\000c\000t\000i\000o\000n}{subsection.8.2}% 150
\BOOKMARK [3][-]{subsubsection.8.2.2}{\376\377\000S\000e\000l\000e\000c\000t\000i\000o\000n\000\040\000R\000u\000l\000e\000\040\000T\000e\000s\000t\000i\000n\000g}{subsection.8.2}% 151
\BOOKMARK [3][-]{subsubsection.8.2.3}{\376\377\000P\000h\000a\000s\000e\000-\000L\000o\000c\000k\000\040\000I\000n\000v\000a\000r\000i\000a\000n\000c\000e\000\040\000T\000e\000s\000t\000i\000n\000g}{subsection.8.2}% 152
\BOOKMARK [3][-]{subsubsection.8.2.4}{\376\377\000N\000e\000t\000w\000o\000r\000k\000\040\000T\000o\000p\000o\000l\000o\000g\000y\000\040\000C\000o\000m\000p\000a\000r\000i\000s\000o\000n}{subsection.8.2}% 153
\BOOKMARK [3][-]{subsubsection.8.2.5}{\376\377\000S\000t\000a\000t\000e\000\040\000C\000o\000u\000n\000t\000i\000n\000g\000\040\000V\000a\000l\000i\000d\000a\000t\000i\000o\000n}{subsection.8.2}% 154
\BOOKMARK [2][-]{subsection.8.3}{\376\377\000R\000e\000s\000u\000l\000t\000s}{section.8}% 155
\BOOKMARK [3][-]{subsubsection.8.3.1}{\376\377\000F\000r\000a\000g\000m\000e\000n\000t\000a\000t\000i\000o\000n\000\040\000P\000r\000e\000d\000i\000c\000t\000i\000o\000n\000\040\000A\000c\000c\000u\000r\000a\000c\000y}{subsection.8.3}% 156
\BOOKMARK [3][-]{subsubsection.8.3.2}{\376\377\000S\000e\000l\000e\000c\000t\000i\000o\000n\000\040\000R\000u\000l\000e\000\040\000C\000o\000m\000p\000l\000i\000a\000n\000c\000e}{subsection.8.3}% 157
\BOOKMARK [3][-]{subsubsection.8.3.3}{\376\377\000P\000h\000a\000s\000e\000-\000L\000o\000c\000k\000\040\000I\000n\000v\000a\000r\000i\000a\000n\000c\000e}{subsection.8.3}% 158
\BOOKMARK [3][-]{subsubsection.8.3.4}{\376\377\000C\000r\000o\000s\000s\000-\000P\000l\000a\000t\000f\000o\000r\000m\000\040\000N\000e\000t\000w\000o\000r\000k\000\040\000C\000o\000n\000s\000i\000s\000t\000e\000n\000c\000y}{subsection.8.3}% 159
\BOOKMARK [3][-]{subsubsection.8.3.5}{\376\377\000S\000t\000a\000t\000e\000\040\000C\000o\000u\000n\000t\000i\000n\000g\000\040\000V\000a\000l\000i\000d\000a\000t\000i\000o\000n}{subsection.8.3}% 160
\BOOKMARK [2][-]{subsection.8.4}{\376\377\000C\000o\000m\000p\000a\000r\000i\000s\000o\000n\000\040\000t\000o\000\040\000E\000x\000i\000s\000t\000i\000n\000g\000\040\000M\000e\000t\000h\000o\000d\000s}{section.8}% 161
\BOOKMARK [2][-]{subsection.8.5}{\376\377\000F\000a\000i\000l\000u\000r\000e\000\040\000M\000o\000d\000e\000s}{section.8}% 162
\BOOKMARK [3][-]{subsubsection.8.5.1}{\376\377\000R\000e\000a\000r\000r\000a\000n\000g\000e\000m\000e\000n\000t\000\040\000R\000e\000a\000c\000t\000i\000o\000n\000s}{subsection.8.5}% 163
\BOOKMARK [3][-]{subsubsection.8.5.2}{\376\377\000M\000u\000l\000t\000i\000-\000B\000o\000n\000d\000\040\000C\000l\000e\000a\000v\000a\000g\000e}{subsection.8.5}% 164
\BOOKMARK [3][-]{subsubsection.8.5.3}{\376\377\000V\000e\000r\000y\000\040\000L\000o\000w\000\040\000M\000a\000s\000s\000\040\000I\000o\000n\000s\000\040\000\050\000m\000\040\000<\000\040\0005\0000\000\040\000D\000a\000\051}{subsection.8.5}% 165
\BOOKMARK [3][-]{subsubsection.8.5.4}{\376\377\000H\000i\000g\000h\000l\000y\000\040\000C\000h\000a\000r\000g\000e\000d\000\040\000I\000o\000n\000s\000\040\000\050\000z\000\040\000>\000\040\0003\000\051}{subsection.8.5}% 166
\BOOKMARK [2][-]{subsection.8.6}{\376\377\000D\000i\000s\000c\000u\000s\000s\000i\000o\000n}{section.8}% 167
\BOOKMARK [3][-]{subsubsection.8.6.1}{\376\377\000V\000a\000l\000i\000d\000a\000t\000i\000o\000n\000\040\000S\000u\000m\000m\000a\000r\000y}{subsection.8.6}% 168
\BOOKMARK [3][-]{subsubsection.8.6.2}{\376\377\000I\000m\000p\000l\000i\000c\000a\000t\000i\000o\000n\000s}{subsection.8.6}% 169
\BOOKMARK [1][-]{section.9}{\376\377\000T\000h\000e\000o\000r\000e\000t\000i\000c\000a\000l\000\040\000I\000m\000p\000l\000i\000c\000a\000t\000i\000o\000n\000s}{}% 170
\BOOKMARK [2][-]{subsection.9.1}{\376\377\000I\000n\000f\000o\000r\000m\000a\000t\000i\000o\000n\000\040\000C\000o\000n\000s\000e\000r\000v\000a\000t\000i\000o\000n}{section.9}% 171
\BOOKMARK [2][-]{subsection.9.2}{\376\377\000D\000e\000s\000c\000r\000i\000p\000t\000i\000o\000n\000\040\000C\000o\000m\000p\000l\000e\000m\000e\000n\000t\000a\000r\000i\000t\000y}{section.9}% 172
\BOOKMARK [2][-]{subsection.9.3}{\376\377\000U\000n\000i\000v\000e\000r\000s\000a\000l\000i\000t\000y\000\040\000A\000c\000r\000o\000s\000s\000\040\000I\000n\000s\000t\000r\000u\000m\000e\000n\000t\000s}{section.9}% 173
\BOOKMARK [2][-]{subsection.9.4}{\376\377\000Q\000u\000a\000n\000t\000u\000m\000-\000C\000l\000a\000s\000s\000i\000c\000a\000l\000\040\000C\000o\000r\000r\000e\000s\000p\000o\000n\000d\000e\000n\000c\000e}{section.9}% 174
\BOOKMARK [2][-]{subsection.9.5}{\376\377\000T\000h\000e\000\040\000U\000n\000i\000o\000n\000\040\000o\000f\000\040\000T\000w\000o\000\040\000C\000r\000o\000w\000n\000s}{section.9}% 175
\BOOKMARK [1][-]{section.10}{\376\377\000D\000i\000s\000c\000u\000s\000s\000i\000o\000n}{}% 176
\BOOKMARK [2][-]{subsection.10.1}{\376\377\000W\000h\000a\000t\000\040\000H\000a\000s\000\040\000B\000e\000e\000n\000\040\000A\000c\000h\000i\000e\000v\000e\000d}{section.10}% 177
\BOOKMARK [2][-]{subsection.10.2}{\376\377\000E\000x\000p\000e\000r\000i\000m\000e\000n\000t\000a\000l\000\040\000C\000o\000n\000f\000i\000r\000m\000a\000t\000i\000o\000n}{section.10}% 178
\BOOKMARK [2][-]{subsection.10.3}{\376\377\000C\000o\000n\000c\000e\000p\000t\000u\000a\000l\000\040\000U\000n\000i\000f\000i\000c\000a\000t\000i\000o\000n}{section.10}% 179
\BOOKMARK [2][-]{subsection.10.4}{\376\377\000L\000i\000m\000i\000t\000a\000t\000i\000o\000n\000s\000\040\000a\000n\000d\000\040\000S\000c\000o\000p\000e}{section.10}% 180
\BOOKMARK [2][-]{subsection.10.5}{\376\377\000W\000h\000a\000t\000\040\000T\000h\000i\000s\000\040\000W\000o\000r\000k\000\040\000D\000o\000e\000s\000\040\000N\000o\000t\000\040\000C\000l\000a\000i\000m}{section.10}% 181
\BOOKMARK [2][-]{subsection.10.6}{\376\377\000R\000e\000l\000a\000t\000i\000o\000n\000\040\000t\000o\000\040\000P\000r\000i\000o\000r\000\040\000W\000o\000r\000k}{section.10}% 182
\BOOKMARK [1][-]{section.11}{\376\377\000C\000o\000n\000c\000l\000u\000s\000i\000o\000n}{}% 183
