\BOOKMARK [1][-]{section.1}{\376\377\000I\000n\000t\000r\000o\000d\000u\000c\000t\000i\000o\000n}{}% 1
\BOOKMARK [2][-]{subsection.1.1}{\376\377\000H\000i\000s\000t\000o\000r\000i\000c\000a\000l\000\040\000C\000o\000n\000t\000e\000x\000t\000:\000\040\000T\000h\000e\000\040\000M\000e\000a\000s\000u\000r\000e\000m\000e\000n\000t\000\040\000P\000r\000o\000b\000l\000e\000m}{section.1}% 2
\BOOKMARK [2][-]{subsection.1.2}{\376\377\000T\000h\000e\000\040\000C\000a\000t\000e\000g\000o\000r\000i\000c\000a\000l\000\040\000S\000t\000a\000t\000e\000\040\000H\000y\000p\000o\000t\000h\000e\000s\000i\000s}{section.1}% 3
\BOOKMARK [2][-]{subsection.1.3}{\376\377\000S\000u\000m\000m\000a\000r\000y\000\040\000o\000f\000\040\000M\000a\000i\000n\000\040\000R\000e\000s\000u\000l\000t\000s}{section.1}% 4
\BOOKMARK [2][-]{subsection.1.4}{\376\377\000P\000a\000p\000e\000r\000\040\000O\000r\000g\000a\000n\000i\000z\000a\000t\000i\000o\000n}{section.1}% 5
\BOOKMARK [1][-]{section.2}{\376\377\000B\000o\000u\000n\000d\000e\000d\000\040\000P\000h\000a\000s\000e\000\040\000S\000p\000a\000c\000e}{}% 6
\BOOKMARK [2][-]{subsection.2.1}{\376\377\000P\000h\000a\000s\000e\000\040\000S\000p\000a\000c\000e\000\040\000G\000e\000o\000m\000e\000t\000r\000y}{section.2}% 7
\BOOKMARK [2][-]{subsection.2.2}{\376\377\000E\000n\000e\000r\000g\000y\000-\000M\000o\000m\000e\000n\000t\000u\000m\000\040\000R\000e\000l\000a\000t\000i\000o\000n\000s}{section.2}% 8
\BOOKMARK [2][-]{subsection.2.3}{\376\377\000P\000h\000a\000s\000e\000\040\000S\000p\000a\000c\000e\000\040\000Q\000u\000a\000n\000t\000i\000z\000a\000t\000i\000o\000n}{section.2}% 9
\BOOKMARK [2][-]{subsection.2.4}{\376\377\000F\000i\000n\000i\000t\000e\000n\000e\000s\000s\000\040\000o\000f\000\040\000C\000a\000t\000e\000g\000o\000r\000i\000c\000a\000l\000\040\000S\000t\000a\000t\000e\000s}{section.2}% 10
\BOOKMARK [2][-]{subsection.2.5}{\376\377\000A\000p\000p\000l\000i\000c\000a\000t\000i\000o\000n\000\040\000t\000o\000\040\000I\000o\000n\000\040\000T\000r\000a\000p\000\040\000M\000a\000s\000s\000\040\000S\000p\000e\000c\000t\000r\000o\000m\000e\000t\000r\000y}{section.2}% 11
\BOOKMARK [2][-]{subsection.2.6}{\376\377\000R\000e\000l\000a\000t\000i\000v\000i\000s\000t\000i\000c\000\040\000C\000o\000n\000s\000i\000d\000e\000r\000a\000t\000i\000o\000n\000s}{section.2}% 12
\BOOKMARK [1][-]{section.3}{\376\377\000P\000a\000r\000t\000i\000t\000i\000o\000n\000\040\000C\000o\000o\000r\000d\000i\000n\000a\000t\000e\000s}{}% 13
\BOOKMARK [2][-]{subsection.3.1}{\376\377\000M\000o\000t\000i\000v\000a\000t\000i\000o\000n\000:\000\040\000T\000h\000e\000\040\000A\000t\000o\000m\000i\000c\000\040\000A\000n\000a\000l\000o\000g\000y}{section.3}% 14
\BOOKMARK [2][-]{subsection.3.2}{\376\377\000D\000e\000f\000i\000n\000i\000t\000i\000o\000n\000\040\000o\000f\000\040\000P\000a\000r\000t\000i\000t\000i\000o\000n\000\040\000C\000o\000o\000r\000d\000i\000n\000a\000t\000e\000s}{section.3}% 15
\BOOKMARK [2][-]{subsection.3.3}{\376\377\000P\000h\000y\000s\000i\000c\000a\000l\000\040\000I\000n\000t\000e\000r\000p\000r\000e\000t\000a\000t\000i\000o\000n\000\040\000f\000o\000r\000\040\000M\000a\000s\000s\000\040\000S\000p\000e\000c\000t\000r\000o\000m\000e\000t\000r\000y}{section.3}% 16
\BOOKMARK [2][-]{subsection.3.4}{\376\377\000T\000h\000e\000\040\000C\000a\000p\000a\000c\000i\000t\000y\000\040\000F\000o\000r\000m\000u\000l\000a}{section.3}% 17
\BOOKMARK [2][-]{subsection.3.5}{\376\377\000C\000o\000m\000p\000l\000e\000t\000e\000n\000e\000s\000s\000\040\000a\000n\000d\000\040\000U\000n\000i\000q\000u\000e\000n\000e\000s\000s}{section.3}% 18
\BOOKMARK [2][-]{subsection.3.6}{\376\377\000C\000o\000n\000n\000e\000c\000t\000i\000o\000n\000\040\000t\000o\000\040\000M\000e\000a\000s\000u\000r\000e\000m\000e\000n\000t}{section.3}% 19
\BOOKMARK [1][-]{section.4}{\376\377\000C\000o\000m\000m\000u\000t\000a\000t\000i\000o\000n\000\040\000R\000e\000l\000a\000t\000i\000o\000n\000s\000\040\000a\000n\000d\000\040\000M\000e\000a\000s\000u\000r\000e\000m\000e\000n\000t}{}% 20
\BOOKMARK [2][-]{subsection.4.1}{\376\377\000C\000a\000t\000e\000g\000o\000r\000i\000c\000a\000l\000\040\000O\000b\000s\000e\000r\000v\000a\000b\000l\000e\000s}{section.4}% 21
\BOOKMARK [2][-]{subsection.4.2}{\376\377\000C\000o\000m\000m\000u\000t\000a\000t\000i\000o\000n\000\040\000o\000f\000\040\000P\000a\000r\000t\000i\000t\000i\000o\000n\000\040\000C\000o\000o\000r\000d\000i\000n\000a\000t\000e\000s}{section.4}% 22
\BOOKMARK [2][-]{subsection.4.3}{\376\377\000S\000i\000m\000u\000l\000t\000a\000n\000e\000o\000u\000s\000\040\000M\000e\000a\000s\000u\000r\000e\000m\000e\000n\000t}{section.4}% 23
\BOOKMARK [2][-]{subsection.4.4}{\376\377\000Q\000u\000a\000n\000t\000u\000m\000\040\000N\000o\000n\000-\000D\000e\000m\000o\000l\000i\000t\000i\000o\000n\000\040\000M\000e\000a\000s\000u\000r\000e\000m\000e\000n\000t}{section.4}% 24
\BOOKMARK [2][-]{subsection.4.5}{\376\377\000M\000e\000a\000s\000u\000r\000e\000m\000e\000n\000t\000\040\000B\000a\000c\000k\000a\000c\000t\000i\000o\000n}{section.4}% 25
\BOOKMARK [2][-]{subsection.4.6}{\376\377\000S\000u\000m\000m\000a\000r\000y\000:\000\040\000M\000e\000a\000s\000u\000r\000e\000m\000e\000n\000t\000\040\000P\000r\000o\000p\000e\000r\000t\000i\000e\000s}{section.4}% 26
\BOOKMARK [1][-]{section.5}{\376\377\000T\000r\000i\000p\000l\000e\000\040\000E\000q\000u\000i\000v\000a\000l\000e\000n\000c\000e\000\040\000T\000h\000e\000o\000r\000e\000m}{}% 27
\BOOKMARK [2][-]{subsection.5.1}{\376\377\000T\000h\000r\000e\000e\000\040\000E\000q\000u\000i\000v\000a\000l\000e\000n\000t\000\040\000D\000e\000s\000c\000r\000i\000p\000t\000i\000o\000n\000s}{section.5}% 28
\BOOKMARK [2][-]{subsection.5.2}{\376\377\000M\000a\000i\000n\000\040\000E\000q\000u\000i\000v\000a\000l\000e\000n\000c\000e\000\040\000T\000h\000e\000o\000r\000e\000m}{section.5}% 29
\BOOKMARK [2][-]{subsection.5.3}{\376\377\000O\000b\000s\000e\000r\000v\000a\000b\000l\000e\000\040\000C\000o\000r\000r\000e\000s\000p\000o\000n\000d\000e\000n\000c\000e}{section.5}% 30
\BOOKMARK [2][-]{subsection.5.4}{\376\377\000E\000x\000p\000l\000i\000c\000i\000t\000\040\000T\000r\000a\000n\000s\000f\000o\000r\000m\000a\000t\000i\000o\000n\000\040\000F\000o\000r\000m\000u\000l\000a\000s}{section.5}% 31
\BOOKMARK [3][-]{subsubsection.5.4.1}{\376\377\000O\000s\000c\000i\000l\000l\000a\000t\000o\000r\000y\000\040\000t\000o\000\040\000P\000a\000r\000t\000i\000t\000i\000o\000n}{subsection.5.4}% 32
\BOOKMARK [3][-]{subsubsection.5.4.2}{\376\377\000P\000a\000r\000t\000i\000t\000i\000o\000n\000\040\000t\000o\000\040\000O\000s\000c\000i\000l\000l\000a\000t\000o\000r\000y}{subsection.5.4}% 33
\BOOKMARK [3][-]{subsubsection.5.4.3}{\376\377\000C\000a\000t\000e\000g\000o\000r\000i\000c\000a\000l\000\040\000t\000o\000\040\000P\000a\000r\000t\000i\000t\000i\000o\000n}{subsection.5.4}% 34
\BOOKMARK [2][-]{subsection.5.5}{\376\377\000I\000m\000p\000l\000i\000c\000a\000t\000i\000o\000n\000s\000\040\000f\000o\000r\000\040\000M\000a\000s\000s\000\040\000S\000p\000e\000c\000t\000r\000o\000m\000e\000t\000r\000y}{section.5}% 35
\BOOKMARK [1][-]{section.6}{\376\377\000S\000i\000n\000g\000l\000e\000-\000I\000o\000n\000\040\000T\000h\000e\000r\000m\000o\000d\000y\000n\000a\000m\000i\000c\000s}{}% 36
\BOOKMARK [2][-]{subsection.6.1}{\376\377\000T\000h\000e\000\040\000S\000i\000n\000g\000l\000e\000-\000P\000a\000r\000t\000i\000c\000l\000e\000\040\000P\000a\000r\000a\000d\000o\000x}{section.6}% 37
\BOOKMARK [2][-]{subsection.6.2}{\376\377\000C\000a\000t\000e\000g\000o\000r\000i\000c\000a\000l\000\040\000T\000e\000m\000p\000e\000r\000a\000t\000u\000r\000e}{section.6}% 38
\BOOKMARK [2][-]{subsection.6.3}{\376\377\000S\000i\000n\000g\000l\000e\000-\000I\000o\000n\000\040\000E\000q\000u\000a\000t\000i\000o\000n\000\040\000o\000f\000\040\000S\000t\000a\000t\000e}{section.6}% 39
\BOOKMARK [2][-]{subsection.6.4}{\376\377\000C\000a\000t\000e\000g\000o\000r\000i\000c\000a\000l\000\040\000E\000n\000t\000r\000o\000p\000y}{section.6}% 40
\BOOKMARK [2][-]{subsection.6.5}{\376\377\000B\000o\000u\000n\000d\000e\000d\000\040\000V\000e\000l\000o\000c\000i\000t\000y\000\040\000D\000i\000s\000t\000r\000i\000b\000u\000t\000i\000o\000n}{section.6}% 41
\BOOKMARK [2][-]{subsection.6.6}{\376\377\000T\000h\000e\000r\000m\000o\000d\000y\000n\000a\000m\000i\000c\000\040\000C\000o\000n\000s\000i\000s\000t\000e\000n\000c\000y}{section.6}% 42
\BOOKMARK [1][-]{section.7}{\376\377\000T\000e\000r\000n\000a\000r\000y\000\040\000R\000e\000p\000r\000e\000s\000e\000n\000t\000a\000t\000i\000o\000n}{}% 43
\BOOKMARK [2][-]{subsection.7.1}{\376\377\000T\000e\000r\000n\000a\000r\000y\000\040\000A\000d\000d\000r\000e\000s\000s\000\040\000S\000p\000a\000c\000e}{section.7}% 44
\BOOKMARK [2][-]{subsection.7.2}{\376\377\000P\000o\000s\000i\000t\000i\000o\000n\000-\000T\000r\000a\000j\000e\000c\000t\000o\000r\000y\000\040\000D\000u\000a\000l\000i\000t\000y}{section.7}% 45
\BOOKMARK [2][-]{subsection.7.3}{\376\377\000E\000m\000e\000r\000g\000e\000n\000t\000\040\000C\000o\000n\000t\000i\000n\000u\000i\000t\000y}{section.7}% 46
\BOOKMARK [2][-]{subsection.7.4}{\376\377\000T\000e\000r\000n\000a\000r\000y\000\040\000A\000l\000g\000e\000b\000r\000a}{section.7}% 47
\BOOKMARK [2][-]{subsection.7.5}{\376\377\000C\000o\000n\000n\000e\000c\000t\000i\000o\000n\000\040\000t\000o\000\040\000F\000r\000a\000c\000t\000a\000l\000\040\000G\000e\000o\000m\000e\000t\000r\000y}{section.7}% 48
\BOOKMARK [2][-]{subsection.7.6}{\376\377\000C\000o\000m\000p\000u\000t\000a\000t\000i\000o\000n\000a\000l\000\040\000A\000d\000v\000a\000n\000t\000a\000g\000e\000s}{section.7}% 49
\BOOKMARK [1][-]{section.8}{\376\377\000S\000-\000E\000n\000t\000r\000o\000p\000y\000\040\000C\000o\000o\000r\000d\000i\000n\000a\000t\000e\000s}{}% 50
\BOOKMARK [2][-]{subsection.8.1}{\376\377\000C\000o\000o\000r\000d\000i\000n\000a\000t\000e\000\040\000D\000e\000f\000i\000n\000i\000t\000i\000o\000n\000s}{section.8}% 51
\BOOKMARK [2][-]{subsection.8.2}{\376\377\000P\000h\000y\000s\000i\000c\000a\000l\000\040\000I\000n\000t\000e\000r\000p\000r\000e\000t\000a\000t\000i\000o\000n}{section.8}% 52
\BOOKMARK [2][-]{subsection.8.3}{\376\377\000S\000u\000f\000f\000i\000c\000i\000e\000n\000c\000y\000\040\000T\000h\000e\000o\000r\000e\000m}{section.8}% 53
\BOOKMARK [2][-]{subsection.8.4}{\376\377\000M\000a\000p\000p\000i\000n\000g\000\040\000B\000e\000t\000w\000e\000e\000n\000\040\000C\000o\000o\000r\000d\000i\000n\000a\000t\000e\000\040\000S\000y\000s\000t\000e\000m\000s}{section.8}% 54
\BOOKMARK [3][-]{subsubsection.8.4.1}{\376\377\000P\000a\000r\000t\000i\000t\000i\000o\000n\000\040\000t\000o\000\040\000S\000-\000E\000n\000t\000r\000o\000p\000y}{subsection.8.4}% 55
\BOOKMARK [3][-]{subsubsection.8.4.2}{\376\377\000S\000-\000E\000n\000t\000r\000o\000p\000y\000\040\000t\000o\000\040\000P\000a\000r\000t\000i\000t\000i\000o\000n}{subsection.8.4}% 56
\BOOKMARK [2][-]{subsection.8.5}{\376\377\000G\000e\000o\000m\000e\000t\000r\000i\000c\000\040\000P\000r\000o\000p\000e\000r\000t\000i\000e\000s}{section.8}% 57
\BOOKMARK [2][-]{subsection.8.6}{\376\377\000I\000n\000f\000o\000r\000m\000a\000t\000i\000o\000n\000-\000T\000h\000e\000o\000r\000e\000t\000i\000c\000\040\000I\000n\000t\000e\000r\000p\000r\000e\000t\000a\000t\000i\000o\000n}{section.8}% 58
\BOOKMARK [2][-]{subsection.8.7}{\376\377\000S\000u\000m\000m\000a\000r\000y\000:\000\040\000S\000-\000C\000o\000o\000r\000d\000i\000n\000a\000t\000e\000\040\000P\000r\000o\000p\000e\000r\000t\000i\000e\000s}{section.8}% 59
\BOOKMARK [1][-]{section.9}{\376\377\000H\000a\000r\000d\000w\000a\000r\000e\000\040\000I\000m\000p\000l\000i\000c\000a\000t\000i\000o\000n\000s}{}% 60
\BOOKMARK [2][-]{subsection.9.1}{\376\377\000O\000s\000c\000i\000l\000l\000a\000t\000i\000o\000n\000\040\000N\000e\000c\000e\000s\000s\000i\000t\000y}{section.9}% 61
\BOOKMARK [2][-]{subsection.9.2}{\376\377\000F\000u\000n\000d\000a\000m\000e\000n\000t\000a\000l\000\040\000D\000e\000s\000i\000g\000n\000\040\000C\000o\000n\000s\000t\000r\000a\000i\000n\000t\000s}{section.9}% 62
\BOOKMARK [2][-]{subsection.9.3}{\376\377\000I\000n\000s\000t\000r\000u\000m\000e\000n\000t\000\040\000C\000l\000a\000s\000s\000i\000f\000i\000c\000a\000t\000i\000o\000n}{section.9}% 63
\BOOKMARK [2][-]{subsection.9.4}{\376\377\000R\000e\000s\000o\000l\000u\000t\000i\000o\000n\000\040\000S\000c\000a\000l\000i\000n\000g\000\040\000L\000a\000w\000s}{section.9}% 64
\BOOKMARK [2][-]{subsection.9.5}{\376\377\000H\000y\000b\000r\000i\000d\000\040\000I\000n\000s\000t\000r\000u\000m\000e\000n\000t\000\040\000D\000e\000s\000i\000g\000n}{section.9}% 65
\BOOKMARK [2][-]{subsection.9.6}{\376\377\000S\000u\000m\000m\000a\000r\000y\000:\000\040\000H\000a\000r\000d\000w\000a\000r\000e\000\040\000C\000o\000n\000s\000t\000r\000a\000i\000n\000t\000s}{section.9}% 66
\BOOKMARK [1][-]{section.10}{\376\377\000E\000x\000p\000e\000r\000i\000m\000e\000n\000t\000a\000l\000\040\000V\000a\000l\000i\000d\000a\000t\000i\000o\000n}{}% 67
\BOOKMARK [2][-]{subsection.10.1}{\376\377\000E\000x\000p\000e\000r\000i\000m\000e\000n\000t\000a\000l\000\040\000D\000e\000s\000i\000g\000n}{section.10}% 68
\BOOKMARK [3][-]{subsubsection.10.1.1}{\376\377\000C\000o\000m\000p\000o\000u\000n\000d\000\040\000S\000e\000l\000e\000c\000t\000i\000o\000n}{subsection.10.1}% 69
\BOOKMARK [3][-]{subsubsection.10.1.2}{\376\377\000I\000n\000s\000t\000r\000u\000m\000e\000n\000t\000a\000t\000i\000o\000n}{subsection.10.1}% 70
\BOOKMARK [3][-]{subsubsection.10.1.3}{\376\377\000M\000e\000a\000s\000u\000r\000e\000m\000e\000n\000t\000\040\000P\000r\000o\000t\000o\000c\000o\000l}{subsection.10.1}% 71
\BOOKMARK [2][-]{subsection.10.2}{\376\377\000C\000o\000m\000m\000u\000t\000a\000t\000i\000o\000n\000\040\000V\000a\000l\000i\000d\000a\000t\000i\000o\000n}{section.10}% 72
\BOOKMARK [2][-]{subsection.10.3}{\376\377\000B\000a\000c\000k\000a\000c\000t\000i\000o\000n\000\040\000S\000u\000p\000p\000r\000e\000s\000s\000i\000o\000n}{section.10}% 73
\BOOKMARK [2][-]{subsection.10.4}{\376\377\000O\000b\000s\000e\000r\000v\000e\000r\000\040\000I\000n\000v\000a\000r\000i\000a\000n\000c\000e}{section.10}% 74
\BOOKMARK [2][-]{subsection.10.5}{\376\377\000C\000a\000p\000a\000c\000i\000t\000y\000\040\000F\000o\000r\000m\000u\000l\000a\000\040\000V\000a\000l\000i\000d\000a\000t\000i\000o\000n}{section.10}% 75
\BOOKMARK [2][-]{subsection.10.6}{\376\377\000S\000i\000n\000g\000l\000e\000-\000I\000o\000n\000\040\000I\000d\000e\000a\000l\000\040\000G\000a\000s\000\040\000L\000a\000w}{section.10}% 76
\BOOKMARK [2][-]{subsection.10.7}{\376\377\000M\000a\000s\000s\000\040\000A\000c\000c\000u\000r\000a\000c\000y\000\040\000b\000y\000\040\000C\000o\000m\000p\000o\000u\000n\000d\000\040\000C\000l\000a\000s\000s}{section.10}% 77
\BOOKMARK [2][-]{subsection.10.8}{\376\377\000S\000-\000C\000o\000o\000r\000d\000i\000n\000a\000t\000e\000\040\000R\000e\000c\000o\000n\000s\000t\000r\000u\000c\000t\000i\000o\000n}{section.10}% 78
\BOOKMARK [2][-]{subsection.10.9}{\376\377\000C\000r\000o\000s\000s\000-\000P\000l\000a\000t\000f\000o\000r\000m\000\040\000C\000o\000n\000s\000i\000s\000t\000e\000n\000c\000y}{section.10}% 79
\BOOKMARK [2][-]{subsection.10.10}{\376\377\000S\000t\000a\000t\000i\000s\000t\000i\000c\000a\000l\000\040\000S\000u\000m\000m\000a\000r\000y}{section.10}% 80
\BOOKMARK [1][-]{section.11}{\376\377\000B\000i\000j\000e\000c\000t\000i\000v\000e\000\040\000V\000a\000l\000i\000d\000a\000t\000i\000o\000n\000:\000\040\000C\000i\000r\000c\000u\000l\000a\000r\000\040\000C\000o\000n\000s\000i\000s\000t\000e\000n\000c\000y\000\040\000W\000i\000t\000h\000o\000u\000t\000\040\000E\000x\000t\000e\000r\000n\000a\000l\000\040\000G\000r\000o\000u\000n\000d\000\040\000T\000r\000u\000t\000h}{}% 81
\BOOKMARK [2][-]{subsection.11.1}{\376\377\000S\000-\000E\000n\000t\000r\000o\000p\000y\000\040\000C\000o\000o\000r\000d\000i\000n\000a\000t\000e\000\040\000R\000e\000p\000r\000e\000s\000e\000n\000t\000a\000t\000i\000o\000n}{section.11}% 82
\BOOKMARK [2][-]{subsection.11.2}{\376\377\000I\000o\000n\000-\000t\000o\000-\000D\000r\000o\000p\000l\000e\000t\000\040\000B\000i\000j\000e\000c\000t\000i\000o\000n}{section.11}% 83
\BOOKMARK [2][-]{subsection.11.3}{\376\377\000P\000h\000y\000s\000i\000c\000s\000\040\000V\000a\000l\000i\000d\000a\000t\000i\000o\000n\000\040\000v\000i\000a\000\040\000D\000i\000m\000e\000n\000s\000i\000o\000n\000l\000e\000s\000s\000\040\000N\000u\000m\000b\000e\000r\000s}{section.11}% 84
\BOOKMARK [2][-]{subsection.11.4}{\376\377\000F\000r\000a\000g\000m\000e\000n\000t\000-\000P\000r\000e\000c\000u\000r\000s\000o\000r\000\040\000S\000u\000b\000s\000e\000t\000\040\000C\000o\000n\000s\000t\000r\000a\000i\000n\000t}{section.11}% 85
\BOOKMARK [2][-]{subsection.11.5}{\376\377\000C\000i\000r\000c\000u\000l\000a\000r\000\040\000V\000a\000l\000i\000d\000a\000t\000i\000o\000n\000\040\000C\000y\000c\000l\000e}{section.11}% 86
\BOOKMARK [1][-]{section.12}{\376\377\000D\000i\000s\000c\000u\000s\000s\000i\000o\000n}{}% 87
\BOOKMARK [2][-]{subsection.12.1}{\376\377\000R\000e\000l\000a\000t\000i\000o\000n\000s\000h\000i\000p\000\040\000t\000o\000\040\000E\000x\000i\000s\000t\000i\000n\000g\000\040\000F\000r\000a\000m\000e\000w\000o\000r\000k\000s}{section.12}% 88
\BOOKMARK [3][-]{subsubsection.12.1.1}{\376\377\000C\000l\000a\000s\000s\000i\000c\000a\000l\000\040\000P\000h\000a\000s\000e\000\040\000S\000p\000a\000c\000e}{subsection.12.1}% 89
\BOOKMARK [3][-]{subsubsection.12.1.2}{\376\377\000Q\000u\000a\000n\000t\000u\000m\000\040\000M\000e\000c\000h\000a\000n\000i\000c\000s}{subsection.12.1}% 90
\BOOKMARK [3][-]{subsubsection.12.1.3}{\376\377\000S\000t\000a\000t\000i\000s\000t\000i\000c\000a\000l\000\040\000M\000e\000c\000h\000a\000n\000i\000c\000s}{subsection.12.1}% 91
\BOOKMARK [2][-]{subsection.12.2}{\376\377\000S\000c\000o\000p\000e\000\040\000a\000n\000d\000\040\000L\000i\000m\000i\000t\000a\000t\000i\000o\000n\000s}{section.12}% 92
\BOOKMARK [3][-]{subsubsection.12.2.1}{\376\377\000A\000p\000p\000l\000i\000c\000a\000b\000i\000l\000i\000t\000y\000\040\000C\000o\000n\000d\000i\000t\000i\000o\000n\000s}{subsection.12.2}% 93
\BOOKMARK [3][-]{subsubsection.12.2.2}{\376\377\000K\000n\000o\000w\000n\000\040\000L\000i\000m\000i\000t\000a\000t\000i\000o\000n\000s}{subsection.12.2}% 94
\BOOKMARK [2][-]{subsection.12.3}{\376\377\000D\000e\000t\000e\000r\000m\000i\000n\000i\000s\000t\000i\000c\000\040\000I\000d\000e\000n\000t\000i\000f\000i\000c\000a\000t\000i\000o\000n}{section.12}% 95
\BOOKMARK [2][-]{subsection.12.4}{\376\377\000C\000o\000m\000p\000a\000r\000i\000s\000o\000n\000\040\000w\000i\000t\000h\000\040\000P\000r\000o\000b\000a\000b\000i\000l\000i\000s\000t\000i\000c\000\040\000M\000e\000t\000h\000o\000d\000s}{section.12}% 96
\BOOKMARK [2][-]{subsection.12.5}{\376\377\000E\000x\000p\000e\000r\000i\000m\000e\000n\000t\000a\000l\000\040\000C\000o\000n\000s\000i\000d\000e\000r\000a\000t\000i\000o\000n\000s}{section.12}% 97
\BOOKMARK [3][-]{subsubsection.12.5.1}{\376\377\000M\000e\000a\000s\000u\000r\000e\000m\000e\000n\000t\000\040\000P\000r\000e\000c\000i\000s\000i\000o\000n}{subsection.12.5}% 98
\BOOKMARK [3][-]{subsubsection.12.5.2}{\376\377\000I\000n\000s\000t\000r\000u\000m\000e\000n\000t\000\040\000R\000e\000q\000u\000i\000r\000e\000m\000e\000n\000t\000s}{subsection.12.5}% 99
\BOOKMARK [2][-]{subsection.12.6}{\376\377\000R\000e\000l\000a\000t\000i\000o\000n\000s\000h\000i\000p\000\040\000t\000o\000\040\000I\000n\000f\000o\000r\000m\000a\000t\000i\000o\000n\000\040\000T\000h\000e\000o\000r\000y}{section.12}% 100
\BOOKMARK [1][-]{section.13}{\376\377\000C\000o\000n\000c\000l\000u\000s\000i\000o\000n}{}% 101
\BOOKMARK [2][-]{subsection.13.1}{\376\377\000T\000h\000e\000o\000r\000e\000t\000i\000c\000a\000l\000\040\000C\000o\000n\000t\000r\000i\000b\000u\000t\000i\000o\000n\000s}{section.13}% 102
\BOOKMARK [2][-]{subsection.13.2}{\376\377\000E\000x\000p\000e\000r\000i\000m\000e\000n\000t\000a\000l\000\040\000V\000a\000l\000i\000d\000a\000t\000i\000o\000n}{section.13}% 103
\BOOKMARK [2][-]{subsection.13.3}{\376\377\000P\000r\000a\000c\000t\000i\000c\000a\000l\000\040\000I\000m\000p\000l\000i\000c\000a\000t\000i\000o\000n\000s}{section.13}% 104
\BOOKMARK [2][-]{subsection.13.4}{\376\377\000S\000c\000o\000p\000e}{section.13}% 105
\BOOKMARK [2][-]{subsection.13.5}{\376\377\000S\000u\000m\000m\000a\000r\000y}{section.13}% 106
