\BOOKMARK [1][-]{section.1}{\376\377\000I\000n\000t\000r\000o\000d\000u\000c\000t\000i\000o\000n}{}% 1
\BOOKMARK [2][-]{subsection.1.1}{\376\377\000C\000e\000n\000t\000r\000a\000l\000\040\000C\000l\000a\000i\000m\000s}{section.1}% 2
\BOOKMARK [2][-]{subsection.1.2}{\376\377\000N\000o\000t\000a\000t\000i\000o\000n\000\040\000a\000n\000d\000\040\000C\000o\000n\000v\000e\000n\000t\000i\000o\000n\000s}{section.1}% 3
\BOOKMARK [1][-]{section.2}{\376\377\000M\000o\000l\000e\000c\000u\000l\000a\000r\000\040\000V\000i\000b\000r\000a\000t\000i\000o\000n\000s\000\040\000a\000n\000d\000\040\000H\000a\000r\000m\000o\000n\000i\000c\000\040\000P\000r\000e\000d\000i\000c\000t\000i\000o\000n}{}% 4
\BOOKMARK [2][-]{subsection.2.1}{\376\377\000V\000i\000b\000r\000a\000t\000i\000o\000n\000a\000l\000\040\000M\000o\000d\000e\000s\000\040\000a\000s\000\040\000H\000a\000r\000m\000o\000n\000i\000c\000\040\000O\000s\000c\000i\000l\000l\000a\000t\000o\000r\000s}{section.2}% 5
\BOOKMARK [2][-]{subsection.2.2}{\376\377\000H\000a\000r\000m\000o\000n\000i\000c\000\040\000C\000o\000i\000n\000c\000i\000d\000e\000n\000c\000e\000\040\000N\000e\000t\000w\000o\000r\000k\000s}{section.2}% 6
\BOOKMARK [2][-]{subsection.2.3}{\376\377\000F\000r\000e\000q\000u\000e\000n\000c\000y\000\040\000S\000p\000a\000c\000e\000\040\000T\000r\000i\000a\000n\000g\000u\000l\000a\000t\000i\000o\000n}{section.2}% 7
\BOOKMARK [2][-]{subsection.2.4}{\376\377\000M\000o\000l\000e\000c\000u\000l\000a\000r\000\040\000S\000t\000r\000u\000c\000t\000u\000r\000e\000\040\000P\000r\000e\000d\000i\000c\000t\000i\000o\000n\000\040\000A\000l\000g\000o\000r\000i\000t\000h\000m}{section.2}% 8
\BOOKMARK [3][-]{subsubsection.2.4.1}{\376\377\000S\000t\000a\000g\000e\000\040\0001\000:\000\040\000N\000e\000t\000w\000o\000r\000k\000\040\000C\000o\000n\000s\000t\000r\000u\000c\000t\000i\000o\000n}{subsection.2.4}% 9
\BOOKMARK [3][-]{subsubsection.2.4.2}{\376\377\000S\000t\000a\000g\000e\000\040\0002\000:\000\040\000U\000n\000k\000n\000o\000w\000n\000\040\000M\000o\000d\000e\000\040\000P\000r\000e\000d\000i\000c\000t\000i\000o\000n}{subsection.2.4}% 10
\BOOKMARK [2][-]{subsection.2.5}{\376\377\000V\000a\000l\000i\000d\000a\000t\000i\000o\000n\000:\000\040\000V\000a\000n\000i\000l\000l\000i\000n\000\040\000S\000t\000r\000u\000c\000t\000u\000r\000e\000\040\000P\000r\000e\000d\000i\000c\000t\000i\000o\000n}{section.2}% 11
\BOOKMARK [3][-]{subsubsection.2.5.1}{\376\377\000K\000n\000o\000w\000n\000\040\000M\000o\000d\000e\000s}{subsection.2.5}% 12
\BOOKMARK [3][-]{subsubsection.2.5.2}{\376\377\000P\000r\000e\000d\000i\000c\000t\000i\000o\000n\000\040\000T\000a\000r\000g\000e\000t\000:\000\040\000C\000a\000r\000b\000o\000n\000y\000l\000\040\000S\000t\000r\000e\000t\000c\000h}{subsection.2.5}% 13
\BOOKMARK [3][-]{subsubsection.2.5.3}{\376\377\000H\000a\000r\000m\000o\000n\000i\000c\000\040\000N\000e\000t\000w\000o\000r\000k\000\040\000A\000n\000a\000l\000y\000s\000i\000s}{subsection.2.5}% 14
\BOOKMARK [3][-]{subsubsection.2.5.4}{\376\377\000P\000r\000e\000d\000i\000c\000t\000i\000o\000n\000\040\000R\000e\000s\000u\000l\000t\000s}{subsection.2.5}% 15
\BOOKMARK [2][-]{subsection.2.6}{\376\377\000E\000r\000r\000o\000r\000\040\000A\000n\000a\000l\000y\000s\000i\000s}{section.2}% 16
\BOOKMARK [3][-]{subsubsection.2.6.1}{\376\377\000S\000o\000u\000r\000c\000e\000s\000\040\000o\000f\000\040\000E\000r\000r\000o\000r}{subsection.2.6}% 17
\BOOKMARK [3][-]{subsubsection.2.6.2}{\376\377\000E\000r\000r\000o\000r\000\040\000S\000c\000a\000l\000i\000n\000g}{subsection.2.6}% 18
\BOOKMARK [2][-]{subsection.2.7}{\376\377\000I\000m\000p\000r\000o\000v\000e\000d\000\040\000P\000r\000e\000d\000i\000c\000t\000i\000o\000n\000s\000\040\000w\000i\000t\000h\000\040\000M\000o\000r\000e\000\040\000K\000n\000o\000w\000n\000\040\000M\000o\000d\000e\000s}{section.2}% 19
\BOOKMARK [2][-]{subsection.2.8}{\376\377\000G\000e\000n\000e\000r\000a\000l\000i\000z\000a\000t\000i\000o\000n\000\040\000t\000o\000\040\000U\000n\000k\000n\000o\000w\000n\000\040\000M\000o\000l\000e\000c\000u\000l\000e\000s}{section.2}% 20
\BOOKMARK [2][-]{subsection.2.9}{\376\377\000C\000o\000m\000p\000a\000r\000i\000s\000o\000n\000\040\000w\000i\000t\000h\000\040\000T\000r\000a\000d\000i\000t\000i\000o\000n\000a\000l\000\040\000M\000e\000t\000h\000o\000d\000s}{section.2}% 21
\BOOKMARK [2][-]{subsection.2.10}{\376\377\000P\000h\000y\000s\000i\000c\000a\000l\000\040\000I\000n\000t\000e\000r\000p\000r\000e\000t\000a\000t\000i\000o\000n}{section.2}% 22
\BOOKMARK [2][-]{subsection.2.11}{\376\377\000I\000m\000p\000l\000i\000c\000a\000t\000i\000o\000n\000s}{section.2}% 23
\BOOKMARK [1][-]{section.3}{\376\377\000H\000y\000d\000r\000o\000g\000e\000n\000\040\000B\000o\000n\000d\000\040\000A\000n\000a\000l\000y\000s\000i\000s\000\040\000a\000n\000d\000\040\000F\000r\000e\000q\000u\000e\000n\000c\000y\000\040\000N\000e\000t\000w\000o\000r\000k\000s}{}% 24
\BOOKMARK [2][-]{subsection.3.1}{\376\377\000C\000h\000e\000m\000i\000c\000a\000l\000\040\000B\000o\000n\000d\000\040\000V\000i\000b\000r\000a\000t\000i\000o\000n\000s}{section.3}% 25
\BOOKMARK [3][-]{subsubsection.3.1.1}{\376\377\000F\000o\000r\000c\000e\000\040\000C\000o\000n\000s\000t\000a\000n\000t\000s\000\040\000b\000y\000\040\000B\000o\000n\000d\000\040\000T\000y\000p\000e}{subsection.3.1}% 26
\BOOKMARK [2][-]{subsection.3.2}{\376\377\000H\000y\000d\000r\000o\000g\000e\000n\000\040\000B\000o\000n\000d\000s\000\040\000a\000s\000\040\000P\000r\000o\000t\000o\000n\000\040\000O\000s\000c\000i\000l\000l\000a\000t\000o\000r\000s}{section.3}% 27
\BOOKMARK [3][-]{subsubsection.3.2.1}{\376\377\000H\000-\000B\000o\000n\000d\000\040\000P\000o\000t\000e\000n\000t\000i\000a\000l}{subsection.3.2}% 28
\BOOKMARK [2][-]{subsection.3.3}{\376\377\000B\000o\000n\000d\000\040\000F\000r\000e\000q\000u\000e\000n\000c\000y\000\040\000N\000e\000t\000w\000o\000r\000k\000s}{section.3}% 29
\BOOKMARK [2][-]{subsection.3.4}{\376\377\000N\000e\000t\000w\000o\000r\000k\000\040\000D\000y\000n\000a\000m\000i\000c\000s}{section.3}% 30
\BOOKMARK [2][-]{subsection.3.5}{\376\377\000H\000y\000d\000r\000o\000g\000e\000n\000\040\000B\000o\000n\000d\000\040\000N\000e\000t\000w\000o\000r\000k\000\040\000A\000n\000a\000l\000y\000s\000i\000s}{section.3}% 31
\BOOKMARK [3][-]{subsubsection.3.5.1}{\376\377\000N\000e\000t\000w\000o\000r\000k\000\040\000C\000o\000n\000s\000t\000r\000u\000c\000t\000i\000o\000n}{subsection.3.5}% 32
\BOOKMARK [3][-]{subsubsection.3.5.2}{\376\377\000C\000o\000u\000p\000l\000i\000n\000g\000\040\000M\000e\000c\000h\000a\000n\000i\000s\000m\000s}{subsection.3.5}% 33
\BOOKMARK [2][-]{subsection.3.6}{\376\377\000N\000e\000t\000w\000o\000r\000k\000\040\000P\000r\000o\000p\000e\000r\000t\000i\000e\000s}{section.3}% 34
\BOOKMARK [3][-]{subsubsection.3.6.1}{\376\377\000T\000o\000p\000o\000l\000o\000g\000y}{subsection.3.6}% 35
\BOOKMARK [3][-]{subsubsection.3.6.2}{\376\377\000F\000r\000e\000q\000u\000e\000n\000c\000y\000\040\000D\000i\000s\000t\000r\000i\000b\000u\000t\000i\000o\000n}{subsection.3.6}% 36
\BOOKMARK [2][-]{subsection.3.7}{\376\377\000B\000o\000n\000d\000\040\000S\000t\000r\000e\000n\000g\000t\000h\000\040\000v\000s\000\040\000F\000r\000e\000q\000u\000e\000n\000c\000y\000\040\000R\000e\000l\000a\000t\000i\000o\000n\000s\000h\000i\000p}{section.3}% 37
\BOOKMARK [2][-]{subsection.3.8}{\376\377\000Q\000u\000a\000n\000t\000u\000m\000\040\000v\000s\000\040\000C\000l\000a\000s\000s\000i\000c\000a\000l\000\040\000T\000r\000e\000a\000t\000m\000e\000n\000t}{section.3}% 38
\BOOKMARK [2][-]{subsection.3.9}{\376\377\000E\000x\000p\000e\000r\000i\000m\000e\000n\000t\000a\000l\000\040\000V\000a\000l\000i\000d\000a\000t\000i\000o\000n}{section.3}% 39
\BOOKMARK [2][-]{subsection.3.10}{\376\377\000B\000o\000n\000d\000\040\000N\000e\000t\000w\000o\000r\000k\000\040\000I\000n\000f\000o\000r\000m\000a\000t\000i\000o\000n\000\040\000C\000o\000n\000t\000e\000n\000t}{section.3}% 40
\BOOKMARK [1][-]{section.4}{\376\377\000C\000a\000t\000e\000g\000o\000r\000i\000c\000a\000l\000\040\000M\000o\000l\000e\000c\000u\000l\000a\000r\000\040\000M\000a\000x\000w\000e\000l\000l\000\040\000D\000e\000m\000o\000n}{}% 41
\BOOKMARK [2][-]{subsection.4.1}{\376\377\000M\000a\000x\000w\000e\000l\000l\000'\000s\000\040\000D\000e\000m\000o\000n\000\040\000a\000n\000d\000\040\000I\000n\000f\000o\000r\000m\000a\000t\000i\000o\000n\000\040\000C\000a\000t\000a\000l\000y\000s\000i\000s}{section.4}% 42
\BOOKMARK [2][-]{subsection.4.2}{\376\377\000S\000-\000E\000n\000t\000r\000o\000p\000y\000\040\000C\000o\000o\000r\000d\000i\000n\000a\000t\000e\000s}{section.4}% 43
\BOOKMARK [2][-]{subsection.4.3}{\376\377\000D\000u\000a\000l\000\040\000C\000o\000o\000r\000d\000i\000n\000a\000t\000e\000\040\000S\000y\000s\000t\000e\000m\000s}{section.4}% 44
\BOOKMARK [2][-]{subsection.4.4}{\376\377\000V\000i\000b\000r\000a\000t\000i\000o\000n\000a\000l\000\040\000M\000o\000d\000e\000s\000\040\000i\000n\000\040\000S\000-\000S\000p\000a\000c\000e}{section.4}% 45
\BOOKMARK [2][-]{subsection.4.5}{\376\377\000C\000a\000t\000e\000g\000o\000r\000i\000c\000a\000l\000\040\000D\000i\000s\000t\000a\000n\000c\000e}{section.4}% 46
\BOOKMARK [2][-]{subsection.4.6}{\376\377\000C\000a\000t\000e\000g\000o\000r\000i\000c\000a\000l\000\040\000A\000d\000d\000r\000e\000s\000s\000i\000n\000g\000\040\000O\000p\000e\000r\000a\000t\000o\000r}{section.4}% 47
\BOOKMARK [2][-]{subsection.4.7}{\376\377\000I\000n\000f\000o\000r\000m\000a\000t\000i\000o\000n\000\040\000C\000a\000t\000a\000l\000y\000s\000i\000s}{section.4}% 48
\BOOKMARK [2][-]{subsection.4.8}{\376\377\000i\000C\000a\000t\000\040\000T\000h\000e\000r\000m\000o\000d\000y\000n\000a\000m\000i\000c\000s}{section.4}% 49
\BOOKMARK [2][-]{subsection.4.9}{\376\377\000A\000t\000m\000o\000s\000p\000h\000e\000r\000i\000c\000\040\000M\000o\000l\000e\000c\000u\000l\000a\000r\000\040\000D\000e\000m\000o\000n\000s}{section.4}% 50
\BOOKMARK [2][-]{subsection.4.10}{\376\377\000C\000a\000t\000e\000g\000o\000r\000i\000c\000a\000l\000\040\000M\000e\000m\000o\000r\000y\000\040\000D\000e\000v\000i\000c\000e}{section.4}% 51
\BOOKMARK [3][-]{subsubsection.4.10.1}{\376\377\000W\000r\000i\000t\000e\000\040\000O\000p\000e\000r\000a\000t\000i\000o\000n}{subsection.4.10}% 52
\BOOKMARK [3][-]{subsubsection.4.10.2}{\376\377\000R\000e\000a\000d\000\040\000O\000p\000e\000r\000a\000t\000i\000o\000n}{subsection.4.10}% 53
\BOOKMARK [2][-]{subsection.4.11}{\376\377\000C\000o\000m\000p\000u\000t\000a\000t\000i\000o\000n\000a\000l\000\040\000V\000a\000l\000i\000d\000a\000t\000i\000o\000n\000:\000\040\000A\000t\000m\000o\000s\000p\000h\000e\000r\000i\000c\000\040\000M\000e\000m\000o\000r\000y}{section.4}% 54
\BOOKMARK [3][-]{subsubsection.4.11.1}{\376\377\000S\000t\000o\000r\000a\000g\000e\000\040\000C\000a\000p\000a\000c\000i\000t\000y}{subsection.4.11}% 55
\BOOKMARK [3][-]{subsubsection.4.11.2}{\376\377\000D\000e\000m\000o\000n\000s\000t\000r\000a\000t\000i\000o\000n\000\040\000R\000e\000s\000u\000l\000t\000s}{subsection.4.11}% 56
\BOOKMARK [2][-]{subsection.4.12}{\376\377\000C\000o\000m\000p\000a\000r\000i\000s\000o\000n\000\040\000w\000i\000t\000h\000\040\000C\000o\000n\000v\000e\000n\000t\000i\000o\000n\000a\000l\000\040\000M\000e\000m\000o\000r\000y}{section.4}% 57
\BOOKMARK [2][-]{subsection.4.13}{\376\377\000L\000i\000m\000i\000t\000a\000t\000i\000o\000n\000s\000\040\000a\000n\000d\000\040\000P\000r\000a\000c\000t\000i\000c\000a\000l\000\040\000C\000o\000n\000s\000i\000d\000e\000r\000a\000t\000i\000o\000n\000s}{section.4}% 58
\BOOKMARK [3][-]{subsubsection.4.13.1}{\376\377\000D\000e\000c\000o\000h\000e\000r\000e\000n\000c\000e}{subsection.4.13}% 59
\BOOKMARK [3][-]{subsubsection.4.13.2}{\376\377\000A\000d\000d\000r\000e\000s\000s\000i\000n\000g\000\040\000P\000r\000e\000c\000i\000s\000i\000o\000n}{subsection.4.13}% 60
\BOOKMARK [3][-]{subsubsection.4.13.3}{\376\377\000S\000e\000l\000e\000c\000t\000i\000v\000i\000t\000y}{subsection.4.13}% 61
\BOOKMARK [1][-]{section.5}{\376\377\000M\000o\000l\000e\000c\000u\000l\000a\000r\000\040\000D\000u\000a\000l\000i\000t\000y\000:\000\040\000P\000h\000y\000s\000i\000c\000a\000l\000\040\000a\000n\000d\000\040\000C\000a\000t\000e\000g\000o\000r\000i\000c\000a\000l\000\040\000C\000o\000o\000r\000d\000i\000n\000a\000t\000e\000s}{}% 62
\BOOKMARK [2][-]{subsection.5.1}{\376\377\000W\000a\000v\000e\000-\000P\000a\000r\000t\000i\000c\000l\000e\000-\000I\000n\000f\000o\000r\000m\000a\000t\000i\000o\000n\000\040\000T\000r\000i\000a\000l\000i\000t\000y}{section.5}% 63
\BOOKMARK [2][-]{subsection.5.2}{\376\377\000C\000o\000o\000r\000d\000i\000n\000a\000t\000e\000\040\000S\000y\000s\000t\000e\000m\000\040\000R\000e\000l\000a\000t\000i\000o\000n\000s\000h\000i\000p\000s}{section.5}% 64
\BOOKMARK [3][-]{subsubsection.5.2.1}{\376\377\000P\000h\000y\000s\000i\000c\000a\000l\000\040\041\222\000\040\000Q\000u\000a\000n\000t\000u\000m}{subsection.5.2}% 65
\BOOKMARK [3][-]{subsubsection.5.2.2}{\376\377\000Q\000u\000a\000n\000t\000u\000m\000\040\041\222\000\040\000C\000a\000t\000e\000g\000o\000r\000i\000c\000a\000l}{subsection.5.2}% 66
\BOOKMARK [3][-]{subsubsection.5.2.3}{\376\377\000P\000h\000y\000s\000i\000c\000a\000l\000\040\041\222\000\040\000C\000a\000t\000e\000g\000o\000r\000i\000c\000a\000l\000\040\000\050\000D\000i\000r\000e\000c\000t\000\051}{subsection.5.2}% 67
\BOOKMARK [2][-]{subsection.5.3}{\376\377\000C\000o\000m\000m\000u\000t\000a\000t\000i\000o\000n\000\040\000R\000e\000l\000a\000t\000i\000o\000n\000s}{section.5}% 68
\BOOKMARK [2][-]{subsection.5.4}{\376\377\000U\000n\000c\000e\000r\000t\000a\000i\000n\000t\000y\000\040\000P\000r\000i\000n\000c\000i\000p\000l\000e\000\040\000E\000v\000a\000s\000i\000o\000n}{section.5}% 69
\BOOKMARK [2][-]{subsection.5.5}{\376\377\000M\000e\000a\000s\000u\000r\000e\000m\000e\000n\000t\000\040\000P\000r\000o\000t\000o\000c\000o\000l\000s}{section.5}% 70
\BOOKMARK [3][-]{subsubsection.5.5.1}{\376\377\000P\000h\000y\000s\000i\000c\000a\000l\000\040\000M\000e\000a\000s\000u\000r\000e\000m\000e\000n\000t\000\040\000\050\000C\000o\000n\000v\000e\000n\000t\000i\000o\000n\000a\000l\000\051}{subsection.5.5}% 71
\BOOKMARK [3][-]{subsubsection.5.5.2}{\376\377\000C\000a\000t\000e\000g\000o\000r\000i\000c\000a\000l\000\040\000M\000e\000a\000s\000u\000r\000e\000m\000e\000n\000t\000\040\000\050\000T\000h\000i\000s\000\040\000W\000o\000r\000k\000\051}{subsection.5.5}% 72
\BOOKMARK [2][-]{subsection.5.6}{\376\377\000T\000r\000a\000n\000s\000-\000P\000l\000a\000n\000c\000k\000i\000a\000n\000\040\000O\000b\000s\000e\000r\000v\000a\000t\000i\000o\000n}{section.5}% 73
\BOOKMARK [2][-]{subsection.5.7}{\376\377\000E\000x\000p\000e\000r\000i\000m\000e\000n\000t\000a\000l\000\040\000D\000e\000m\000o\000n\000s\000t\000r\000a\000t\000i\000o\000n\000:\000\040\000U\000l\000t\000r\000a\000-\000F\000a\000s\000t\000\040\000O\000b\000s\000e\000r\000v\000e\000r}{section.5}% 74
\BOOKMARK [3][-]{subsubsection.5.7.1}{\376\377\000S\000e\000t\000u\000p}{subsection.5.7}% 75
\BOOKMARK [3][-]{subsubsection.5.7.2}{\376\377\000R\000e\000s\000u\000l\000t\000s}{subsection.5.7}% 76
\BOOKMARK [3][-]{subsubsection.5.7.3}{\376\377\000I\000n\000t\000e\000r\000p\000r\000e\000t\000a\000t\000i\000o\000n}{subsection.5.7}% 77
\BOOKMARK [2][-]{subsection.5.8}{\376\377\000C\000o\000m\000p\000a\000r\000i\000s\000o\000n\000:\000\040\000P\000h\000y\000s\000i\000c\000a\000l\000\040\000v\000s\000\040\000C\000a\000t\000e\000g\000o\000r\000i\000c\000a\000l\000\040\000M\000e\000a\000s\000u\000r\000e\000m\000e\000n\000t}{section.5}% 78
\BOOKMARK [2][-]{subsection.5.9}{\376\377\000M\000a\000t\000h\000e\000m\000a\000t\000i\000c\000a\000l\000\040\000S\000t\000r\000u\000c\000t\000u\000r\000e}{section.5}% 79
\BOOKMARK [1][-]{section.6}{\376\377\000A\000t\000m\000o\000s\000p\000h\000e\000r\000i\000c\000\040\000C\000o\000m\000p\000u\000t\000a\000t\000i\000o\000n\000\040\000a\000n\000d\000\040\000Z\000e\000r\000o\000-\000B\000a\000c\000k\000a\000c\000t\000i\000o\000n\000\040\000M\000e\000a\000s\000u\000r\000e\000m\000e\000n\000t}{}% 80
\BOOKMARK [2][-]{subsection.6.1}{\376\377\000T\000h\000e\000\040\000A\000m\000b\000i\000e\000n\000t\000\040\000A\000t\000m\000o\000s\000p\000h\000e\000r\000e\000\040\000a\000s\000\040\000C\000o\000m\000p\000u\000t\000i\000n\000g\000\040\000S\000u\000b\000s\000t\000r\000a\000t\000e}{section.6}% 81
\BOOKMARK [3][-]{subsubsection.6.1.1}{\376\377\000A\000t\000m\000o\000s\000p\000h\000e\000r\000i\000c\000\040\000C\000o\000m\000p\000o\000s\000i\000t\000i\000o\000n\000\040\000a\000n\000d\000\040\000R\000e\000s\000o\000u\000r\000c\000e\000s}{subsection.6.1}% 82
\BOOKMARK [2][-]{subsection.6.2}{\376\377\000A\000t\000m\000o\000s\000p\000h\000e\000r\000i\000c\000\040\000M\000e\000m\000o\000r\000y\000:\000\040\000C\000o\000m\000p\000l\000e\000t\000e\000\040\000T\000h\000e\000o\000r\000y}{section.6}% 83
\BOOKMARK [3][-]{subsubsection.6.2.1}{\376\377\000A\000d\000d\000r\000e\000s\000s\000i\000n\000g\000\040\000M\000e\000c\000h\000a\000n\000i\000s\000m}{subsection.6.2}% 84
\BOOKMARK [3][-]{subsubsection.6.2.2}{\376\377\000W\000r\000i\000t\000e\000\040\000O\000p\000e\000r\000a\000t\000i\000o\000n\000\040\000E\000n\000e\000r\000g\000y\000\040\000C\000o\000s\000t}{subsection.6.2}% 85
\BOOKMARK [3][-]{subsubsection.6.2.3}{\376\377\000R\000e\000a\000d\000\040\000O\000p\000e\000r\000a\000t\000i\000o\000n\000\040\000E\000n\000e\000r\000g\000y\000\040\000C\000o\000s\000t}{subsection.6.2}% 86
\BOOKMARK [3][-]{subsubsection.6.2.4}{\376\377\000S\000t\000o\000r\000a\000g\000e\000\040\000D\000e\000n\000s\000i\000t\000y\000\040\000C\000a\000l\000c\000u\000l\000a\000t\000i\000o\000n}{subsection.6.2}% 87
\BOOKMARK [2][-]{subsection.6.3}{\376\377\000D\000e\000c\000o\000h\000e\000r\000e\000n\000c\000e\000\040\000a\000n\000d\000\040\000S\000t\000o\000r\000a\000g\000e\000\040\000L\000i\000f\000e\000t\000i\000m\000e}{section.6}% 88
\BOOKMARK [3][-]{subsubsection.6.3.1}{\376\377\000C\000o\000l\000l\000i\000s\000i\000o\000n\000\040\000R\000a\000t\000e}{subsection.6.3}% 89
\BOOKMARK [3][-]{subsubsection.6.3.2}{\376\377\000P\000h\000a\000s\000e\000\040\000D\000e\000c\000o\000h\000e\000r\000e\000n\000c\000e}{subsection.6.3}% 90
\BOOKMARK [3][-]{subsubsection.6.3.3}{\376\377\000L\000i\000f\000e\000t\000i\000m\000e\000\040\000E\000x\000t\000e\000n\000s\000i\000o\000n\000\040\000S\000t\000r\000a\000t\000e\000g\000i\000e\000s}{subsection.6.3}% 91
\BOOKMARK [2][-]{subsection.6.4}{\376\377\000A\000t\000m\000o\000s\000p\000h\000e\000r\000i\000c\000\040\000C\000o\000m\000p\000u\000t\000i\000n\000g\000:\000\040\000B\000e\000y\000o\000n\000d\000\040\000S\000t\000o\000r\000a\000g\000e}{section.6}% 92
\BOOKMARK [3][-]{subsubsection.6.4.1}{\376\377\000C\000o\000m\000p\000u\000t\000a\000t\000i\000o\000n\000\040\000M\000o\000d\000e\000l}{subsection.6.4}% 93
\BOOKMARK [3][-]{subsubsection.6.4.2}{\376\377\000L\000o\000g\000i\000c\000a\000l\000\040\000O\000p\000e\000r\000a\000t\000i\000o\000n\000s}{subsection.6.4}% 94
\BOOKMARK [3][-]{subsubsection.6.4.3}{\376\377\000P\000a\000r\000a\000l\000l\000e\000l\000i\000s\000m}{subsection.6.4}% 95
\BOOKMARK [2][-]{subsection.6.5}{\376\377\000D\000e\000m\000o\000n\000s\000t\000r\000a\000t\000i\000o\000n\000:\000\040\000C\000o\000n\000t\000a\000i\000n\000e\000d\000\040\000M\000o\000l\000e\000c\000u\000l\000a\000r\000\040\000C\000o\000m\000p\000u\000t\000e\000r}{section.6}% 96
\BOOKMARK [3][-]{subsubsection.6.5.1}{\376\377\000S\000e\000t\000u\000p}{subsection.6.5}% 97
\BOOKMARK [3][-]{subsubsection.6.5.2}{\376\377\000T\000e\000s\000t\000\040\000C\000o\000m\000p\000u\000t\000a\000t\000i\000o\000n}{subsection.6.5}% 98
\BOOKMARK [3][-]{subsubsection.6.5.3}{\376\377\000R\000e\000s\000u\000l\000t\000s}{subsection.6.5}% 99
\BOOKMARK [2][-]{subsection.6.6}{\376\377\000Z\000e\000r\000o\000-\000B\000a\000c\000k\000a\000c\000t\000i\000o\000n\000\040\000O\000b\000s\000e\000r\000v\000a\000t\000i\000o\000n\000:\000\040\000C\000o\000m\000p\000l\000e\000t\000e\000\040\000A\000n\000a\000l\000y\000s\000i\000s}{section.6}% 100
\BOOKMARK [3][-]{subsubsection.6.6.1}{\376\377\000O\000b\000s\000e\000r\000v\000a\000t\000i\000o\000n\000\040\000P\000r\000o\000t\000o\000c\000o\000l}{subsection.6.6}% 101
\BOOKMARK [3][-]{subsubsection.6.6.2}{\376\377\000B\000a\000c\000k\000a\000c\000t\000i\000o\000n\000\040\000C\000a\000l\000c\000u\000l\000a\000t\000i\000o\000n}{subsection.6.6}% 102
\BOOKMARK [3][-]{subsubsection.6.6.3}{\376\377\000D\000e\000m\000o\000n\000s\000t\000r\000a\000t\000i\000o\000n\000\040\000R\000e\000s\000u\000l\000t\000s}{subsection.6.6}% 103
\BOOKMARK [2][-]{subsection.6.7}{\376\377\000C\000o\000m\000p\000a\000r\000i\000s\000o\000n\000\040\000w\000i\000t\000h\000\040\000Q\000u\000a\000n\000t\000u\000m\000\040\000C\000o\000m\000p\000u\000t\000i\000n\000g}{section.6}% 104
\BOOKMARK [2][-]{subsection.6.8}{\376\377\000C\000o\000n\000c\000l\000u\000s\000i\000o\000n}{section.6}% 105
\BOOKMARK [1][-]{section.7}{\376\377\000C\000o\000n\000c\000l\000u\000s\000i\000o\000n\000s}{}% 106
