\BOOKMARK [1][-]{section.1}{\376\377\000I\000n\000t\000r\000o\000d\000u\000c\000t\000i\000o\000n}{}% 1
\BOOKMARK [2][-]{subsection.1.1}{\376\377\000B\000a\000c\000k\000g\000r\000o\000u\000n\000d\000\040\000a\000n\000d\000\040\000M\000o\000t\000i\000v\000a\000t\000i\000o\000n}{section.1}% 2
\BOOKMARK [2][-]{subsection.1.2}{\376\377\000L\000i\000m\000i\000t\000a\000t\000i\000o\000n\000s\000\040\000o\000f\000\040\000C\000u\000r\000r\000e\000n\000t\000\040\000A\000p\000p\000r\000o\000a\000c\000h\000e\000s}{section.1}% 3
\BOOKMARK [2][-]{subsection.1.3}{\376\377\000I\000n\000f\000o\000r\000m\000a\000t\000i\000o\000n\000\040\000T\000h\000e\000o\000r\000y\000\040\000i\000n\000\040\000P\000r\000o\000t\000e\000o\000m\000i\000c\000s}{section.1}% 4
\BOOKMARK [2][-]{subsection.1.4}{\376\377\000T\000h\000e\000\040\000S\000-\000E\000n\000t\000r\000o\000p\000y\000\040\000F\000r\000a\000m\000e\000w\000o\000r\000k}{section.1}% 5
\BOOKMARK [2][-]{subsection.1.5}{\376\377\000C\000o\000n\000t\000r\000i\000b\000u\000t\000i\000o\000n\000s}{section.1}% 6
\BOOKMARK [1][-]{section.2}{\376\377\000M\000e\000t\000h\000o\000d\000s}{}% 7
\BOOKMARK [2][-]{subsection.2.1}{\376\377\000T\000h\000e\000\040\000S\000-\000E\000n\000t\000r\000o\000p\000y\000\040\000F\000r\000a\000m\000e\000w\000o\000r\000k}{section.2}% 8
\BOOKMARK [3][-]{subsubsection.2.1.1}{\376\377\000T\000h\000e\000o\000r\000e\000t\000i\000c\000a\000l\000\040\000F\000o\000u\000n\000d\000a\000t\000i\000o\000n}{subsection.2.1}% 9
\BOOKMARK [3][-]{subsubsection.2.1.2}{\376\377\000B\000a\000s\000e\000\040\000C\000o\000o\000r\000d\000i\000n\000a\000t\000e\000\040\000C\000o\000n\000s\000t\000r\000u\000c\000t\000i\000o\000n}{subsection.2.1}% 10
\BOOKMARK [3][-]{subsubsection.2.1.3}{\376\377\000S\000-\000E\000n\000t\000r\000o\000p\000y\000\040\000C\000o\000o\000r\000d\000i\000n\000a\000t\000e\000\040\000T\000r\000a\000n\000s\000f\000o\000r\000m\000a\000t\000i\000o\000n}{subsection.2.1}% 11
\BOOKMARK [2][-]{subsection.2.2}{\376\377\000F\000e\000a\000t\000u\000r\000e\000\040\000E\000x\000t\000r\000a\000c\000t\000i\000o\000n}{section.2}% 12
\BOOKMARK [3][-]{subsubsection.2.2.1}{\376\377\000S\000t\000a\000t\000i\000s\000t\000i\000c\000a\000l\000\040\000F\000e\000a\000t\000u\000r\000e\000s\000\040\000\050\0006\000\040\000d\000i\000m\000e\000n\000s\000i\000o\000n\000s\000\051}{subsection.2.2}% 13
\BOOKMARK [3][-]{subsubsection.2.2.2}{\376\377\000G\000e\000o\000m\000e\000t\000r\000i\000c\000\040\000F\000e\000a\000t\000u\000r\000e\000s\000\040\000\050\0004\000\040\000d\000i\000m\000e\000n\000s\000i\000o\000n\000s\000\051}{subsection.2.2}% 14
\BOOKMARK [3][-]{subsubsection.2.2.3}{\376\377\000I\000n\000f\000o\000r\000m\000a\000t\000i\000o\000n\000-\000T\000h\000e\000o\000r\000e\000t\000i\000c\000\040\000F\000e\000a\000t\000u\000r\000e\000s\000\040\000\050\0004\000\040\000d\000i\000m\000e\000n\000s\000i\000o\000n\000s\000\051}{subsection.2.2}% 15
\BOOKMARK [2][-]{subsection.2.3}{\376\377\000C\000o\000m\000p\000u\000t\000a\000t\000i\000o\000n\000a\000l\000\040\000I\000m\000p\000l\000e\000m\000e\000n\000t\000a\000t\000i\000o\000n}{section.2}% 16
\BOOKMARK [3][-]{subsubsection.2.3.1}{\376\377\000A\000l\000g\000o\000r\000i\000t\000h\000m}{subsection.2.3}% 17
\BOOKMARK [3][-]{subsubsection.2.3.2}{\376\377\000C\000o\000m\000p\000l\000e\000x\000i\000t\000y\000\040\000A\000n\000a\000l\000y\000s\000i\000s}{subsection.2.3}% 18
\BOOKMARK [2][-]{subsection.2.4}{\376\377\000V\000a\000l\000i\000d\000a\000t\000i\000o\000n\000\040\000M\000e\000t\000h\000o\000d\000o\000l\000o\000g\000y}{section.2}% 19
\BOOKMARK [3][-]{subsubsection.2.4.1}{\376\377\000C\000l\000u\000s\000t\000e\000r\000i\000n\000g\000\040\000P\000e\000r\000f\000o\000r\000m\000a\000n\000c\000e\000\040\000V\000a\000l\000i\000d\000a\000t\000i\000o\000n}{subsection.2.4}% 20
\BOOKMARK [3][-]{subsubsection.2.4.2}{\376\377\000P\000r\000o\000t\000e\000o\000m\000i\000c\000s\000-\000S\000p\000e\000c\000i\000f\000i\000c\000\040\000V\000a\000l\000i\000d\000a\000t\000i\000o\000n}{subsection.2.4}% 21
\BOOKMARK [3][-]{subsubsection.2.4.3}{\376\377\000B\000e\000n\000c\000h\000m\000a\000r\000k\000\040\000C\000o\000m\000p\000a\000r\000i\000s\000o\000n}{subsection.2.4}% 22
\BOOKMARK [2][-]{subsection.2.5}{\376\377\000D\000a\000t\000a\000s\000e\000t\000s}{section.2}% 23
\BOOKMARK [3][-]{subsubsection.2.5.1}{\376\377\000B\000e\000n\000c\000h\000m\000a\000r\000k\000\040\000D\000a\000t\000a\000s\000e\000t\000\040\0001\000:\000\040\000S\000y\000n\000t\000h\000e\000t\000i\000c\000\040\000P\000e\000p\000t\000i\000d\000e\000\040\000L\000i\000b\000r\000a\000r\000y}{subsection.2.5}% 24
\BOOKMARK [3][-]{subsubsection.2.5.2}{\376\377\000B\000e\000n\000c\000h\000m\000a\000r\000k\000\040\000D\000a\000t\000a\000s\000e\000t\000\040\0002\000:\000\040\000Y\000e\000a\000s\000t\000\040\000P\000r\000o\000t\000e\000o\000m\000e}{subsection.2.5}% 25
\BOOKMARK [3][-]{subsubsection.2.5.3}{\376\377\000B\000e\000n\000c\000h\000m\000a\000r\000k\000\040\000D\000a\000t\000a\000s\000e\000t\000\040\0003\000:\000\040\000H\000u\000m\000a\000n\000\040\000P\000l\000a\000s\000m\000a}{subsection.2.5}% 26
\BOOKMARK [2][-]{subsection.2.6}{\376\377\000S\000t\000a\000t\000i\000s\000t\000i\000c\000a\000l\000\040\000A\000n\000a\000l\000y\000s\000i\000s}{section.2}% 27
\BOOKMARK [1][-]{section.3}{\376\377\000R\000e\000s\000u\000l\000t\000s}{}% 28
\BOOKMARK [2][-]{subsection.3.1}{\376\377\000S\000-\000E\000n\000t\000r\000o\000p\000y\000\040\000C\000o\000o\000r\000d\000i\000n\000a\000t\000e\000\040\000S\000p\000a\000c\000e\000\040\000C\000h\000a\000r\000a\000c\000t\000e\000r\000i\000z\000a\000t\000i\000o\000n}{section.3}% 29
\BOOKMARK [3][-]{subsubsection.3.1.1}{\376\377\000C\000o\000o\000r\000d\000i\000n\000a\000t\000e\000\040\000D\000i\000s\000t\000r\000i\000b\000u\000t\000i\000o\000n\000\040\000P\000r\000o\000p\000e\000r\000t\000i\000e\000s}{subsection.3.1}% 30
\BOOKMARK [3][-]{subsubsection.3.1.2}{\376\377\000P\000e\000p\000t\000i\000d\000e\000\040\000S\000e\000q\000u\000e\000n\000c\000e\000\040\000E\000n\000c\000o\000d\000i\000n\000g}{subsection.3.1}% 31
\BOOKMARK [2][-]{subsection.3.2}{\376\377\000C\000l\000u\000s\000t\000e\000r\000i\000n\000g\000\040\000P\000e\000r\000f\000o\000r\000m\000a\000n\000c\000e}{section.3}% 32
\BOOKMARK [3][-]{subsubsection.3.2.1}{\376\377\000U\000n\000s\000u\000p\000e\000r\000v\000i\000s\000e\000d\000\040\000C\000l\000u\000s\000t\000e\000r\000i\000n\000g\000\040\000R\000e\000s\000u\000l\000t\000s}{subsection.3.2}% 33
\BOOKMARK [3][-]{subsubsection.3.2.2}{\376\377\000C\000l\000u\000s\000t\000e\000r\000\040\000S\000t\000a\000b\000i\000l\000i\000t\000y\000\040\000A\000n\000a\000l\000y\000s\000i\000s}{subsection.3.2}% 34
\BOOKMARK [2][-]{subsection.3.3}{\376\377\000P\000r\000o\000t\000e\000o\000m\000i\000c\000s\000-\000S\000p\000e\000c\000i\000f\000i\000c\000\040\000V\000a\000l\000i\000d\000a\000t\000i\000o\000n}{section.3}% 35
\BOOKMARK [3][-]{subsubsection.3.3.1}{\376\377\000B\000/\000Y\000\040\000I\000o\000n\000\040\000C\000o\000m\000p\000l\000e\000m\000e\000n\000t\000a\000r\000i\000t\000y}{subsection.3.3}% 36
\BOOKMARK [3][-]{subsubsection.3.3.2}{\376\377\000T\000e\000m\000p\000o\000r\000a\000l\000\040\000P\000r\000o\000x\000i\000m\000i\000t\000y\000\040\000C\000o\000r\000r\000e\000l\000a\000t\000i\000o\000n}{subsection.3.3}% 37
\BOOKMARK [3][-]{subsubsection.3.3.3}{\376\377\000F\000r\000a\000g\000m\000e\000n\000t\000\040\000P\000a\000t\000t\000e\000r\000n\000\040\000C\000o\000n\000s\000i\000s\000t\000e\000n\000c\000y}{subsection.3.3}% 38
\BOOKMARK [2][-]{subsection.3.4}{\376\377\000B\000e\000n\000c\000h\000m\000a\000r\000k\000\040\000C\000o\000m\000p\000a\000r\000i\000s\000o\000n}{section.3}% 39
\BOOKMARK [3][-]{subsubsection.3.4.1}{\376\377\000P\000r\000o\000c\000e\000s\000s\000i\000n\000g\000\040\000T\000i\000m\000e}{subsection.3.4}% 40
\BOOKMARK [3][-]{subsubsection.3.4.2}{\376\377\000F\000e\000a\000t\000u\000r\000e\000\040\000Q\000u\000a\000l\000i\000t\000y\000\040\000M\000e\000t\000r\000i\000c\000s}{subsection.3.4}% 41
\BOOKMARK [3][-]{subsubsection.3.4.3}{\376\377\000D\000i\000s\000c\000r\000i\000m\000i\000n\000a\000t\000i\000v\000e\000\040\000P\000o\000w\000e\000r}{subsection.3.4}% 42
\BOOKMARK [2][-]{subsection.3.5}{\376\377\000C\000a\000s\000e\000\040\000S\000t\000u\000d\000y\000:\000\040\000P\000e\000p\000t\000i\000d\000e\000\040\000I\000d\000e\000n\000t\000i\000f\000i\000c\000a\000t\000i\000o\000n\000\040\000E\000n\000h\000a\000n\000c\000e\000m\000e\000n\000t}{section.3}% 43
\BOOKMARK [1][-]{section.4}{\376\377\000D\000i\000s\000c\000u\000s\000s\000i\000o\000n}{}% 44
\BOOKMARK [2][-]{subsection.4.1}{\376\377\000P\000r\000i\000n\000c\000i\000p\000a\000l\000\040\000F\000i\000n\000d\000i\000n\000g\000s}{section.4}% 45
\BOOKMARK [2][-]{subsection.4.2}{\376\377\000T\000h\000e\000o\000r\000e\000t\000i\000c\000a\000l\000\040\000I\000m\000p\000l\000i\000c\000a\000t\000i\000o\000n\000s}{section.4}% 46
\BOOKMARK [3][-]{subsubsection.4.2.1}{\376\377\000I\000n\000f\000o\000r\000m\000a\000t\000i\000o\000n\000-\000T\000h\000e\000o\000r\000e\000t\000i\000c\000\040\000P\000e\000r\000s\000p\000e\000c\000t\000i\000v\000e\000\040\000o\000n\000\040\000M\000S\000/\000M\000S\000\040\000D\000a\000t\000a}{subsection.4.2}% 47
\BOOKMARK [3][-]{subsubsection.4.2.2}{\376\377\000C\000o\000m\000p\000l\000e\000m\000e\000n\000t\000a\000r\000i\000t\000y\000\040\000a\000n\000d\000\040\000C\000o\000o\000r\000d\000i\000n\000a\000t\000e\000\040\000G\000e\000o\000m\000e\000t\000r\000y}{subsection.4.2}% 48
\BOOKMARK [2][-]{subsection.4.3}{\376\377\000P\000r\000a\000c\000t\000i\000c\000a\000l\000\040\000A\000p\000p\000l\000i\000c\000a\000t\000i\000o\000n\000s}{section.4}% 49
\BOOKMARK [3][-]{subsubsection.4.3.1}{\376\377\000D\000a\000t\000a\000b\000a\000s\000e\000\040\000S\000e\000a\000r\000c\000h\000i\000n\000g}{subsection.4.3}% 50
\BOOKMARK [3][-]{subsubsection.4.3.2}{\376\377\000S\000p\000e\000c\000t\000r\000a\000l\000\040\000L\000i\000b\000r\000a\000r\000y\000\040\000S\000e\000a\000r\000c\000h\000i\000n\000g}{subsection.4.3}% 51
\BOOKMARK [3][-]{subsubsection.4.3.3}{\376\377\000D\000e\000\040\000N\000o\000v\000o\000\040\000S\000e\000q\000u\000e\000n\000c\000i\000n\000g}{subsection.4.3}% 52
\BOOKMARK [2][-]{subsection.4.4}{\376\377\000L\000i\000m\000i\000t\000a\000t\000i\000o\000n\000s\000\040\000a\000n\000d\000\040\000F\000u\000t\000u\000r\000e\000\040\000D\000i\000r\000e\000c\000t\000i\000o\000n\000s}{section.4}% 53
\BOOKMARK [3][-]{subsubsection.4.4.1}{\376\377\000C\000u\000r\000r\000e\000n\000t\000\040\000L\000i\000m\000i\000t\000a\000t\000i\000o\000n\000s}{subsection.4.4}% 54
\BOOKMARK [3][-]{subsubsection.4.4.2}{\376\377\000F\000u\000t\000u\000r\000e\000\040\000R\000e\000s\000e\000a\000r\000c\000h\000\040\000D\000i\000r\000e\000c\000t\000i\000o\000n\000s}{subsection.4.4}% 55
\BOOKMARK [2][-]{subsection.4.5}{\376\377\000B\000r\000o\000a\000d\000e\000r\000\040\000I\000m\000p\000a\000c\000t}{section.4}% 56
\BOOKMARK [1][-]{section.5}{\376\377\000C\000o\000n\000c\000l\000u\000s\000i\000o\000n\000s}{}% 57
