\BOOKMARK [1][-]{section.1}{\376\377\000I\000n\000t\000r\000o\000d\000u\000c\000t\000i\000o\000n}{}% 1
\BOOKMARK [2][-]{subsection.1.1}{\376\377\000M\000o\000t\000i\000v\000a\000t\000i\000o\000n}{section.1}% 2
\BOOKMARK [2][-]{subsection.1.2}{\376\377\000M\000e\000t\000h\000o\000d\000o\000l\000o\000g\000i\000c\000a\000l\000\040\000A\000p\000p\000r\000o\000a\000c\000h}{section.1}% 3
\BOOKMARK [2][-]{subsection.1.3}{\376\377\000O\000v\000e\000r\000v\000i\000e\000w\000\040\000o\000f\000\040\000R\000e\000s\000u\000l\000t\000s}{section.1}% 4
\BOOKMARK [2][-]{subsection.1.4}{\376\377\000S\000c\000o\000p\000e}{section.1}% 5
\BOOKMARK [2][-]{subsection.1.5}{\376\377\000N\000o\000t\000a\000t\000i\000o\000n}{section.1}% 6
\BOOKMARK [1][-]{section.2}{\376\377\000E\000x\000i\000s\000t\000e\000n\000c\000e\000\040\000a\000n\000d\000\040\000C\000o\000n\000s\000t\000r\000a\000i\000n\000t\000\040\000N\000e\000c\000e\000s\000s\000i\000t\000y}{}% 7
\BOOKMARK [2][-]{subsection.2.1}{\376\377\000T\000h\000e\000\040\000F\000u\000n\000d\000a\000m\000e\000n\000t\000a\000l\000\040\000Q\000u\000e\000s\000t\000i\000o\000n}{section.2}% 8
\BOOKMARK [2][-]{subsection.2.2}{\376\377\000T\000h\000e\000\040\000S\000t\000a\000b\000i\000l\000i\000t\000y\000\040\000R\000e\000q\000u\000i\000r\000e\000m\000e\000n\000t}{section.2}% 9
\BOOKMARK [2][-]{subsection.2.3}{\376\377\000T\000h\000e\000\040\000U\000n\000b\000o\000u\000n\000d\000e\000d\000\040\000C\000a\000s\000e}{section.2}% 10
\BOOKMARK [2][-]{subsection.2.4}{\376\377\000T\000h\000e\000\040\000P\000r\000o\000b\000a\000b\000i\000l\000i\000t\000y\000\040\000o\000f\000\040\000E\000x\000i\000s\000t\000e\000n\000c\000e}{section.2}% 11
\BOOKMARK [2][-]{subsection.2.5}{\376\377\000P\000h\000y\000s\000i\000c\000a\000l\000\040\000I\000n\000s\000t\000a\000n\000t\000i\000a\000t\000i\000o\000n\000:\000\040\000E\000n\000e\000r\000g\000y\000\040\000B\000o\000u\000n\000d\000e\000d\000n\000e\000s\000s}{section.2}% 12
\BOOKMARK [2][-]{subsection.2.6}{\376\377\000C\000o\000n\000s\000e\000r\000v\000a\000t\000i\000o\000n\000\040\000L\000a\000w\000s\000\040\000a\000s\000\040\000A\000d\000d\000i\000t\000i\000o\000n\000a\000l\000\040\000C\000o\000n\000s\000t\000r\000a\000i\000n\000t\000s}{section.2}% 13
\BOOKMARK [2][-]{subsection.2.7}{\376\377\000T\000h\000e\000\040\000C\000o\000n\000s\000t\000r\000a\000i\000n\000t\000-\000E\000n\000a\000b\000l\000e\000m\000e\000n\000t\000\040\000P\000r\000i\000n\000c\000i\000p\000l\000e}{section.2}% 14
\BOOKMARK [2][-]{subsection.2.8}{\376\377\000R\000e\000c\000u\000r\000r\000e\000n\000c\000e\000\040\000a\000s\000\040\000a\000\040\000C\000o\000n\000s\000e\000q\000u\000e\000n\000c\000e}{section.2}% 15
\BOOKMARK [2][-]{subsection.2.9}{\376\377\000S\000u\000m\000m\000a\000r\000y\000\040\000a\000n\000d\000\040\000I\000m\000p\000l\000i\000c\000a\000t\000i\000o\000n\000s}{section.2}% 16
\BOOKMARK [1][-]{section.3}{\376\377\000O\000s\000c\000i\000l\000l\000a\000t\000o\000r\000y\000\040\000D\000y\000n\000a\000m\000i\000c\000s\000\040\000a\000s\000\040\000N\000e\000c\000e\000s\000s\000a\000r\000y\000\040\000M\000o\000d\000e}{}% 17
\BOOKMARK [2][-]{subsection.3.1}{\376\377\000H\000a\000r\000d\000w\000a\000r\000e\000\040\000F\000o\000u\000n\000d\000a\000t\000i\000o\000n\000:\000\040\000O\000s\000c\000i\000l\000l\000a\000t\000i\000o\000n\000\040\000i\000s\000\040\000M\000e\000a\000s\000u\000r\000a\000b\000l\000e}{section.3}% 18
\BOOKMARK [2][-]{subsection.3.2}{\376\377\000T\000h\000e\000\040\000P\000o\000i\000n\000c\000a\000r\000\351\000\040\000R\000e\000c\000u\000r\000r\000e\000n\000c\000e\000\040\000T\000h\000e\000o\000r\000e\000m}{section.3}% 19
\BOOKMARK [2][-]{subsection.3.3}{\376\377\000E\000x\000h\000a\000u\000s\000t\000i\000v\000e\000\040\000C\000l\000a\000s\000s\000i\000f\000i\000c\000a\000t\000i\000o\000n\000\040\000o\000f\000\040\000D\000y\000n\000a\000m\000i\000c\000a\000l\000\040\000M\000o\000d\000e\000s}{section.3}% 20
\BOOKMARK [2][-]{subsection.3.4}{\376\377\000T\000h\000e\000\040\000F\000r\000e\000q\000u\000e\000n\000c\000y\000-\000E\000n\000e\000r\000g\000y\000\040\000C\000o\000r\000r\000e\000s\000p\000o\000n\000d\000e\000n\000c\000e}{section.3}% 21
\BOOKMARK [2][-]{subsection.3.5}{\376\377\000H\000i\000e\000r\000a\000r\000c\000h\000i\000c\000a\000l\000\040\000O\000s\000c\000i\000l\000l\000a\000t\000o\000r\000y\000\040\000S\000t\000r\000u\000c\000t\000u\000r\000e}{section.3}% 22
\BOOKMARK [2][-]{subsection.3.6}{\376\377\000M\000o\000d\000e\000\040\000C\000o\000u\000p\000l\000i\000n\000g\000\040\000a\000n\000d\000\040\000E\000n\000e\000r\000g\000y\000\040\000T\000r\000a\000n\000s\000f\000e\000r}{section.3}% 23
\BOOKMARK [2][-]{subsection.3.7}{\376\377\000S\000u\000m\000m\000a\000r\000y\000\040\000a\000n\000d\000\040\000H\000a\000r\000d\000w\000a\000r\000e\000\040\000C\000o\000r\000r\000e\000s\000p\000o\000n\000d\000e\000n\000c\000e}{section.3}% 24
\BOOKMARK [1][-]{section.4}{\376\377\000C\000a\000t\000e\000g\000o\000r\000i\000c\000a\000l\000\040\000S\000t\000r\000u\000c\000t\000u\000r\000e\000\040\000a\000n\000d\000\040\000T\000e\000m\000p\000o\000r\000a\000l\000\040\000E\000m\000e\000r\000g\000e\000n\000c\000e}{}% 25
\BOOKMARK [2][-]{subsection.4.1}{\376\377\000H\000a\000r\000d\000w\000a\000r\000e\000\040\000F\000o\000u\000n\000d\000a\000t\000i\000o\000n\000:\000\040\000M\000e\000a\000s\000u\000r\000e\000m\000e\000n\000t\000\040\000I\000m\000p\000o\000s\000e\000s\000\040\000D\000i\000s\000c\000r\000e\000t\000i\000z\000a\000t\000i\000o\000n}{section.4}% 26
\BOOKMARK [2][-]{subsection.4.2}{\376\377\000T\000h\000e\000\040\000O\000b\000s\000e\000r\000v\000a\000t\000i\000o\000n\000\040\000P\000r\000o\000b\000l\000e\000m}{section.4}% 27
\BOOKMARK [2][-]{subsection.4.3}{\376\377\000C\000a\000t\000e\000g\000o\000r\000i\000c\000a\000l\000\040\000S\000t\000a\000t\000e\000\040\000S\000p\000a\000c\000e\000s}{section.4}% 28
\BOOKMARK [2][-]{subsection.4.4}{\376\377\000T\000e\000m\000p\000o\000r\000a\000l\000\040\000E\000m\000e\000r\000g\000e\000n\000c\000e\000\040\000f\000r\000o\000m\000\040\000C\000a\000t\000e\000g\000o\000r\000i\000c\000a\000l\000\040\000O\000r\000d\000e\000r}{section.4}% 29
\BOOKMARK [2][-]{subsection.4.5}{\376\377\000E\000q\000u\000i\000v\000a\000l\000e\000n\000c\000e\000\040\000C\000l\000a\000s\000s\000e\000s\000\040\000a\000n\000d\000\040\000D\000e\000g\000e\000n\000e\000r\000a\000c\000y}{section.4}% 30
\BOOKMARK [2][-]{subsection.4.6}{\376\377\000T\000h\000e\000\040\000O\000s\000c\000i\000l\000l\000a\000t\000o\000r\000y\000-\000C\000a\000t\000e\000g\000o\000r\000i\000c\000a\000l\000\040\000C\000o\000r\000r\000e\000s\000p\000o\000n\000d\000e\000n\000c\000e}{section.4}% 31
\BOOKMARK [2][-]{subsection.4.7}{\376\377\000C\000o\000m\000p\000u\000t\000a\000t\000i\000o\000n\000a\000l\000\040\000I\000m\000p\000l\000i\000c\000a\000t\000i\000o\000n\000s}{section.4}% 32
\BOOKMARK [2][-]{subsection.4.8}{\376\377\000T\000h\000e\000\040\000E\000m\000e\000r\000g\000e\000n\000c\000e\000\040\000o\000f\000\040\000I\000r\000r\000e\000v\000e\000r\000s\000i\000b\000i\000l\000i\000t\000y}{section.4}% 33
\BOOKMARK [2][-]{subsection.4.9}{\376\377\000S\000u\000m\000m\000a\000r\000y\000\040\000a\000n\000d\000\040\000I\000m\000p\000l\000i\000c\000a\000t\000i\000o\000n\000s}{section.4}% 34
\BOOKMARK [1][-]{section.5}{\376\377\000P\000a\000r\000t\000i\000t\000i\000o\000n\000\040\000G\000e\000o\000m\000e\000t\000r\000y\000\040\000a\000n\000d\000\040\000S\000t\000a\000t\000e\000\040\000C\000o\000o\000r\000d\000i\000n\000a\000t\000e\000s}{}% 35
\BOOKMARK [2][-]{subsection.5.1}{\376\377\000N\000e\000s\000t\000e\000d\000\040\000O\000s\000c\000i\000l\000l\000a\000t\000o\000r\000y\000\040\000B\000o\000u\000n\000d\000a\000r\000i\000e\000s}{section.5}% 36
\BOOKMARK [2][-]{subsection.5.2}{\376\377\000A\000n\000g\000u\000l\000a\000r\000\040\000S\000t\000r\000u\000c\000t\000u\000r\000e\000\040\000W\000i\000t\000h\000i\000n\000\040\000S\000h\000e\000l\000l\000s}{section.5}% 37
\BOOKMARK [2][-]{subsection.5.3}{\376\377\000B\000o\000u\000n\000d\000a\000r\000y\000\040\000C\000h\000i\000r\000a\000l\000i\000t\000y}{section.5}% 38
\BOOKMARK [2][-]{subsection.5.4}{\376\377\000T\000h\000e\000\040\000P\000a\000r\000t\000i\000t\000i\000o\000n\000\040\000C\000o\000o\000r\000d\000i\000n\000a\000t\000e\000\040\000S\000y\000s\000t\000e\000m}{section.5}% 39
\BOOKMARK [2][-]{subsection.5.5}{\376\377\000T\000h\000e\000\040\000C\000a\000p\000a\000c\000i\000t\000y\000\040\000T\000h\000e\000o\000r\000e\000m}{section.5}% 40
\BOOKMARK [2][-]{subsection.5.6}{\376\377\000E\000n\000e\000r\000g\000y\000\040\000O\000r\000d\000e\000r\000i\000n\000g}{section.5}% 41
\BOOKMARK [2][-]{subsection.5.7}{\376\377\000S\000e\000l\000e\000c\000t\000i\000o\000n\000\040\000R\000u\000l\000e\000s}{section.5}% 42
\BOOKMARK [2][-]{subsection.5.8}{\376\377\000S\000u\000m\000m\000a\000r\000y\000\040\000a\000n\000d\000\040\000P\000h\000y\000s\000i\000c\000a\000l\000\040\000C\000o\000r\000r\000e\000s\000p\000o\000n\000d\000e\000n\000c\000e}{section.5}% 43
\BOOKMARK [1][-]{section.6}{\376\377\000S\000p\000a\000t\000i\000a\000l\000\040\000S\000t\000r\000u\000c\000t\000u\000r\000e\000\040\000f\000r\000o\000m\000\040\000P\000a\000r\000t\000i\000t\000i\000o\000n\000\040\000G\000e\000o\000m\000e\000t\000r\000y}{}% 44
\BOOKMARK [2][-]{subsection.6.1}{\376\377\000T\000h\000e\000\040\000E\000m\000e\000r\000g\000e\000n\000c\000e\000\040\000P\000r\000o\000b\000l\000e\000m}{section.6}% 45
\BOOKMARK [2][-]{subsection.6.2}{\376\377\000A\000n\000g\000u\000l\000a\000r\000\040\000C\000o\000o\000r\000d\000i\000n\000a\000t\000e\000s\000\040\000a\000n\000d\000\040\000S\000p\000h\000e\000r\000i\000c\000a\000l\000\040\000S\000t\000r\000u\000c\000t\000u\000r\000e}{section.6}% 46
\BOOKMARK [2][-]{subsection.6.3}{\376\377\000R\000a\000d\000i\000a\000l\000\040\000S\000t\000r\000u\000c\000t\000u\000r\000e}{section.6}% 47
\BOOKMARK [2][-]{subsection.6.4}{\376\377\000M\000e\000t\000r\000i\000c\000\040\000S\000t\000r\000u\000c\000t\000u\000r\000e}{section.6}% 48
\BOOKMARK [2][-]{subsection.6.5}{\376\377\000D\000i\000m\000e\000n\000s\000i\000o\000n\000a\000l\000\040\000U\000n\000i\000q\000u\000e\000n\000e\000s\000s}{section.6}% 49
\BOOKMARK [2][-]{subsection.6.6}{\376\377\000L\000o\000c\000a\000l\000i\000t\000y\000\040\000a\000n\000d\000\040\000S\000p\000a\000t\000i\000a\000l\000\040\000S\000e\000p\000a\000r\000a\000t\000i\000o\000n}{section.6}% 50
\BOOKMARK [2][-]{subsection.6.7}{\376\377\000C\000o\000n\000n\000e\000c\000t\000i\000o\000n\000\040\000t\000o\000\040\000C\000u\000r\000v\000e\000d\000\040\000S\000p\000a\000c\000e\000t\000i\000m\000e}{section.6}% 51
\BOOKMARK [2][-]{subsection.6.8}{\376\377\000S\000u\000m\000m\000a\000r\000y\000\040\000a\000n\000d\000\040\000I\000m\000p\000l\000i\000c\000a\000t\000i\000o\000n\000s}{section.6}% 52
\BOOKMARK [1][-]{section.7}{\376\377\000M\000a\000t\000t\000e\000r\000,\000\040\000E\000n\000e\000r\000g\000y\000,\000\040\000a\000n\000d\000\040\000E\000x\000p\000e\000r\000i\000m\000e\000n\000t\000a\000l\000\040\000V\000a\000l\000i\000d\000a\000t\000i\000o\000n}{}% 53
\BOOKMARK [2][-]{subsection.7.1}{\376\377\000O\000c\000c\000u\000p\000i\000e\000d\000\040\000a\000n\000d\000\040\000U\000n\000o\000c\000c\000u\000p\000i\000e\000d\000\040\000O\000s\000c\000i\000l\000l\000a\000t\000o\000r\000y\000\040\000M\000o\000d\000e\000s}{section.7}% 54
\BOOKMARK [3][-]{subsubsection.7.1.1}{\376\377\000H\000a\000r\000d\000w\000a\000r\000e\000\040\000V\000a\000l\000i\000d\000a\000t\000i\000o\000n\000:\000\040\000O\000s\000c\000i\000l\000l\000a\000t\000o\000r\000y\000\040\000M\000o\000d\000e\000\040\000S\000t\000r\000u\000c\000t\000u\000r\000e}{subsection.7.1}% 55
\BOOKMARK [2][-]{subsection.7.2}{\376\377\000T\000h\000e\000\040\000E\000x\000c\000l\000u\000s\000i\000o\000n\000\040\000P\000r\000i\000n\000c\000i\000p\000l\000e\000\040\000f\000r\000o\000m\000\040\000C\000o\000o\000r\000d\000i\000n\000a\000t\000e\000\040\000U\000n\000i\000q\000u\000e\000n\000e\000s\000s}{section.7}% 56
\BOOKMARK [2][-]{subsection.7.3}{\376\377\000M\000a\000s\000s\000\040\000a\000s\000\040\000L\000o\000c\000a\000l\000i\000z\000e\000d\000\040\000O\000s\000c\000i\000l\000l\000a\000t\000i\000o\000n\000\040\000F\000r\000e\000q\000u\000e\000n\000c\000y}{section.7}% 57
\BOOKMARK [2][-]{subsection.7.4}{\376\377\000E\000n\000e\000r\000g\000y\000\040\000C\000o\000n\000s\000e\000r\000v\000a\000t\000i\000o\000n\000\040\000f\000r\000o\000m\000\040\000O\000s\000c\000i\000l\000l\000a\000t\000o\000r\000y\000\040\000P\000e\000r\000s\000i\000s\000t\000e\000n\000c\000e}{section.7}% 58
\BOOKMARK [2][-]{subsection.7.5}{\376\377\000C\000a\000t\000e\000g\000o\000r\000i\000c\000a\000l\000\040\000S\000t\000a\000t\000e\000s\000\040\000a\000n\000d\000\040\000D\000i\000g\000i\000t\000a\000l\000\040\000H\000a\000r\000d\000w\000a\000r\000e}{section.7}% 59
\BOOKMARK [2][-]{subsection.7.6}{\376\377\000P\000a\000r\000t\000i\000t\000i\000o\000n\000\040\000C\000o\000o\000r\000d\000i\000n\000a\000t\000e\000s\000:\000\040\000S\000p\000e\000c\000t\000r\000o\000s\000c\000o\000p\000i\000c\000\040\000M\000e\000a\000s\000u\000r\000e\000m\000e\000n\000t}{section.7}% 60
\BOOKMARK [3][-]{subsubsection.7.6.1}{\376\377\000X\000-\000r\000a\000y\000\040\000P\000h\000o\000t\000o\000e\000l\000e\000c\000t\000r\000o\000n\000\040\000S\000p\000e\000c\000t\000r\000o\000s\000c\000o\000p\000y\000\040\000M\000e\000a\000s\000u\000r\000e\000s\000\040\000n}{subsection.7.6}% 61
\BOOKMARK [3][-]{subsubsection.7.6.2}{\376\377\000O\000p\000t\000i\000c\000a\000l\000\040\000S\000p\000e\000c\000t\000r\000o\000s\000c\000o\000p\000y\000\040\000C\000o\000n\000f\000i\000r\000m\000s\000\040\000S\000e\000l\000e\000c\000t\000i\000o\000n\000\040\000R\000u\000l\000e\000s}{subsection.7.6}% 62
\BOOKMARK [3][-]{subsubsection.7.6.3}{\376\377\000Z\000e\000e\000m\000a\000n\000\040\000S\000p\000e\000c\000t\000r\000o\000s\000c\000o\000p\000y\000\040\000M\000e\000a\000s\000u\000r\000e\000s\000\040\000m}{subsection.7.6}% 63
\BOOKMARK [3][-]{subsubsection.7.6.4}{\376\377\000E\000l\000e\000c\000t\000r\000o\000n\000\040\000S\000p\000i\000n\000\040\000R\000e\000s\000o\000n\000a\000n\000c\000e\000\040\000M\000e\000a\000s\000u\000r\000e\000s\000\040\000s}{subsection.7.6}% 64
\BOOKMARK [2][-]{subsection.7.7}{\376\377\000T\000h\000e\000\040\000D\000a\000r\000k\000\040\000S\000e\000c\000t\000o\000r\000:\000\040\000U\000n\000o\000c\000c\000u\000p\000i\000e\000d\000\040\000M\000o\000d\000e\000\040\000S\000p\000a\000c\000e}{section.7}% 65
\BOOKMARK [2][-]{subsection.7.8}{\376\377\000C\000o\000s\000m\000o\000l\000o\000g\000i\000c\000a\000l\000\040\000P\000r\000e\000d\000i\000c\000t\000i\000o\000n\000s\000:\000\040\000O\000b\000s\000e\000r\000v\000a\000t\000o\000r\000y\000\040\000V\000e\000r\000i\000f\000i\000c\000a\000t\000i\000o\000n}{section.7}% 66
\BOOKMARK [2][-]{subsection.7.9}{\376\377\000W\000a\000v\000e\000-\000P\000a\000r\000t\000i\000c\000l\000e\000\040\000D\000u\000a\000l\000i\000t\000y\000\040\000f\000r\000o\000m\000\040\000O\000s\000c\000i\000l\000l\000a\000t\000o\000r\000y\000\040\000S\000t\000r\000u\000c\000t\000u\000r\000e}{section.7}% 67
\BOOKMARK [2][-]{subsection.7.10}{\376\377\000F\000o\000r\000c\000e\000\040\000H\000i\000e\000r\000a\000r\000c\000h\000y\000:\000\040\000A\000c\000c\000e\000l\000e\000r\000a\000t\000o\000r\000\040\000V\000e\000r\000i\000f\000i\000c\000a\000t\000i\000o\000n}{section.7}% 68
\BOOKMARK [2][-]{subsection.7.11}{\376\377\000C\000o\000m\000p\000l\000e\000t\000e\000\040\000V\000a\000l\000i\000d\000a\000t\000i\000o\000n\000\040\000S\000u\000m\000m\000a\000r\000y}{section.7}% 69
\BOOKMARK [1][-]{section.8}{\376\377\000F\000o\000r\000c\000e\000s\000\040\000f\000r\000o\000m\000\040\000C\000r\000o\000s\000s\000-\000S\000c\000a\000l\000e\000\040\000O\000s\000c\000i\000l\000l\000a\000t\000o\000r\000y\000\040\000C\000o\000u\000p\000l\000i\000n\000g}{}% 70
\BOOKMARK [2][-]{subsection.8.1}{\376\377\000H\000a\000r\000d\000w\000a\000r\000e\000\040\000F\000o\000u\000n\000d\000a\000t\000i\000o\000n\000:\000\040\000F\000o\000r\000c\000e\000s\000\040\000a\000r\000e\000\040\000M\000e\000a\000s\000u\000r\000a\000b\000l\000e\000\040\000I\000n\000t\000e\000r\000a\000c\000t\000i\000o\000n\000s}{section.8}% 71
\BOOKMARK [2][-]{subsection.8.2}{\376\377\000T\000h\000e\000\040\000O\000r\000i\000g\000i\000n\000\040\000o\000f\000\040\000I\000n\000t\000e\000r\000a\000c\000t\000i\000o\000n}{section.8}% 72
\BOOKMARK [2][-]{subsection.8.3}{\376\377\000H\000i\000e\000r\000a\000r\000c\000h\000i\000c\000a\000l\000\040\000M\000o\000d\000e\000\040\000C\000o\000u\000p\000l\000i\000n\000g}{section.8}% 73
\BOOKMARK [2][-]{subsection.8.4}{\376\377\000E\000f\000f\000e\000c\000t\000i\000v\000e\000\040\000F\000o\000r\000c\000e\000\040\000f\000r\000o\000m\000\040\000M\000o\000d\000e\000\040\000I\000n\000t\000e\000r\000a\000c\000t\000i\000o\000n}{section.8}% 74
\BOOKMARK [2][-]{subsection.8.5}{\376\377\000E\000l\000e\000c\000t\000r\000o\000m\000a\000g\000n\000e\000t\000i\000c\000\040\000I\000n\000t\000e\000r\000a\000c\000t\000i\000o\000n}{section.8}% 75
\BOOKMARK [2][-]{subsection.8.6}{\376\377\000S\000h\000o\000r\000t\000-\000R\000a\000n\000g\000e\000\040\000F\000o\000r\000c\000e\000s\000:\000\040\000W\000e\000a\000k\000\040\000a\000n\000d\000\040\000S\000t\000r\000o\000n\000g\000\040\000I\000n\000t\000e\000r\000a\000c\000t\000i\000o\000n\000s}{section.8}% 76
\BOOKMARK [2][-]{subsection.8.7}{\376\377\000G\000r\000a\000v\000i\000t\000a\000t\000i\000o\000n\000a\000l\000\040\000I\000n\000t\000e\000r\000a\000c\000t\000i\000o\000n}{section.8}% 77
\BOOKMARK [2][-]{subsection.8.8}{\376\377\000F\000o\000r\000c\000e\000\040\000H\000i\000e\000r\000a\000r\000c\000h\000y}{section.8}% 78
\BOOKMARK [2][-]{subsection.8.9}{\376\377\000S\000u\000m\000m\000a\000r\000y\000\040\000a\000n\000d\000\040\000U\000n\000i\000f\000i\000c\000a\000t\000i\000o\000n}{section.8}% 79
\BOOKMARK [1][-]{section.9}{\376\377\000C\000o\000s\000m\000o\000l\000o\000g\000i\000c\000a\000l\000\040\000S\000t\000r\000u\000c\000t\000u\000r\000e\000\040\000f\000r\000o\000m\000\040\000C\000a\000t\000e\000g\000o\000r\000i\000c\000a\000l\000\040\000E\000x\000h\000a\000u\000s\000t\000i\000o\000n}{}% 80
\BOOKMARK [2][-]{subsection.9.1}{\376\377\000T\000h\000e\000\040\000C\000a\000t\000e\000g\000o\000r\000i\000c\000a\000l\000\040\000E\000x\000p\000l\000o\000r\000a\000t\000i\000o\000n\000\040\000R\000e\000q\000u\000i\000r\000e\000m\000e\000n\000t}{section.9}% 81
\BOOKMARK [2][-]{subsection.9.2}{\376\377\000C\000y\000c\000l\000i\000c\000\040\000C\000o\000s\000m\000o\000l\000o\000g\000i\000c\000a\000l\000\040\000N\000e\000c\000e\000s\000s\000i\000t\000y}{section.9}% 82
\BOOKMARK [2][-]{subsection.9.3}{\376\377\000T\000h\000e\000\040\000H\000e\000a\000t\000\040\000D\000e\000a\000t\000h\000\040\000P\000r\000o\000b\000l\000e\000m}{section.9}% 83
\BOOKMARK [2][-]{subsection.9.4}{\376\377\000I\000n\000i\000t\000i\000a\000l\000\040\000C\000o\000n\000d\000i\000t\000i\000o\000n\000s\000\040\000a\000n\000d\000\040\000t\000h\000e\000\040\000B\000i\000g\000\040\000B\000a\000n\000g}{section.9}% 84
\BOOKMARK [2][-]{subsection.9.5}{\376\377\000D\000a\000r\000k\000\040\000E\000n\000e\000r\000g\000y\000\040\000a\000n\000d\000\040\000A\000c\000c\000e\000l\000e\000r\000a\000t\000i\000n\000g\000\040\000E\000x\000p\000a\000n\000s\000i\000o\000n}{section.9}% 85
\BOOKMARK [2][-]{subsection.9.6}{\376\377\000S\000t\000r\000u\000c\000t\000u\000r\000e\000\040\000F\000o\000r\000m\000a\000t\000i\000o\000n}{section.9}% 86
\BOOKMARK [2][-]{subsection.9.7}{\376\377\000S\000u\000m\000m\000a\000r\000y\000\040\000a\000n\000d\000\040\000P\000h\000y\000s\000i\000c\000a\000l\000\040\000I\000m\000p\000l\000i\000c\000a\000t\000i\000o\000n\000s}{section.9}% 87
\BOOKMARK [1][-]{section.10}{\376\377\000A\000t\000o\000m\000i\000c\000\040\000S\000t\000r\000u\000c\000t\000u\000r\000e\000\040\000f\000r\000o\000m\000\040\000P\000a\000r\000t\000i\000t\000i\000o\000n\000\040\000C\000o\000o\000r\000d\000i\000n\000a\000t\000e\000s}{}% 88
\BOOKMARK [2][-]{subsection.10.1}{\376\377\000T\000h\000e\000\040\000M\000e\000a\000s\000u\000r\000e\000m\000e\000n\000t\000\040\000F\000o\000u\000n\000d\000a\000t\000i\000o\000n}{section.10}% 89
\BOOKMARK [2][-]{subsection.10.2}{\376\377\000H\000y\000d\000r\000o\000g\000e\000n\000:\000\040\000T\000h\000e\000\040\000M\000i\000n\000i\000m\000a\000l\000\040\000A\000t\000o\000m\000i\000c\000\040\000S\000y\000s\000t\000e\000m}{section.10}% 90
\BOOKMARK [2][-]{subsection.10.3}{\376\377\000E\000l\000e\000m\000e\000n\000t\000\040\000I\000d\000e\000n\000t\000i\000f\000i\000c\000a\000t\000i\000o\000n\000\040\000f\000r\000o\000m\000\040\000P\000a\000r\000t\000i\000t\000i\000o\000n\000\040\000C\000o\000u\000n\000t}{section.10}% 91
\BOOKMARK [2][-]{subsection.10.4}{\376\377\000S\000h\000e\000l\000l\000\040\000F\000i\000l\000l\000i\000n\000g\000\040\000a\000n\000d\000\040\000t\000h\000e\000\040\000P\000e\000r\000i\000o\000d\000i\000c\000\040\000T\000a\000b\000l\000e}{section.10}% 92
\BOOKMARK [2][-]{subsection.10.5}{\376\377\000G\000r\000o\000u\000p\000\040\000S\000t\000r\000u\000c\000t\000u\000r\000e\000\040\000a\000n\000d\000\040\000C\000h\000e\000m\000i\000c\000a\000l\000\040\000P\000r\000o\000p\000e\000r\000t\000i\000e\000s}{section.10}% 93
\BOOKMARK [2][-]{subsection.10.6}{\376\377\000P\000e\000r\000i\000o\000d\000\040\000S\000t\000r\000u\000c\000t\000u\000r\000e}{section.10}% 94
\BOOKMARK [2][-]{subsection.10.7}{\376\377\000T\000r\000a\000n\000s\000i\000t\000i\000o\000n\000\040\000E\000l\000e\000m\000e\000n\000t\000s\000\040\000a\000n\000d\000\040\000V\000a\000r\000i\000a\000b\000l\000e\000\040\000O\000x\000i\000d\000a\000t\000i\000o\000n}{section.10}% 95
\BOOKMARK [2][-]{subsection.10.8}{\376\377\000S\000p\000e\000c\000t\000r\000o\000s\000c\000o\000p\000i\000c\000\040\000V\000e\000r\000i\000f\000i\000c\000a\000t\000i\000o\000n}{section.10}% 96
\BOOKMARK [2][-]{subsection.10.9}{\376\377\000I\000o\000n\000i\000z\000a\000t\000i\000o\000n\000\040\000E\000n\000e\000r\000g\000y\000\040\000T\000r\000e\000n\000d\000s}{section.10}% 97
\BOOKMARK [2][-]{subsection.10.10}{\376\377\000S\000u\000m\000m\000a\000r\000y\000\040\000a\000n\000d\000\040\000I\000m\000p\000l\000i\000c\000a\000t\000i\000o\000n\000s}{section.10}% 98
\BOOKMARK [1][-]{section.11}{\376\377\000D\000i\000s\000c\000u\000s\000s\000i\000o\000n}{}% 99
\BOOKMARK [2][-]{subsection.11.1}{\376\377\000S\000u\000m\000m\000a\000r\000y\000\040\000o\000f\000\040\000D\000e\000r\000i\000v\000a\000t\000i\000o\000n\000s}{section.11}% 100
\BOOKMARK [2][-]{subsection.11.2}{\376\377\000S\000t\000r\000u\000c\000t\000u\000r\000a\000l\000\040\000C\000o\000r\000r\000e\000s\000p\000o\000n\000d\000e\000n\000c\000e\000s\000\040\000w\000i\000t\000h\000\040\000E\000s\000t\000a\000b\000l\000i\000s\000h\000e\000d\000\040\000P\000h\000y\000s\000i\000c\000s}{section.11}% 101
\BOOKMARK [2][-]{subsection.11.3}{\376\377\000R\000e\000l\000a\000t\000i\000o\000n\000\040\000t\000o\000\040\000E\000x\000i\000s\000t\000i\000n\000g\000\040\000T\000h\000e\000o\000r\000e\000t\000i\000c\000a\000l\000\040\000F\000r\000a\000m\000e\000w\000o\000r\000k\000s}{section.11}% 102
\BOOKMARK [2][-]{subsection.11.4}{\376\377\000E\000x\000p\000e\000r\000i\000m\000e\000n\000t\000a\000l\000\040\000G\000r\000o\000u\000n\000d\000i\000n\000g\000\040\000a\000n\000d\000\040\000F\000a\000l\000s\000i\000f\000i\000a\000b\000i\000l\000i\000t\000y}{section.11}% 103
\BOOKMARK [2][-]{subsection.11.5}{\376\377\000P\000r\000e\000d\000i\000c\000t\000i\000v\000e\000\040\000C\000o\000n\000t\000e\000n\000t\000\040\000a\000n\000d\000\040\000O\000p\000e\000n\000\040\000Q\000u\000e\000s\000t\000i\000o\000n\000s}{section.11}% 104
\BOOKMARK [1][-]{section.12}{\376\377\000C\000o\000n\000c\000l\000u\000s\000i\000o\000n}{}% 105
