\BOOKMARK [0][-]{section*.2}{\376\377\000I\000o\000n\000\040\000J\000o\000u\000r\000n\000e\000y\000\040\000T\000h\000r\000o\000u\000g\000h\000\040\000T\000h\000e\000r\000m\000o\000d\000y\000n\000a\000m\000i\000c\000\040\000R\000e\000g\000i\000m\000e\000s\000:\000\040\000A\000\040\000U\000n\000i\000f\000i\000e\000d\000\040\000F\000r\000a\000m\000e\000w\000o\000r\000k\000\040\000f\000o\000r\000\040\000E\000q\000u\000a\000t\000i\000o\000n\000s\000\040\000o\000f\000\040\000S\000t\000a\000t\000e\000\040\000v\000i\000a\000\040\000M\000a\000s\000s\000\040\000S\000p\000e\000c\000t\000r\000o\000m\000e\000t\000r\000i\000c\000\040\000O\000b\000s\000e\000r\000v\000a\000t\000i\000o\000n}{}% 2
\BOOKMARK [1][-]{section*.1}{\376\377\000A\000b\000s\000t\000r\000a\000c\000t}{section*.2}% 1
\BOOKMARK [1][-]{section*.3}{\376\377\000I\000n\000t\000r\000o\000d\000u\000c\000t\000i\000o\000n}{section*.2}% 3
\BOOKMARK [1][-]{section*.4}{\376\377\000S\000-\000E\000n\000t\000r\000o\000p\000y\000\040\000C\000o\000o\000r\000d\000i\000n\000a\000t\000e\000s}{section*.2}% 4
\BOOKMARK [2][-]{section*.5}{\376\377\000E\000n\000t\000r\000o\000p\000y\000\040\000B\000o\000u\000n\000d\000s\000\040\000a\000n\000d\000\040\000N\000o\000r\000m\000a\000l\000i\000z\000a\000t\000i\000o\000n}{section*.4}% 5
\BOOKMARK [1][-]{section*.6}{\376\377\000P\000a\000r\000t\000i\000t\000i\000o\000n\000\040\000C\000o\000o\000r\000d\000i\000n\000a\000t\000e\000s}{section*.2}% 6
\BOOKMARK [2][-]{section*.7}{\376\377\000C\000a\000t\000e\000g\000o\000r\000i\000c\000a\000l\000\040\000A\000s\000s\000i\000g\000n\000m\000e\000n\000t}{section*.6}% 7
\BOOKMARK [2][-]{section*.8}{\376\377\000T\000r\000i\000p\000l\000e\000\040\000E\000q\000u\000i\000v\000a\000l\000e\000n\000c\000e}{section*.6}% 8
\BOOKMARK [1][-]{section*.9}{\376\377\000T\000h\000e\000\040\000F\000i\000v\000e\000\040\000T\000h\000e\000r\000m\000o\000d\000y\000n\000a\000m\000i\000c\000\040\000R\000e\000g\000i\000m\000e\000s}{section*.2}% 9
\BOOKMARK [2][-]{section*.10}{\376\377\000R\000e\000g\000i\000m\000e\000\040\000I\000:\000\040\000I\000d\000e\000a\000l\000\040\000G\000a\000s}{section*.9}% 10
\BOOKMARK [2][-]{section*.11}{\376\377\000R\000e\000g\000i\000m\000e\000\040\000I\000I\000:\000\040\000P\000l\000a\000s\000m\000a}{section*.9}% 11
\BOOKMARK [2][-]{section*.12}{\376\377\000R\000e\000g\000i\000m\000e\000\040\000I\000I\000I\000:\000\040\000D\000e\000g\000e\000n\000e\000r\000a\000t\000e\000\040\000M\000a\000t\000t\000e\000r}{section*.9}% 12
\BOOKMARK [2][-]{section*.13}{\376\377\000R\000e\000g\000i\000m\000e\000\040\000I\000V\000:\000\040\000R\000e\000l\000a\000t\000i\000v\000i\000s\000t\000i\000c\000\040\000G\000a\000s}{section*.9}% 13
\BOOKMARK [2][-]{section*.14}{\376\377\000R\000e\000g\000i\000m\000e\000\040\000V\000:\000\040\000B\000o\000s\000e\000-\000E\000i\000n\000s\000t\000e\000i\000n\000\040\000C\000o\000n\000d\000e\000n\000s\000a\000t\000e}{section*.9}% 14
\BOOKMARK [1][-]{section*.15}{\376\377\000U\000n\000i\000v\000e\000r\000s\000a\000l\000\040\000E\000q\000u\000a\000t\000i\000o\000n\000\040\000o\000f\000\040\000S\000t\000a\000t\000e}{section*.2}% 15
\BOOKMARK [2][-]{section*.16}{\376\377\000R\000e\000g\000i\000m\000e\000\040\000B\000o\000u\000n\000d\000a\000r\000i\000e\000s}{section*.15}% 16
\BOOKMARK [2][-]{section*.17}{\376\377\000E\000q\000u\000i\000l\000i\000b\000r\000i\000u\000m\000\040\000a\000s\000\040\000P\000o\000i\000n\000c\000a\000r\000\351\000\040\000R\000e\000c\000u\000r\000r\000e\000n\000c\000e}{section*.15}% 17
\BOOKMARK [1][-]{section*.18}{\376\377\000M\000a\000s\000s\000\040\000S\000p\000e\000c\000t\000r\000o\000m\000e\000t\000r\000i\000c\000\040\000R\000e\000a\000l\000i\000z\000a\000t\000i\000o\000n}{section*.2}% 18
\BOOKMARK [2][-]{section*.19}{\376\377\000I\000o\000n\000\040\000T\000r\000a\000j\000e\000c\000t\000o\000r\000y\000\040\000S\000t\000a\000g\000e\000s}{section*.18}% 19
\BOOKMARK [2][-]{section*.20}{\376\377\000S\000-\000E\000n\000t\000r\000o\000p\000y\000\040\000M\000a\000p\000p\000i\000n\000g}{section*.18}% 20
\BOOKMARK [2][-]{section*.21}{\376\377\000P\000a\000r\000t\000i\000t\000i\000o\000n\000\040\000C\000o\000o\000r\000d\000i\000n\000a\000t\000e\000\040\000A\000s\000s\000i\000g\000n\000m\000e\000n\000t}{section*.18}% 21
\BOOKMARK [2][-]{section*.22}{\376\377\000T\000h\000e\000r\000m\000o\000d\000y\000n\000a\000m\000i\000c\000\040\000V\000a\000l\000i\000d\000a\000t\000i\000o\000n}{section*.18}% 22
\BOOKMARK [1][-]{section*.23}{\376\377\000D\000i\000s\000c\000u\000s\000s\000i\000o\000n}{section*.2}% 23
\BOOKMARK [2][-]{section*.24}{\376\377\000I\000n\000f\000o\000r\000m\000a\000t\000i\000o\000n\000\040\000P\000r\000e\000s\000e\000r\000v\000a\000t\000i\000o\000n}{section*.23}% 24
\BOOKMARK [2][-]{section*.25}{\376\377\000R\000e\000g\000i\000m\000e\000\040\000U\000n\000i\000v\000e\000r\000s\000a\000l\000i\000t\000y}{section*.23}% 25
\BOOKMARK [2][-]{section*.26}{\376\377\000C\000a\000t\000e\000g\000o\000r\000i\000c\000a\000l\000\040\000E\000n\000t\000r\000o\000p\000y}{section*.23}% 26
\BOOKMARK [2][-]{section*.27}{\376\377\000E\000x\000p\000e\000r\000i\000m\000e\000n\000t\000a\000l\000\040\000I\000m\000p\000l\000i\000c\000a\000t\000i\000o\000n\000s}{section*.23}% 27
\BOOKMARK [1][-]{section*.28}{\376\377\000C\000o\000n\000c\000l\000u\000s\000i\000o\000n}{section*.2}% 28
\BOOKMARK [1][-]{section*.29}{\376\377\000A\000c\000k\000n\000o\000w\000l\000e\000d\000g\000m\000e\000n\000t\000s}{section*.2}% 29
\BOOKMARK [1][-]{section*.30}{\376\377\000R\000e\000f\000e\000r\000e\000n\000c\000e\000s}{section*.2}% 30
