\BOOKMARK [1][-]{section.1}{\376\377\000I\000n\000t\000r\000o\000d\000u\000c\000t\000i\000o\000n}{}% 1
\BOOKMARK [1][-]{section.2}{\376\377\000P\000a\000r\000t\000i\000t\000i\000o\000n\000\040\000S\000t\000a\000t\000e\000\040\000S\000p\000a\000c\000e}{}% 2
\BOOKMARK [2][-]{subsection.2.1}{\376\377\000B\000o\000u\000n\000d\000e\000d\000\040\000P\000h\000a\000s\000e\000\040\000S\000p\000a\000c\000e\000\040\000a\000n\000d\000\040\000P\000a\000r\000t\000i\000t\000i\000o\000n\000\040\000C\000o\000o\000r\000d\000i\000n\000a\000t\000e\000s}{section.2}% 3
\BOOKMARK [2][-]{subsection.2.2}{\376\377\000P\000a\000r\000t\000i\000t\000i\000o\000n\000\040\000D\000e\000p\000t\000h}{section.2}% 4
\BOOKMARK [2][-]{subsection.2.3}{\376\377\000I\000o\000n\000s\000\040\000a\000s\000\040\000P\000a\000r\000t\000i\000t\000i\000o\000n\000\040\000M\000a\000l\000f\000o\000r\000m\000a\000t\000i\000o\000n\000s}{section.2}% 5
\BOOKMARK [1][-]{section.3}{\376\377\000T\000h\000e\000\040\000P\000a\000r\000t\000i\000t\000i\000o\000n\000\040\000L\000a\000g\000r\000a\000n\000g\000i\000a\000n}{}% 6
\BOOKMARK [2][-]{subsection.3.1}{\376\377\000V\000a\000r\000i\000a\000t\000i\000o\000n\000a\000l\000\040\000P\000r\000i\000n\000c\000i\000p\000l\000e}{section.3}% 7
\BOOKMARK [2][-]{subsection.3.2}{\376\377\000C\000o\000n\000s\000t\000r\000u\000c\000t\000i\000o\000n\000\040\000o\000f\000\040\000t\000h\000e\000\040\000P\000a\000r\000t\000i\000t\000i\000o\000n\000\040\000L\000a\000g\000r\000a\000n\000g\000i\000a\000n}{section.3}% 8
\BOOKMARK [2][-]{subsection.3.3}{\376\377\000E\000u\000l\000e\000r\000-\000L\000a\000g\000r\000a\000n\000g\000e\000\040\000E\000q\000u\000a\000t\000i\000o\000n\000s}{section.3}% 9
\BOOKMARK [2][-]{subsection.3.4}{\376\377\000C\000o\000r\000r\000e\000s\000p\000o\000n\000d\000e\000n\000c\000e\000\040\000w\000i\000t\000h\000\040\000L\000o\000r\000e\000n\000t\000z\000\040\000F\000o\000r\000c\000e}{section.3}% 10
\BOOKMARK [1][-]{section.4}{\376\377\000D\000e\000r\000i\000v\000a\000t\000i\000o\000n\000\040\000o\000f\000\040\000A\000n\000a\000l\000y\000z\000e\000r\000\040\000E\000q\000u\000a\000t\000i\000o\000n\000s}{}% 11
\BOOKMARK [2][-]{subsection.4.1}{\376\377\000T\000i\000m\000e\000-\000o\000f\000-\000F\000l\000i\000g\000h\000t\000\040\000\050\000T\000O\000F\000\051}{section.4}% 12
\BOOKMARK [3][-]{subsubsection.4.1.1}{\376\377\000P\000a\000r\000t\000i\000t\000i\000o\000n\000\040\000D\000e\000p\000t\000h\000\040\000F\000i\000e\000l\000d}{subsection.4.1}% 13
\BOOKMARK [3][-]{subsubsection.4.1.2}{\376\377\000E\000q\000u\000a\000t\000i\000o\000n\000\040\000o\000f\000\040\000M\000o\000t\000i\000o\000n}{subsection.4.1}% 14
\BOOKMARK [3][-]{subsubsection.4.1.3}{\376\377\000F\000l\000i\000g\000h\000t\000\040\000T\000i\000m\000e}{subsection.4.1}% 15
\BOOKMARK [2][-]{subsection.4.2}{\376\377\000Q\000u\000a\000d\000r\000u\000p\000o\000l\000e\000\040\000M\000a\000s\000s\000\040\000F\000i\000l\000t\000e\000r}{section.4}% 16
\BOOKMARK [3][-]{subsubsection.4.2.1}{\376\377\000P\000a\000r\000t\000i\000t\000i\000o\000n\000\040\000D\000e\000p\000t\000h\000\040\000F\000i\000e\000l\000d}{subsection.4.2}% 17
\BOOKMARK [3][-]{subsubsection.4.2.2}{\376\377\000E\000q\000u\000a\000t\000i\000o\000n\000s\000\040\000o\000f\000\040\000M\000o\000t\000i\000o\000n}{subsection.4.2}% 18
\BOOKMARK [3][-]{subsubsection.4.2.3}{\376\377\000M\000a\000t\000h\000i\000e\000u\000\040\000E\000q\000u\000a\000t\000i\000o\000n\000s}{subsection.4.2}% 19
\BOOKMARK [2][-]{subsection.4.3}{\376\377\000O\000r\000b\000i\000t\000r\000a\000p}{section.4}% 20
\BOOKMARK [3][-]{subsubsection.4.3.1}{\376\377\000P\000a\000r\000t\000i\000t\000i\000o\000n\000\040\000D\000e\000p\000t\000h\000\040\000F\000i\000e\000l\000d}{subsection.4.3}% 21
\BOOKMARK [3][-]{subsubsection.4.3.2}{\376\377\000A\000x\000i\000a\000l\000\040\000E\000q\000u\000a\000t\000i\000o\000n\000\040\000o\000f\000\040\000M\000o\000t\000i\000o\000n}{subsection.4.3}% 22
\BOOKMARK [2][-]{subsection.4.4}{\376\377\000F\000o\000u\000r\000i\000e\000r\000\040\000T\000r\000a\000n\000s\000f\000o\000r\000m\000\040\000I\000o\000n\000\040\000C\000y\000c\000l\000o\000t\000r\000o\000n\000\040\000R\000e\000s\000o\000n\000a\000n\000c\000e\000\040\000\050\000F\000T\000-\000I\000C\000R\000\051}{section.4}% 23
\BOOKMARK [3][-]{subsubsection.4.4.1}{\376\377\000P\000a\000r\000t\000i\000t\000i\000o\000n\000\040\000V\000e\000c\000t\000o\000r\000\040\000P\000o\000t\000e\000n\000t\000i\000a\000l}{subsection.4.4}% 24
\BOOKMARK [3][-]{subsubsection.4.4.2}{\376\377\000E\000q\000u\000a\000t\000i\000o\000n\000\040\000o\000f\000\040\000M\000o\000t\000i\000o\000n}{subsection.4.4}% 25
\BOOKMARK [3][-]{subsubsection.4.4.3}{\376\377\000C\000y\000c\000l\000o\000t\000r\000o\000n\000\040\000F\000r\000e\000q\000u\000e\000n\000c\000y}{subsection.4.4}% 26
\BOOKMARK [2][-]{subsection.4.5}{\376\377\000U\000n\000i\000f\000i\000e\000d\000\040\000S\000u\000m\000m\000a\000r\000y}{section.4}% 27
\BOOKMARK [1][-]{section.5}{\376\377\000S\000t\000a\000t\000e\000\040\000C\000o\000u\000n\000t\000i\000n\000g\000\040\000a\000n\000d\000\040\000T\000e\000m\000p\000o\000r\000a\000l\000\040\000E\000v\000o\000l\000u\000t\000i\000o\000n}{}% 28
\BOOKMARK [2][-]{subsection.5.1}{\376\377\000T\000h\000e\000\040\000F\000u\000n\000d\000a\000m\000e\000n\000t\000a\000l\000\040\000I\000d\000e\000n\000t\000i\000t\000y}{section.5}% 29
\BOOKMARK [2][-]{subsection.5.2}{\376\377\000S\000t\000a\000t\000e\000-\000M\000a\000s\000s\000\040\000C\000o\000r\000r\000e\000s\000p\000o\000n\000d\000e\000n\000c\000e}{section.5}% 30
\BOOKMARK [2][-]{subsection.5.3}{\376\377\000D\000i\000g\000i\000t\000a\000l\000\040\000N\000a\000t\000u\000r\000e\000\040\000o\000f\000\040\000M\000a\000s\000s\000\040\000S\000p\000e\000c\000t\000r\000o\000m\000e\000t\000r\000y}{section.5}% 31
\BOOKMARK [1][-]{section.6}{\376\377\000R\000e\000s\000o\000l\000u\000t\000i\000o\000n\000\040\000L\000i\000m\000i\000t\000s\000\040\000f\000r\000o\000m\000\040\000P\000a\000r\000t\000i\000t\000i\000o\000n\000\040\000U\000n\000c\000e\000r\000t\000a\000i\000n\000t\000y}{}% 32
\BOOKMARK [2][-]{subsection.6.1}{\376\377\000P\000a\000r\000t\000i\000t\000i\000o\000n\000\040\000U\000n\000c\000e\000r\000t\000a\000i\000n\000t\000y\000\040\000P\000r\000i\000n\000c\000i\000p\000l\000e}{section.6}% 33
\BOOKMARK [2][-]{subsection.6.2}{\376\377\000F\000u\000n\000d\000a\000m\000e\000n\000t\000a\000l\000\040\000R\000e\000s\000o\000l\000u\000t\000i\000o\000n\000\040\000L\000i\000m\000i\000t}{section.6}% 34
\BOOKMARK [2][-]{subsection.6.3}{\376\377\000I\000m\000p\000l\000i\000c\000a\000t\000i\000o\000n\000s\000\040\000f\000o\000r\000\040\000A\000n\000a\000l\000y\000z\000e\000r\000\040\000D\000e\000s\000i\000g\000n}{section.6}% 35
\BOOKMARK [1][-]{section.7}{\376\377\000O\000p\000t\000i\000m\000a\000l\000\040\000P\000a\000r\000t\000i\000t\000i\000o\000n\000\040\000T\000o\000p\000o\000l\000o\000g\000y\000:\000\040\000T\000h\000e\000\040\000P\000a\000r\000t\000i\000t\000i\000o\000n\000\040\000F\000u\000n\000n\000e\000l}{}% 36
\BOOKMARK [2][-]{subsection.7.1}{\376\377\000D\000i\000r\000e\000c\000t\000\040\000P\000a\000r\000t\000i\000t\000i\000o\000n\000\040\000D\000e\000s\000c\000e\000n\000t}{section.7}% 37
\BOOKMARK [2][-]{subsection.7.2}{\376\377\000E\000q\000u\000a\000t\000i\000o\000n\000\040\000o\000f\000\040\000M\000o\000t\000i\000o\000n\000\040\000i\000n\000\040\000t\000h\000e\000\040\000F\000u\000n\000n\000e\000l}{section.7}% 38
\BOOKMARK [2][-]{subsection.7.3}{\376\377\000P\000a\000r\000t\000i\000t\000i\000o\000n\000\040\000D\000a\000m\000p\000i\000n\000g}{section.7}% 39
\BOOKMARK [2][-]{subsection.7.4}{\376\377\000O\000v\000e\000r\000d\000a\000m\000p\000e\000d\000\040\000D\000e\000s\000c\000e\000n\000t}{section.7}% 40
\BOOKMARK [2][-]{subsection.7.5}{\376\377\000C\000o\000m\000p\000a\000r\000i\000s\000o\000n\000\040\000w\000i\000t\000h\000\040\000I\000o\000n\000\040\000F\000u\000n\000n\000e\000l\000s}{section.7}% 41
\BOOKMARK [1][-]{section.8}{\376\377\000E\000x\000p\000e\000r\000i\000m\000e\000n\000t\000a\000l\000\040\000V\000a\000l\000i\000d\000a\000t\000i\000o\000n}{}% 42
\BOOKMARK [2][-]{subsection.8.1}{\376\377\000V\000a\000l\000i\000d\000a\000t\000i\000o\000n\000\040\000M\000e\000t\000h\000o\000d\000o\000l\000o\000g\000y}{section.8}% 43
\BOOKMARK [2][-]{subsection.8.2}{\376\377\000N\000I\000S\000T\000\040\000G\000l\000y\000c\000a\000n\000\040\000L\000i\000b\000r\000a\000r\000y\000\040\000R\000e\000s\000u\000l\000t\000s}{section.8}% 44
\BOOKMARK [2][-]{subsection.8.3}{\376\377\000V\000a\000l\000i\000d\000a\000t\000i\000o\000n\000\040\000M\000e\000t\000r\000i\000c\000s}{section.8}% 45
\BOOKMARK [2][-]{subsection.8.4}{\376\377\000C\000a\000p\000a\000c\000i\000t\000y\000\040\000F\000o\000r\000m\000u\000l\000a\000\040\000V\000e\000r\000i\000f\000i\000c\000a\000t\000i\000o\000n}{section.8}% 46
\BOOKMARK [1][-]{section.9}{\376\377\000D\000i\000s\000c\000u\000s\000s\000i\000o\000n}{}% 47
\BOOKMARK [2][-]{subsection.9.1}{\376\377\000U\000n\000i\000f\000i\000c\000a\000t\000i\000o\000n\000\040\000o\000f\000\040\000A\000n\000a\000l\000y\000z\000e\000r\000\040\000P\000h\000y\000s\000i\000c\000s}{section.9}% 48
\BOOKMARK [2][-]{subsection.9.2}{\376\377\000M\000a\000s\000s\000\040\000S\000p\000e\000c\000t\000r\000o\000m\000e\000t\000r\000y\000\040\000a\000s\000\040\000S\000t\000a\000t\000e\000\040\000C\000o\000u\000n\000t\000i\000n\000g}{section.9}% 49
\BOOKMARK [2][-]{subsection.9.3}{\376\377\000R\000e\000s\000o\000l\000u\000t\000i\000o\000n\000\040\000a\000n\000d\000\040\000t\000h\000e\000\040\000Q\000u\000a\000n\000t\000u\000m\000\040\000L\000i\000m\000i\000t}{section.9}% 50
\BOOKMARK [2][-]{subsection.9.4}{\376\377\000I\000m\000p\000l\000i\000c\000a\000t\000i\000o\000n\000s\000\040\000f\000o\000r\000\040\000A\000n\000a\000l\000y\000z\000e\000r\000\040\000D\000e\000s\000i\000g\000n}{section.9}% 51
\BOOKMARK [2][-]{subsection.9.5}{\376\377\000O\000p\000e\000n\000\040\000Q\000u\000e\000s\000t\000i\000o\000n\000s}{section.9}% 52
\BOOKMARK [1][-]{section.10}{\376\377\000C\000o\000n\000c\000l\000u\000s\000i\000o\000n}{}% 53
